{"meta": {"format": 3, "version": "7.11.0", "timestamp": "2025-11-14T13:31:57.471570", "branch_coverage": false, "show_contexts": false}, "files": {"src\\__init__.py": {"executed_lines": [0], "summary": {"covered_lines": 0, "num_statements": 0, "percent_covered": 100.0, "percent_covered_display": "100", "missing_lines": 0, "excluded_lines": 0}, "missing_lines": [], "excluded_lines": [], "functions": {"": {"executed_lines": [], "summary": {"covered_lines": 0, "num_statements": 0, "percent_covered": 100.0, "percent_covered_display": "100", "missing_lines": 0, "excluded_lines": 0}, "missing_lines": [], "excluded_lines": []}}, "classes": {"": {"executed_lines": [], "summary": {"covered_lines": 0, "num_statements": 0, "percent_covered": 100.0, "percent_covered_display": "100", "missing_lines": 0, "excluded_lines": 0}, "missing_lines": [], "excluded_lines": []}}}, "src\\agents\\__init__.py": {"executed_lines": [1, 14, 15, 21, 22, 33, 34, 35, 36, 44, 46], "summary": {"covered_lines": 10, "num_statements": 10, "percent_covered": 100.0, "percent_covered_display": "100", "missing_lines": 0, "excluded_lines": 0}, "missing_lines": [], "excluded_lines": [], "functions": {"": {"executed_lines": [1, 14, 15, 21, 22, 33, 34, 35, 36, 44, 46], "summary": {"covered_lines": 10, "num_statements": 10, "percent_covered": 100.0, "percent_covered_display": "100", "missing_lines": 0, "excluded_lines": 0}, "missing_lines": [], "excluded_lines": []}}, "classes": {"": {"executed_lines": [1, 14, 15, 21, 22, 33, 34, 35, 36, 44, 46], "summary": {"covered_lines": 10, "num_statements": 10, "percent_covered": 100.0, "percent_covered_display": "100", "missing_lines": 0, "excluded_lines": 0}, "missing_lines": [], "excluded_lines": []}}}, "src\\agents\\action_agent.py": {"executed_lines": [1, 9, 10, 12, 13, 15, 16, 17, 18, 20, 23, 24, 35, 36, 37, 38, 39, 40, 43, 44, 58, 65, 66, 67, 68, 69, 71, 77, 80, 81, 82, 85, 86, 87, 88, 90, 92, 101, 104, 106, 107, 108, 109, 111, 112, 114, 116, 118, 128, 129, 131, 132, 134, 136, 138, 143, 144, 145, 148, 154, 155, 156, 162, 163, 164, 165, 172, 174, 183, 184, 185, 187, 188, 190, 192, 204, 207, 216, 218, 221, 229, 236, 238, 239, 246, 254, 260, 261, 263, 272, 273, 274, 276], "summary": {"covered_lines": 90, "num_statements": 90, "percent_covered": 100.0, "percent_covered_display": "100", "missing_lines": 0, "excluded_lines": 0}, "missing_lines": [], "excluded_lines": [], "functions": {"ActionAgent.__init__": {"executed_lines": [65, 66, 67, 68, 69], "summary": {"covered_lines": 5, "num_statements": 5, "percent_covered": 100.0, "percent_covered_display": "100", "missing_lines": 0, "excluded_lines": 0}, "missing_lines": [], "excluded_lines": []}, "ActionAgent._build_graph": {"executed_lines": [77, 80, 81, 82, 85, 86, 87, 88, 90], "summary": {"covered_lines": 9, "num_statements": 9, "percent_covered": 100.0, "percent_covered_display": "100", "missing_lines": 0, "excluded_lines": 0}, "missing_lines": [], "excluded_lines": []}, "ActionAgent._select_tool_node": {"executed_lines": [101, 104, 106, 107, 108, 109, 111, 112, 114, 116], "summary": {"covered_lines": 10, "num_statements": 10, "percent_covered": 100.0, "percent_covered_display": "100", "missing_lines": 0, "excluded_lines": 0}, "missing_lines": [], "excluded_lines": []}, "ActionAgent._execute_tool_node": {"executed_lines": [128, 129, 131, 132, 134, 136, 138, 143, 144, 145, 148, 154, 155, 156, 162, 163, 164, 165, 172], "summary": {"covered_lines": 19, "num_statements": 19, "percent_covered": 100.0, "percent_covered_display": "100", "missing_lines": 0, "excluded_lines": 0}, "missing_lines": [], "excluded_lines": []}, "ActionAgent._handle_result_node": {"executed_lines": [183, 184, 185, 187, 188, 190], "summary": {"covered_lines": 6, "num_statements": 6, "percent_covered": 100.0, "percent_covered_display": "100", "missing_lines": 0, "excluded_lines": 0}, "missing_lines": [], "excluded_lines": []}, "ActionAgent.execute": {"executed_lines": [204, 207, 216, 218, 221, 229, 236, 238, 239, 246], "summary": {"covered_lines": 10, "num_statements": 10, "percent_covered": 100.0, "percent_covered_display": "100", "missing_lines": 0, "excluded_lines": 0}, "missing_lines": [], "excluded_lines": []}, "ActionAgent.get_available_tools": {"executed_lines": [260, 261], "summary": {"covered_lines": 2, "num_statements": 2, "percent_covered": 100.0, "percent_covered_display": "100", "missing_lines": 0, "excluded_lines": 0}, "missing_lines": [], "excluded_lines": []}, "ActionAgent.get_tool_info": {"executed_lines": [272, 273, 274, 276], "summary": {"covered_lines": 4, "num_statements": 4, "percent_covered": 100.0, "percent_covered_display": "100", "missing_lines": 0, "excluded_lines": 0}, "missing_lines": [], "excluded_lines": []}, "": {"executed_lines": [1, 9, 10, 12, 13, 15, 16, 17, 18, 20, 23, 24, 35, 36, 37, 38, 39, 40, 43, 44, 58, 71, 92, 118, 174, 192, 254, 263], "summary": {"covered_lines": 25, "num_statements": 25, "percent_covered": 100.0, "percent_covered_display": "100", "missing_lines": 0, "excluded_lines": 0}, "missing_lines": [], "excluded_lines": []}}, "classes": {"ActionAgentState": {"executed_lines": [], "summary": {"covered_lines": 0, "num_statements": 0, "percent_covered": 100.0, "percent_covered_display": "100", "missing_lines": 0, "excluded_lines": 0}, "missing_lines": [], "excluded_lines": []}, "ActionAgent": {"executed_lines": [65, 66, 67, 68, 69, 77, 80, 81, 82, 85, 86, 87, 88, 90, 101, 104, 106, 107, 108, 109, 111, 112, 114, 116, 128, 129, 131, 132, 134, 136, 138, 143, 144, 145, 148, 154, 155, 156, 162, 163, 164, 165, 172, 183, 184, 185, 187, 188, 190, 204, 207, 216, 218, 221, 229, 236, 238, 239, 246, 260, 261, 272, 273, 274, 276], "summary": {"covered_lines": 65, "num_statements": 65, "percent_covered": 100.0, "percent_covered_display": "100", "missing_lines": 0, "excluded_lines": 0}, "missing_lines": [], "excluded_lines": []}, "": {"executed_lines": [1, 9, 10, 12, 13, 15, 16, 17, 18, 20, 23, 24, 35, 36, 37, 38, 39, 40, 43, 44, 58, 71, 92, 118, 174, 192, 254, 263], "summary": {"covered_lines": 25, "num_statements": 25, "percent_covered": 100.0, "percent_covered_display": "100", "missing_lines": 0, "excluded_lines": 0}, "missing_lines": [], "excluded_lines": []}}}, "src\\agents\\answer_generator.py": {"executed_lines": [1, 8, 10, 12, 13, 19, 20, 25, 28, 29, 39, 46, 47, 50, 52, 59, 75, 76, 122, 138, 147, 152, 167, 170, 177, 178, 179], "summary": {"covered_lines": 25, "num_statements": 49, "percent_covered": 51.02040816326531, "percent_covered_display": "51", "missing_lines": 24, "excluded_lines": 0}, "missing_lines": [79, 82, 83, 84, 86, 87, 90, 92, 94, 103, 104, 106, 116, 118, 119, 120, 131, 132, 133, 134, 135, 136, 162, 163], "excluded_lines": [], "functions": {"AnswerGenerator.__init__": {"executed_lines": [46, 47, 50, 52], "summary": {"covered_lines": 4, "num_statements": 4, "percent_covered": 100.0, "percent_covered_display": "100", "missing_lines": 0, "excluded_lines": 0}, "missing_lines": [], "excluded_lines": []}, "AnswerGenerator.generate_answer": {"executed_lines": [75, 76], "summary": {"covered_lines": 2, "num_statements": 18, "percent_covered": 11.11111111111111, "percent_covered_display": "11", "missing_lines": 16, "excluded_lines": 0}, "missing_lines": [79, 82, 83, 84, 86, 87, 90, 92, 94, 103, 104, 106, 116, 118, 119, 120], "excluded_lines": []}, "AnswerGenerator._format_contexts": {"executed_lines": [], "summary": {"covered_lines": 0, "num_statements": 6, "percent_covered": 0.0, "percent_covered_display": "0", "missing_lines": 6, "excluded_lines": 0}, "missing_lines": [131, 132, 133, 134, 135, 136], "excluded_lines": []}, "AnswerGenerator._no_context_answer": {"executed_lines": [147], "summary": {"covered_lines": 1, "num_statements": 1, "percent_covered": 100.0, "percent_covered_display": "100", "missing_lines": 0, "excluded_lines": 0}, "missing_lines": [], "excluded_lines": []}, "AnswerGenerator._fallback_answer": {"executed_lines": [], "summary": {"covered_lines": 0, "num_statements": 2, "percent_covered": 0.0, "percent_covered_display": "0", "missing_lines": 2, "excluded_lines": 0}, "missing_lines": [162, 163], "excluded_lines": []}, "get_answer_generator": {"executed_lines": [177, 178, 179], "summary": {"covered_lines": 3, "num_statements": 3, "percent_covered": 100.0, "percent_covered_display": "100", "missing_lines": 0, "excluded_lines": 0}, "missing_lines": [], "excluded_lines": []}, "": {"executed_lines": [1, 8, 10, 12, 13, 19, 20, 25, 28, 29, 39, 59, 122, 138, 152, 167, 170], "summary": {"covered_lines": 15, "num_statements": 15, "percent_covered": 100.0, "percent_covered_display": "100", "missing_lines": 0, "excluded_lines": 0}, "missing_lines": [], "excluded_lines": []}}, "classes": {"AnswerGenerator": {"executed_lines": [46, 47, 50, 52, 75, 76, 147], "summary": {"covered_lines": 7, "num_statements": 31, "percent_covered": 22.580645161290324, "percent_covered_display": "23", "missing_lines": 24, "excluded_lines": 0}, "missing_lines": [79, 82, 83, 84, 86, 87, 90, 92, 94, 103, 104, 106, 116, 118, 119, 120, 131, 132, 133, 134, 135, 136, 162, 163], "excluded_lines": []}, "": {"executed_lines": [1, 8, 10, 12, 13, 19, 20, 25, 28, 29, 39, 59, 122, 138, 152, 167, 170, 177, 178, 179], "summary": {"covered_lines": 18, "num_statements": 18, "percent_covered": 100.0, "percent_covered_display": "100", "missing_lines": 0, "excluded_lines": 0}, "missing_lines": [], "excluded_lines": []}}}, "src\\agents\\base_agent.py": {"executed_lines": [1, 9, 10, 11, 13, 15, 18, 19, 27, 33, 34, 36, 37, 54, 60, 62, 75, 76, 77, 79, 86, 87, 88, 89, 91, 92, 96, 98, 104, 106, 115, 117, 124, 126, 134, 138, 146, 147, 149], "summary": {"covered_lines": 37, "num_statements": 38, "percent_covered": 97.36842105263158, "percent_covered_display": "97", "missing_lines": 1, "excluded_lines": 0}, "missing_lines": [52], "excluded_lines": [], "functions": {"BaseAgent.__init__": {"executed_lines": [33, 34], "summary": {"covered_lines": 2, "num_statements": 2, "percent_covered": 100.0, "percent_covered_display": "100", "missing_lines": 0, "excluded_lines": 0}, "missing_lines": [], "excluded_lines": []}, "BaseAgent.process": {"executed_lines": [], "summary": {"covered_lines": 0, "num_statements": 1, "percent_covered": 0.0, "percent_covered_display": "0", "missing_lines": 1, "excluded_lines": 0}, "missing_lines": [52], "excluded_lines": []}, "BaseAgent.get_name": {"executed_lines": [60], "summary": {"covered_lines": 1, "num_statements": 1, "percent_covered": 100.0, "percent_covered_display": "100", "missing_lines": 0, "excluded_lines": 0}, "missing_lines": [], "excluded_lines": []}, "BaseAgent.handle_error": {"executed_lines": [75, 76, 77], "summary": {"covered_lines": 3, "num_statements": 3, "percent_covered": 100.0, "percent_covered_display": "100", "missing_lines": 0, "excluded_lines": 0}, "missing_lines": [], "excluded_lines": []}, "BaseAgent._add_trace": {"executed_lines": [86, 87, 88, 89, 91, 92, 96], "summary": {"covered_lines": 7, "num_statements": 7, "percent_covered": 100.0, "percent_covered_display": "100", "missing_lines": 0, "excluded_lines": 0}, "missing_lines": [], "excluded_lines": []}, "BaseAgent._measure_latency": {"executed_lines": [104], "summary": {"covered_lines": 1, "num_statements": 1, "percent_covered": 100.0, "percent_covered_display": "100", "missing_lines": 0, "excluded_lines": 0}, "missing_lines": [], "excluded_lines": []}, "BaseAgent._calculate_latency_ms": {"executed_lines": [115], "summary": {"covered_lines": 1, "num_statements": 1, "percent_covered": 100.0, "percent_covered_display": "100", "missing_lines": 0, "excluded_lines": 0}, "missing_lines": [], "excluded_lines": []}, "BaseAgent._log_success": {"executed_lines": [124], "summary": {"covered_lines": 1, "num_statements": 1, "percent_covered": 100.0, "percent_covered_display": "100", "missing_lines": 0, "excluded_lines": 0}, "missing_lines": [], "excluded_lines": []}, "BaseAgent._log_error": {"executed_lines": [134], "summary": {"covered_lines": 1, "num_statements": 1, "percent_covered": 100.0, "percent_covered_display": "100", "missing_lines": 0, "excluded_lines": 0}, "missing_lines": [], "excluded_lines": []}, "BaseAgent._set_error": {"executed_lines": [146, 147, 149], "summary": {"covered_lines": 3, "num_statements": 3, "percent_covered": 100.0, "percent_covered_display": "100", "missing_lines": 0, "excluded_lines": 0}, "missing_lines": [], "excluded_lines": []}, "": {"executed_lines": [1, 9, 10, 11, 13, 15, 18, 19, 27, 36, 37, 54, 62, 79, 98, 106, 117, 126, 138], "summary": {"covered_lines": 17, "num_statements": 17, "percent_covered": 100.0, "percent_covered_display": "100", "missing_lines": 0, "excluded_lines": 0}, "missing_lines": [], "excluded_lines": []}}, "classes": {"BaseAgent": {"executed_lines": [33, 34, 60, 75, 76, 77, 86, 87, 88, 89, 91, 92, 96, 104, 115, 124, 134, 146, 147, 149], "summary": {"covered_lines": 20, "num_statements": 21, "percent_covered": 95.23809523809524, "percent_covered_display": "95", "missing_lines": 1, "excluded_lines": 0}, "missing_lines": [52], "excluded_lines": []}, "": {"executed_lines": [1, 9, 10, 11, 13, 15, 18, 19, 27, 36, 37, 54, 62, 79, 98, 106, 117, 126, 138], "summary": {"covered_lines": 17, "num_statements": 17, "percent_covered": 100.0, "percent_covered_display": "100", "missing_lines": 0, "excluded_lines": 0}, "missing_lines": [], "excluded_lines": []}}}, "src\\agents\\checkpointer.py": {"executed_lines": [1, 11, 13, 14, 15, 16, 18, 20, 23, 24, 30, 44, 51, 53, 55, 58, 75, 82, 122, 159, 199, 221, 222, 227, 230, 246, 283], "summary": {"covered_lines": 25, "num_statements": 68, "percent_covered": 36.76470588235294, "percent_covered_display": "37", "missing_lines": 43, "excluded_lines": 0}, "missing_lines": [25, 26, 27, 100, 101, 103, 105, 111, 113, 114, 119, 139, 143, 148, 150, 151, 156, 176, 177, 183, 184, 185, 188, 190, 196, 211, 212, 213, 215, 218, 228, 236, 238, 241, 243, 258, 261, 262, 263, 265, 271, 273, 279], "excluded_lines": [], "functions": {"create_checkpointer": {"executed_lines": [44, 51, 53, 55], "summary": {"covered_lines": 4, "num_statements": 4, "percent_covered": 100.0, "percent_covered_display": "100", "missing_lines": 0, "excluded_lines": 0}, "missing_lines": [], "excluded_lines": []}, "create_thread_config": {"executed_lines": [75], "summary": {"covered_lines": 1, "num_statements": 1, "percent_covered": 100.0, "percent_covered_display": "100", "missing_lines": 0, "excluded_lines": 0}, "missing_lines": [], "excluded_lines": []}, "get_conversation_history": {"executed_lines": [], "summary": {"covered_lines": 0, "num_statements": 8, "percent_covered": 0.0, "percent_covered_display": "0", "missing_lines": 8, "excluded_lines": 0}, "missing_lines": [100, 101, 103, 105, 111, 113, 114, 119], "excluded_lines": []}, "clear_conversation_history": {"executed_lines": [], "summary": {"covered_lines": 0, "num_statements": 6, "percent_covered": 0.0, "percent_covered_display": "0", "missing_lines": 6, "excluded_lines": 0}, "missing_lines": [139, 143, 148, 150, 151, 156], "excluded_lines": []}, "get_redis_checkpointer": {"executed_lines": [], "summary": {"covered_lines": 0, "num_statements": 8, "percent_covered": 0.0, "percent_covered_display": "0", "missing_lines": 8, "excluded_lines": 0}, "missing_lines": [176, 177, 183, 184, 185, 188, 190, 196], "excluded_lines": []}, "get_checkpointer": {"executed_lines": [], "summary": {"covered_lines": 0, "num_statements": 5, "percent_covered": 0.0, "percent_covered_display": "0", "missing_lines": 5, "excluded_lines": 0}, "missing_lines": [211, 212, 213, 215, 218], "excluded_lines": []}, "RedisCheckpointSaver.__init__": {"executed_lines": [], "summary": {"covered_lines": 0, "num_statements": 1, "percent_covered": 0.0, "percent_covered_display": "0", "missing_lines": 1, "excluded_lines": 0}, "missing_lines": [228], "excluded_lines": []}, "RedisCheckpointSaver.aclose": {"executed_lines": [], "summary": {"covered_lines": 0, "num_statements": 4, "percent_covered": 0.0, "percent_covered_display": "0", "missing_lines": 4, "excluded_lines": 0}, "missing_lines": [236, 238, 241, 243], "excluded_lines": []}, "create_redis_checkpointer": {"executed_lines": [], "summary": {"covered_lines": 0, "num_statements": 8, "percent_covered": 0.0, "percent_covered_display": "0", "missing_lines": 8, "excluded_lines": 0}, "missing_lines": [258, 261, 262, 263, 265, 271, 273, 279], "excluded_lines": []}, "": {"executed_lines": [1, 11, 13, 14, 15, 16, 18, 20, 23, 24, 30, 58, 82, 122, 159, 199, 221, 222, 227, 230, 246, 283], "summary": {"covered_lines": 20, "num_statements": 23, "percent_covered": 86.95652173913044, "percent_covered_display": "87", "missing_lines": 3, "excluded_lines": 0}, "missing_lines": [25, 26, 27], "excluded_lines": []}}, "classes": {"RedisCheckpointSaver": {"executed_lines": [], "summary": {"covered_lines": 0, "num_statements": 5, "percent_covered": 0.0, "percent_covered_display": "0", "missing_lines": 5, "excluded_lines": 0}, "missing_lines": [228, 236, 238, 241, 243], "excluded_lines": []}, "": {"executed_lines": [1, 11, 13, 14, 15, 16, 18, 20, 23, 24, 30, 44, 51, 53, 55, 58, 75, 82, 122, 159, 199, 221, 222, 227, 230, 246, 283], "summary": {"covered_lines": 25, "num_statements": 63, "percent_covered": 39.682539682539684, "percent_covered_display": "40", "missing_lines": 38, "excluded_lines": 0}, "missing_lines": [25, 26, 27, 100, 101, 103, 105, 111, 113, 114, 119, 139, 143, 148, 150, 151, 156, 176, 177, 183, 184, 185, 188, 190, 196, 211, 212, 213, 215, 218, 258, 261, 262, 263, 265, 271, 273, 279], "excluded_lines": []}}}, "src\\agents\\coordinator.py": {"executed_lines": [1, 10, 11, 13, 14, 16, 17, 18, 19, 20, 21, 23, 26, 27, 40, 51, 52, 53, 56, 57, 58, 61, 63, 69, 70, 109, 111, 112, 120, 126, 127, 128, 129, 132, 138, 141, 144, 151, 153, 154, 158, 167, 169, 170, 172, 181, 182, 190, 192, 199, 201, 225, 227, 228, 236, 237, 241, 243, 244, 251, 260, 262, 270, 272, 285, 286, 291, 293, 294, 296, 297, 302, 304, 305, 310, 318, 321, 340, 341, 343, 347], "summary": {"covered_lines": 79, "num_statements": 82, "percent_covered": 96.34146341463415, "percent_covered_display": "96", "missing_lines": 3, "excluded_lines": 0}, "missing_lines": [142, 152, 191], "excluded_lines": [], "functions": {"CoordinatorAgent.__init__": {"executed_lines": [51, 52, 53, 56, 57, 58, 61, 63], "summary": {"covered_lines": 8, "num_statements": 8, "percent_covered": 100.0, "percent_covered_display": "100", "missing_lines": 0, "excluded_lines": 0}, "missing_lines": [], "excluded_lines": []}, "CoordinatorAgent.process_query": {"executed_lines": [109, 111, 112, 120, 126, 127, 128, 129, 132, 138, 141, 144, 151, 153, 154, 158, 167, 169, 170, 172, 181, 182, 190, 192, 199], "summary": {"covered_lines": 25, "num_statements": 28, "percent_covered": 89.28571428571429, "percent_covered_display": "89", "missing_lines": 3, "excluded_lines": 0}, "missing_lines": [142, 152, 191], "excluded_lines": []}, "CoordinatorAgent.process_multi_turn": {"executed_lines": [225, 227, 228, 236, 237, 241, 243, 244, 251, 260, 262, 270], "summary": {"covered_lines": 12, "num_statements": 12, "percent_covered": 100.0, "percent_covered_display": "100", "missing_lines": 0, "excluded_lines": 0}, "missing_lines": [], "excluded_lines": []}, "CoordinatorAgent.get_session_history": {"executed_lines": [285, 286, 291, 293, 294, 296, 297, 302, 304, 305, 310], "summary": {"covered_lines": 11, "num_statements": 11, "percent_covered": 100.0, "percent_covered_display": "100", "missing_lines": 0, "excluded_lines": 0}, "missing_lines": [], "excluded_lines": []}, "get_coordinator": {"executed_lines": [340, 341, 343], "summary": {"covered_lines": 3, "num_statements": 3, "percent_covered": 100.0, "percent_covered_display": "100", "missing_lines": 0, "excluded_lines": 0}, "missing_lines": [], "excluded_lines": []}, "": {"executed_lines": [1, 10, 11, 13, 14, 16, 17, 18, 19, 20, 21, 23, 26, 27, 40, 69, 70, 201, 272, 318, 321, 347], "summary": {"covered_lines": 20, "num_statements": 20, "percent_covered": 100.0, "percent_covered_display": "100", "missing_lines": 0, "excluded_lines": 0}, "missing_lines": [], "excluded_lines": []}}, "classes": {"CoordinatorAgent": {"executed_lines": [51, 52, 53, 56, 57, 58, 61, 63, 109, 111, 112, 120, 126, 127, 128, 129, 132, 138, 141, 144, 151, 153, 154, 158, 167, 169, 170, 172, 181, 182, 190, 192, 199, 225, 227, 228, 236, 237, 241, 243, 244, 251, 260, 262, 270, 285, 286, 291, 293, 294, 296, 297, 302, 304, 305, 310], "summary": {"covered_lines": 56, "num_statements": 59, "percent_covered": 94.91525423728814, "percent_covered_display": "95", "missing_lines": 3, "excluded_lines": 0}, "missing_lines": [142, 152, 191], "excluded_lines": []}, "": {"executed_lines": [1, 10, 11, 13, 14, 16, 17, 18, 19, 20, 21, 23, 26, 27, 40, 69, 70, 201, 272, 318, 321, 340, 341, 343, 347], "summary": {"covered_lines": 23, "num_statements": 23, "percent_covered": 100.0, "percent_covered_display": "100", "missing_lines": 0, "excluded_lines": 0}, "missing_lines": [], "excluded_lines": []}}}, "src\\agents\\error_handler.py": {"executed_lines": [1, 10, 12, 14, 22, 23, 29, 44, 45, 46, 47, 48, 50, 52, 53, 54, 55, 56, 57, 60, 61, 70, 73, 74, 84, 87, 88, 97, 100, 101, 109, 112, 113, 122, 130, 159, 160, 161, 164, 174, 175, 178, 187, 188, 189, 192, 195, 196, 197, 199, 202, 212, 220, 228, 229, 230, 231, 234, 235, 244, 247, 256, 257, 259, 260, 270, 281, 282, 283, 285, 289], "summary": {"covered_lines": 64, "num_statements": 64, "percent_covered": 100.0, "percent_covered_display": "100", "missing_lines": 0, "excluded_lines": 0}, "missing_lines": [], "excluded_lines": [], "functions": {"AgentExecutionError.__init__": {"executed_lines": [44, 45, 46, 47, 48], "summary": {"covered_lines": 5, "num_statements": 5, "percent_covered": 100.0, "percent_covered_display": "100", "missing_lines": 0, "excluded_lines": 0}, "missing_lines": [], "excluded_lines": []}, "AgentExecutionError.__str__": {"executed_lines": [52, 53, 54, 55, 56, 57], "summary": {"covered_lines": 6, "num_statements": 6, "percent_covered": 100.0, "percent_covered_display": "100", "missing_lines": 0, "excluded_lines": 0}, "missing_lines": [], "excluded_lines": []}, "handle_agent_error": {"executed_lines": [159, 160, 161, 164, 174, 175, 178, 187, 188, 189, 192, 195, 196, 197, 199], "summary": {"covered_lines": 15, "num_statements": 15, "percent_covered": 100.0, "percent_covered_display": "100", "missing_lines": 0, "excluded_lines": 0}, "missing_lines": [], "excluded_lines": []}, "_is_retryable_error": {"executed_lines": [212, 220, 228, 229, 230, 231, 234, 235, 244], "summary": {"covered_lines": 9, "num_statements": 9, "percent_covered": 100.0, "percent_covered_display": "100", "missing_lines": 0, "excluded_lines": 0}, "missing_lines": [], "excluded_lines": []}, "get_error_summary": {"executed_lines": [256, 257, 259, 260], "summary": {"covered_lines": 4, "num_statements": 4, "percent_covered": 100.0, "percent_covered_display": "100", "missing_lines": 0, "excluded_lines": 0}, "missing_lines": [], "excluded_lines": []}, "clear_errors": {"executed_lines": [281, 282, 283, 285], "summary": {"covered_lines": 4, "num_statements": 4, "percent_covered": 100.0, "percent_covered_display": "100", "missing_lines": 0, "excluded_lines": 0}, "missing_lines": [], "excluded_lines": []}, "": {"executed_lines": [1, 10, 12, 14, 22, 23, 29, 50, 60, 61, 70, 73, 74, 84, 87, 88, 97, 100, 101, 109, 112, 113, 122, 130, 202, 247, 270, 289], "summary": {"covered_lines": 21, "num_statements": 21, "percent_covered": 100.0, "percent_covered_display": "100", "missing_lines": 0, "excluded_lines": 0}, "missing_lines": [], "excluded_lines": []}}, "classes": {"AgentExecutionError": {"executed_lines": [44, 45, 46, 47, 48, 52, 53, 54, 55, 56, 57], "summary": {"covered_lines": 11, "num_statements": 11, "percent_covered": 100.0, "percent_covered_display": "100", "missing_lines": 0, "excluded_lines": 0}, "missing_lines": [], "excluded_lines": []}, "RetrievalError": {"executed_lines": [], "summary": {"covered_lines": 0, "num_statements": 0, "percent_covered": 100.0, "percent_covered_display": "100", "missing_lines": 0, "excluded_lines": 0}, "missing_lines": [], "excluded_lines": []}, "LLMError": {"executed_lines": [], "summary": {"covered_lines": 0, "num_statements": 0, "percent_covered": 100.0, "percent_covered_display": "100", "missing_lines": 0, "excluded_lines": 0}, "missing_lines": [], "excluded_lines": []}, "StateError": {"executed_lines": [], "summary": {"covered_lines": 0, "num_statements": 0, "percent_covered": 100.0, "percent_covered_display": "100", "missing_lines": 0, "excluded_lines": 0}, "missing_lines": [], "excluded_lines": []}, "RouterError": {"executed_lines": [], "summary": {"covered_lines": 0, "num_statements": 0, "percent_covered": 100.0, "percent_covered_display": "100", "missing_lines": 0, "excluded_lines": 0}, "missing_lines": [], "excluded_lines": []}, "TimeoutError": {"executed_lines": [], "summary": {"covered_lines": 0, "num_statements": 0, "percent_covered": 100.0, "percent_covered_display": "100", "missing_lines": 0, "excluded_lines": 0}, "missing_lines": [], "excluded_lines": []}, "": {"executed_lines": [1, 10, 12, 14, 22, 23, 29, 50, 60, 61, 70, 73, 74, 84, 87, 88, 97, 100, 101, 109, 112, 113, 122, 130, 159, 160, 161, 164, 174, 175, 178, 187, 188, 189, 192, 195, 196, 197, 199, 202, 212, 220, 228, 229, 230, 231, 234, 235, 244, 247, 256, 257, 259, 260, 270, 281, 282, 283, 285, 289], "summary": {"covered_lines": 53, "num_statements": 53, "percent_covered": 100.0, "percent_covered_display": "100", "missing_lines": 0, "excluded_lines": 0}, "missing_lines": [], "excluded_lines": []}}}, "src\\agents\\graph.py": {"executed_lines": [1, 11, 13, 14, 16, 17, 18, 19, 20, 22, 25, 37, 44, 45, 46, 47, 49, 52, 54, 57, 69, 71, 72, 74, 77, 78, 81, 84, 87, 89, 91, 94, 108, 109, 111, 114, 115, 116, 119, 124, 125, 128, 144, 147, 150, 153, 156, 159, 162, 165, 168, 180, 183, 186, 189, 191, 195, 198, 215, 220, 223, 224, 225, 227, 228, 230, 233, 283], "summary": {"covered_lines": 67, "num_statements": 76, "percent_covered": 88.15789473684211, "percent_covered_display": "88", "missing_lines": 9, "excluded_lines": 0}, "missing_lines": [82, 120, 121, 258, 267, 270, 271, 273, 279], "excluded_lines": [], "functions": {"router_node": {"executed_lines": [37, 44, 45, 46, 47, 49, 52, 54], "summary": {"covered_lines": 8, "num_statements": 8, "percent_covered": 100.0, "percent_covered_display": "100", "missing_lines": 0, "excluded_lines": 0}, "missing_lines": [], "excluded_lines": []}, "llm_answer_node": {"executed_lines": [69, 71, 72, 74, 77, 78, 81, 84, 87, 89, 91], "summary": {"covered_lines": 11, "num_statements": 12, "percent_covered": 91.66666666666667, "percent_covered_display": "92", "missing_lines": 1, "excluded_lines": 0}, "missing_lines": [82], "excluded_lines": []}, "route_query": {"executed_lines": [108, 109, 111, 114, 115, 116, 119, 124, 125], "summary": {"covered_lines": 9, "num_statements": 11, "percent_covered": 81.81818181818181, "percent_covered_display": "82", "missing_lines": 2, "excluded_lines": 0}, "missing_lines": [120, 121], "excluded_lines": []}, "create_base_graph": {"executed_lines": [144, 147, 150, 153, 156, 159, 162, 165, 168, 180, 183, 186, 189, 191, 195], "summary": {"covered_lines": 15, "num_statements": 15, "percent_covered": 100.0, "percent_covered_display": "100", "missing_lines": 0, "excluded_lines": 0}, "missing_lines": [], "excluded_lines": []}, "compile_graph": {"executed_lines": [215, 220, 223, 224, 225, 227, 228, 230], "summary": {"covered_lines": 8, "num_statements": 8, "percent_covered": 100.0, "percent_covered_display": "100", "missing_lines": 0, "excluded_lines": 0}, "missing_lines": [], "excluded_lines": []}, "invoke_graph": {"executed_lines": [], "summary": {"covered_lines": 0, "num_statements": 6, "percent_covered": 0.0, "percent_covered_display": "0", "missing_lines": 6, "excluded_lines": 0}, "missing_lines": [258, 267, 270, 271, 273, 279], "excluded_lines": []}, "": {"executed_lines": [1, 11, 13, 14, 16, 17, 18, 19, 20, 22, 25, 57, 94, 128, 198, 233, 283], "summary": {"covered_lines": 16, "num_statements": 16, "percent_covered": 100.0, "percent_covered_display": "100", "missing_lines": 0, "excluded_lines": 0}, "missing_lines": [], "excluded_lines": []}}, "classes": {"": {"executed_lines": [1, 11, 13, 14, 16, 17, 18, 19, 20, 22, 25, 37, 44, 45, 46, 47, 49, 52, 54, 57, 69, 71, 72, 74, 77, 78, 81, 84, 87, 89, 91, 94, 108, 109, 111, 114, 115, 116, 119, 124, 125, 128, 144, 147, 150, 153, 156, 159, 162, 165, 168, 180, 183, 186, 189, 191, 195, 198, 215, 220, 223, 224, 225, 227, 228, 230, 233, 283], "summary": {"covered_lines": 67, "num_statements": 76, "percent_covered": 88.15789473684211, "percent_covered_display": "88", "missing_lines": 9, "excluded_lines": 0}, "missing_lines": [82, 120, 121, 258, 267, 270, 271, 273, 279], "excluded_lines": []}}}, "src\\agents\\graph_query_agent.py": {"executed_lines": [1, 10, 12, 14, 15, 17, 19, 24, 33, 35, 38, 63, 66, 80, 95, 96, 97, 103, 106, 107, 108, 114, 117, 123, 126, 127, 143, 154, 155, 157, 162, 163, 182, 185, 186, 187, 188, 190, 197, 199, 201, 203, 210, 212, 214, 215, 225, 227, 230, 242, 245, 248, 249, 250, 251, 252, 253, 254, 258, 259, 268, 269, 270, 271, 272, 279, 298, 299, 300, 301, 314, 317, 318, 319, 322, 325, 334, 344, 346, 348, 349, 356, 364, 381, 388, 391, 393, 401, 405], "summary": {"covered_lines": 87, "num_statements": 100, "percent_covered": 87.0, "percent_covered_display": "87", "missing_lines": 13, "excluded_lines": 0}, "missing_lines": [25, 27, 256, 260, 261, 262, 263, 264, 266, 273, 274, 276, 323], "excluded_lines": [], "functions": {"classify_search_mode": {"executed_lines": [63, 66, 80, 95, 96, 97, 103, 106, 107, 108, 114, 117, 123], "summary": {"covered_lines": 13, "num_statements": 13, "percent_covered": 100.0, "percent_covered_display": "100", "missing_lines": 0, "excluded_lines": 0}, "missing_lines": [], "excluded_lines": []}, "GraphQueryAgent.__init__": {"executed_lines": [154, 155, 157], "summary": {"covered_lines": 3, "num_statements": 3, "percent_covered": 100.0, "percent_covered_display": "100", "missing_lines": 0, "excluded_lines": 0}, "missing_lines": [], "excluded_lines": []}, "GraphQueryAgent.process": {"executed_lines": [182, 185, 186, 187, 188, 190, 197, 199, 201, 203, 210, 212, 214, 215, 225, 227, 230, 242, 245, 248, 249, 250, 251, 252, 253, 254, 258, 259, 268, 269, 270, 271, 272, 279, 298, 299, 300, 301, 314, 317, 318, 319, 322, 325, 334, 344, 346, 348, 349, 356], "summary": {"covered_lines": 50, "num_statements": 61, "percent_covered": 81.9672131147541, "percent_covered_display": "82", "missing_lines": 11, "excluded_lines": 0}, "missing_lines": [256, 260, 261, 262, 263, 264, 266, 273, 274, 276, 323], "excluded_lines": []}, "graph_query_node": {"executed_lines": [381, 388, 391, 393, 401], "summary": {"covered_lines": 5, "num_statements": 5, "percent_covered": 100.0, "percent_covered_display": "100", "missing_lines": 0, "excluded_lines": 0}, "missing_lines": [], "excluded_lines": []}, "": {"executed_lines": [1, 10, 12, 14, 15, 17, 19, 24, 33, 35, 38, 126, 127, 143, 162, 163, 364, 405], "summary": {"covered_lines": 16, "num_statements": 18, "percent_covered": 88.88888888888889, "percent_covered_display": "89", "missing_lines": 2, "excluded_lines": 0}, "missing_lines": [25, 27], "excluded_lines": []}}, "classes": {"GraphQueryAgent": {"executed_lines": [154, 155, 157, 182, 185, 186, 187, 188, 190, 197, 199, 201, 203, 210, 212, 214, 215, 225, 227, 230, 242, 245, 248, 249, 250, 251, 252, 253, 254, 258, 259, 268, 269, 270, 271, 272, 279, 298, 299, 300, 301, 314, 317, 318, 319, 322, 325, 334, 344, 346, 348, 349, 356], "summary": {"covered_lines": 53, "num_statements": 64, "percent_covered": 82.8125, "percent_covered_display": "83", "missing_lines": 11, "excluded_lines": 0}, "missing_lines": [256, 260, 261, 262, 263, 264, 266, 273, 274, 276, 323], "excluded_lines": []}, "": {"executed_lines": [1, 10, 12, 14, 15, 17, 19, 24, 33, 35, 38, 63, 66, 80, 95, 96, 97, 103, 106, 107, 108, 114, 117, 123, 126, 127, 143, 162, 163, 364, 381, 388, 391, 393, 401, 405], "summary": {"covered_lines": 34, "num_statements": 36, "percent_covered": 94.44444444444444, "percent_covered_display": "94", "missing_lines": 2, "excluded_lines": 0}, "missing_lines": [25, 27], "excluded_lines": []}}}, "src\\agents\\memory_agent.py": {"executed_lines": [1, 10, 12, 14, 15, 18, 19, 39, 42, 43, 59, 78, 79, 241, 285], "summary": {"covered_lines": 13, "num_statements": 66, "percent_covered": 19.696969696969695, "percent_covered_display": "20", "missing_lines": 53, "excluded_lines": 0}, "missing_lines": [20, 22, 25, 32, 34, 36, 70, 71, 73, 98, 101, 102, 103, 104, 106, 113, 115, 117, 120, 124, 131, 134, 135, 137, 138, 140, 142, 143, 159, 170, 173, 176, 177, 178, 181, 182, 184, 194, 197, 205, 207, 209, 211, 213, 221, 222, 224, 233, 258, 265, 268, 270, 281], "excluded_lines": [], "functions": {"MemoryAgent.__init__": {"executed_lines": [], "summary": {"covered_lines": 0, "num_statements": 3, "percent_covered": 0.0, "percent_covered_display": "0", "missing_lines": 3, "excluded_lines": 0}, "missing_lines": [70, 71, 73], "excluded_lines": []}, "MemoryAgent.process": {"executed_lines": [], "summary": {"covered_lines": 0, "num_statements": 39, "percent_covered": 0.0, "percent_covered_display": "0", "missing_lines": 39, "excluded_lines": 0}, "missing_lines": [98, 101, 102, 103, 104, 106, 113, 115, 117, 120, 124, 131, 134, 135, 137, 138, 140, 142, 143, 159, 170, 173, 176, 177, 178, 181, 182, 184, 194, 197, 205, 207, 209, 211, 213, 221, 222, 224, 233], "excluded_lines": []}, "memory_node": {"executed_lines": [], "summary": {"covered_lines": 0, "num_statements": 5, "percent_covered": 0.0, "percent_covered_display": "0", "missing_lines": 5, "excluded_lines": 0}, "missing_lines": [258, 265, 268, 270, 281], "excluded_lines": []}, "": {"executed_lines": [1, 10, 12, 14, 15, 18, 19, 39, 42, 43, 59, 78, 79, 241, 285], "summary": {"covered_lines": 13, "num_statements": 19, "percent_covered": 68.42105263157895, "percent_covered_display": "68", "missing_lines": 6, "excluded_lines": 0}, "missing_lines": [20, 22, 25, 32, 34, 36], "excluded_lines": []}}, "classes": {"MemoryAgent": {"executed_lines": [], "summary": {"covered_lines": 0, "num_statements": 42, "percent_covered": 0.0, "percent_covered_display": "0", "missing_lines": 42, "excluded_lines": 0}, "missing_lines": [70, 71, 73, 98, 101, 102, 103, 104, 106, 113, 115, 117, 120, 124, 131, 134, 135, 137, 138, 140, 142, 143, 159, 170, 173, 176, 177, 178, 181, 182, 184, 194, 197, 205, 207, 209, 211, 213, 221, 222, 224, 233], "excluded_lines": []}, "": {"executed_lines": [1, 10, 12, 14, 15, 18, 19, 39, 42, 43, 59, 78, 79, 241, 285], "summary": {"covered_lines": 13, "num_statements": 24, "percent_covered": 54.166666666666664, "percent_covered_display": "54", "missing_lines": 11, "excluded_lines": 0}, "missing_lines": [20, 22, 25, 32, 34, 36, 258, 265, 268, 270, 281], "excluded_lines": []}}}, "src\\agents\\retry.py": {"executed_lines": [1, 9, 10, 11, 12, 14, 15, 16, 24, 26, 29, 37, 43, 44, 61, 88, 89, 90, 110, 111, 113, 114, 134, 138, 139, 143, 146, 168, 169, 170, 171, 172, 173, 174, 180, 182, 183, 196, 197, 201, 209, 236, 238, 239, 240, 246, 247, 248, 253, 255, 256, 257, 265, 267, 269, 270, 272, 280, 281, 288], "summary": {"covered_lines": 59, "num_statements": 68, "percent_covered": 86.76470588235294, "percent_covered_display": "87", "missing_lines": 9, "excluded_lines": 1}, "missing_lines": [135, 141, 184, 185, 186, 187, 193, 199, 284], "excluded_lines": [67], "functions": {"log_retry_attempt": {"executed_lines": [43, 44], "summary": {"covered_lines": 2, "num_statements": 2, "percent_covered": 100.0, "percent_covered_display": "100", "missing_lines": 0, "excluded_lines": 0}, "missing_lines": [], "excluded_lines": []}, "retry_on_failure": {"executed_lines": [88, 89, 90, 143], "summary": {"covered_lines": 4, "num_statements": 4, "percent_covered": 100.0, "percent_covered_display": "100", "missing_lines": 0, "excluded_lines": 1}, "missing_lines": [], "excluded_lines": [67]}, "retry_on_failure.decorator": {"executed_lines": [110, 113, 114, 134, 138, 139], "summary": {"covered_lines": 6, "num_statements": 7, "percent_covered": 85.71428571428571, "percent_covered_display": "86", "missing_lines": 1, "excluded_lines": 0}, "missing_lines": [141], "excluded_lines": []}, "retry_on_failure.decorator.async_wrapper": {"executed_lines": [111], "summary": {"covered_lines": 1, "num_statements": 1, "percent_covered": 100.0, "percent_covered_display": "100", "missing_lines": 0, "excluded_lines": 0}, "missing_lines": [], "excluded_lines": []}, "retry_on_failure.decorator.sync_wrapper": {"executed_lines": [], "summary": {"covered_lines": 0, "num_statements": 1, "percent_covered": 0.0, "percent_covered_display": "0", "missing_lines": 1, "excluded_lines": 0}, "missing_lines": [135], "excluded_lines": []}, "retry_with_fallback": {"executed_lines": [168, 169, 201], "summary": {"covered_lines": 3, "num_statements": 3, "percent_covered": 100.0, "percent_covered_display": "100", "missing_lines": 0, "excluded_lines": 0}, "missing_lines": [], "excluded_lines": []}, "retry_with_fallback.decorator": {"executed_lines": [170, 182, 183, 196, 197], "summary": {"covered_lines": 5, "num_statements": 6, "percent_covered": 83.33333333333333, "percent_covered_display": "83", "missing_lines": 1, "excluded_lines": 0}, "missing_lines": [199], "excluded_lines": []}, "retry_with_fallback.decorator.async_wrapper": {"executed_lines": [171, 172, 173, 174, 180], "summary": {"covered_lines": 5, "num_statements": 5, "percent_covered": 100.0, "percent_covered_display": "100", "missing_lines": 0, "excluded_lines": 0}, "missing_lines": [], "excluded_lines": []}, "retry_with_fallback.decorator.sync_wrapper": {"executed_lines": [], "summary": {"covered_lines": 0, "num_statements": 5, "percent_covered": 0.0, "percent_covered_display": "0", "missing_lines": 5, "excluded_lines": 0}, "missing_lines": [184, 185, 186, 187, 193], "excluded_lines": []}, "retry_async_operation": {"executed_lines": [236, 238, 239, 240, 246, 247, 248, 253, 255, 256, 257, 265, 267, 269, 270, 272, 280, 281], "summary": {"covered_lines": 18, "num_statements": 19, "percent_covered": 94.73684210526316, "percent_covered_display": "95", "missing_lines": 1, "excluded_lines": 0}, "missing_lines": [284], "excluded_lines": []}, "": {"executed_lines": [1, 9, 10, 11, 12, 14, 15, 16, 24, 26, 29, 37, 61, 146, 209, 288], "summary": {"covered_lines": 15, "num_statements": 15, "percent_covered": 100.0, "percent_covered_display": "100", "missing_lines": 0, "excluded_lines": 0}, "missing_lines": [], "excluded_lines": []}}, "classes": {"": {"executed_lines": [1, 9, 10, 11, 12, 14, 15, 16, 24, 26, 29, 37, 43, 44, 61, 88, 89, 90, 110, 111, 113, 114, 134, 138, 139, 143, 146, 168, 169, 170, 171, 172, 173, 174, 180, 182, 183, 196, 197, 201, 209, 236, 238, 239, 240, 246, 247, 248, 253, 255, 256, 257, 265, 267, 269, 270, 272, 280, 281, 288], "summary": {"covered_lines": 59, "num_statements": 68, "percent_covered": 86.76470588235294, "percent_covered_display": "87", "missing_lines": 9, "excluded_lines": 1}, "missing_lines": [135, 141, 184, 185, 186, 187, 193, 199, 284], "excluded_lines": [67]}}}, "src\\agents\\router.py": {"executed_lines": [1, 9, 10, 11, 13, 14, 21, 22, 28, 29, 31, 34, 35, 37, 38, 39, 40, 41, 44, 45, 47, 66, 67, 68, 69, 70, 73, 75, 82, 95, 98, 99, 100, 101, 104, 105, 106, 118, 123, 125, 131, 146, 148, 150, 157, 168, 171, 174, 176, 185, 187, 188, 195, 199, 202, 209, 210, 211, 214, 226, 228, 230, 232, 235, 238, 239, 242, 243, 244, 245, 247, 248, 250, 256, 258, 259, 266, 267, 268, 270, 274], "summary": {"covered_lines": 78, "num_statements": 85, "percent_covered": 91.76470588235294, "percent_covered_display": "92", "missing_lines": 7, "excluded_lines": 0}, "missing_lines": [107, 108, 109, 110, 113, 114, 115], "excluded_lines": [], "functions": {"IntentClassifier.__init__": {"executed_lines": [66, 67, 68, 69, 70, 73, 75], "summary": {"covered_lines": 7, "num_statements": 7, "percent_covered": 100.0, "percent_covered_display": "100", "missing_lines": 0, "excluded_lines": 0}, "missing_lines": [], "excluded_lines": []}, "IntentClassifier._parse_intent": {"executed_lines": [95, 98, 99, 100, 101, 104, 105, 106, 118, 123], "summary": {"covered_lines": 10, "num_statements": 17, "percent_covered": 58.8235294117647, "percent_covered_display": "59", "missing_lines": 7, "excluded_lines": 0}, "missing_lines": [107, 108, 109, 110, 113, 114, 115], "excluded_lines": []}, "IntentClassifier.classify_intent": {"executed_lines": [146, 148, 150, 157, 168, 171, 174, 176, 185, 187, 188, 195], "summary": {"covered_lines": 12, "num_statements": 12, "percent_covered": 100.0, "percent_covered_display": "100", "missing_lines": 0, "excluded_lines": 0}, "missing_lines": [], "excluded_lines": []}, "get_classifier": {"executed_lines": [209, 210, 211], "summary": {"covered_lines": 3, "num_statements": 3, "percent_covered": 100.0, "percent_covered_display": "100", "missing_lines": 0, "excluded_lines": 0}, "missing_lines": [], "excluded_lines": []}, "route_query": {"executed_lines": [226, 228, 230, 232, 235, 238, 239, 242, 243, 244, 245, 247, 248, 250, 256, 258, 259, 266, 267, 268, 270], "summary": {"covered_lines": 21, "num_statements": 21, "percent_covered": 100.0, "percent_covered_display": "100", "missing_lines": 0, "excluded_lines": 0}, "missing_lines": [], "excluded_lines": []}, "": {"executed_lines": [1, 9, 10, 11, 13, 14, 21, 22, 28, 29, 31, 34, 35, 37, 38, 39, 40, 41, 44, 45, 47, 82, 125, 131, 199, 202, 214, 274], "summary": {"covered_lines": 25, "num_statements": 25, "percent_covered": 100.0, "percent_covered_display": "100", "missing_lines": 0, "excluded_lines": 0}, "missing_lines": [], "excluded_lines": []}}, "classes": {"QueryIntent": {"executed_lines": [], "summary": {"covered_lines": 0, "num_statements": 0, "percent_covered": 100.0, "percent_covered_display": "100", "missing_lines": 0, "excluded_lines": 0}, "missing_lines": [], "excluded_lines": []}, "IntentClassifier": {"executed_lines": [66, 67, 68, 69, 70, 73, 75, 95, 98, 99, 100, 101, 104, 105, 106, 118, 123, 146, 148, 150, 157, 168, 171, 174, 176, 185, 187, 188, 195], "summary": {"covered_lines": 29, "num_statements": 36, "percent_covered": 80.55555555555556, "percent_covered_display": "81", "missing_lines": 7, "excluded_lines": 0}, "missing_lines": [107, 108, 109, 110, 113, 114, 115], "excluded_lines": []}, "": {"executed_lines": [1, 9, 10, 11, 13, 14, 21, 22, 28, 29, 31, 34, 35, 37, 38, 39, 40, 41, 44, 45, 47, 82, 125, 131, 199, 202, 209, 210, 211, 214, 226, 228, 230, 232, 235, 238, 239, 242, 243, 244, 245, 247, 248, 250, 256, 258, 259, 266, 267, 268, 270, 274], "summary": {"covered_lines": 49, "num_statements": 49, "percent_covered": 100.0, "percent_covered_display": "100", "missing_lines": 0, "excluded_lines": 0}, "missing_lines": [], "excluded_lines": []}}}, "src\\agents\\state.py": {"executed_lines": [1, 10, 11, 13, 14, 17, 18, 20, 21, 22, 23, 24, 25, 26, 29, 32, 33, 35, 36, 37, 40, 41, 42, 43, 46, 47, 65, 66, 70, 74, 78, 82, 86, 92, 93, 103, 107, 112, 117, 121, 127, 137, 150, 165, 166, 168, 169, 172, 173, 176, 178], "summary": {"covered_lines": 46, "num_statements": 46, "percent_covered": 100.0, "percent_covered_display": "100", "missing_lines": 0, "excluded_lines": 0}, "missing_lines": [], "excluded_lines": [], "functions": {"create_initial_state": {"executed_lines": [137], "summary": {"covered_lines": 1, "num_statements": 1, "percent_covered": 100.0, "percent_covered_display": "100", "missing_lines": 0, "excluded_lines": 0}, "missing_lines": [], "excluded_lines": []}, "update_state_metadata": {"executed_lines": [165, 166, 168, 169, 172, 173, 176, 178], "summary": {"covered_lines": 8, "num_statements": 8, "percent_covered": 100.0, "percent_covered_display": "100", "missing_lines": 0, "excluded_lines": 0}, "missing_lines": [], "excluded_lines": []}, "": {"executed_lines": [1, 10, 11, 13, 14, 17, 18, 20, 21, 22, 23, 24, 25, 26, 29, 32, 33, 35, 36, 37, 40, 41, 42, 43, 46, 47, 65, 66, 70, 74, 78, 82, 86, 92, 93, 103, 107, 112, 117, 121, 127, 150], "summary": {"covered_lines": 37, "num_statements": 37, "percent_covered": 100.0, "percent_covered_display": "100", "missing_lines": 0, "excluded_lines": 0}, "missing_lines": [], "excluded_lines": []}}, "classes": {"RetrievedContext": {"executed_lines": [], "summary": {"covered_lines": 0, "num_statements": 0, "percent_covered": 100.0, "percent_covered_display": "100", "missing_lines": 0, "excluded_lines": 0}, "missing_lines": [], "excluded_lines": []}, "SearchMetadata": {"executed_lines": [], "summary": {"covered_lines": 0, "num_statements": 0, "percent_covered": 100.0, "percent_covered_display": "100", "missing_lines": 0, "excluded_lines": 0}, "missing_lines": [], "excluded_lines": []}, "AgentState": {"executed_lines": [], "summary": {"covered_lines": 0, "num_statements": 0, "percent_covered": 100.0, "percent_covered_display": "100", "missing_lines": 0, "excluded_lines": 0}, "missing_lines": [], "excluded_lines": []}, "QueryMetadata": {"executed_lines": [], "summary": {"covered_lines": 0, "num_statements": 0, "percent_covered": 100.0, "percent_covered_display": "100", "missing_lines": 0, "excluded_lines": 0}, "missing_lines": [], "excluded_lines": []}, "": {"executed_lines": [1, 10, 11, 13, 14, 17, 18, 20, 21, 22, 23, 24, 25, 26, 29, 32, 33, 35, 36, 37, 40, 41, 42, 43, 46, 47, 65, 66, 70, 74, 78, 82, 86, 92, 93, 103, 107, 112, 117, 121, 127, 137, 150, 165, 166, 168, 169, 172, 173, 176, 178], "summary": {"covered_lines": 46, "num_statements": 46, "percent_covered": 100.0, "percent_covered_display": "100", "missing_lines": 0, "excluded_lines": 0}, "missing_lines": [], "excluded_lines": []}}}, "src\\agents\\tool_selector.py": {"executed_lines": [1, 9, 10, 11, 13, 16, 17, 23, 29, 30, 33, 43, 53, 55, 56, 57, 59, 62, 64, 66, 67, 68, 74, 94, 103, 104, 105, 108, 119, 129, 131, 132, 133, 134, 138, 158, 185], "summary": {"covered_lines": 35, "num_statements": 72, "percent_covered": 48.611111111111114, "percent_covered_display": "49", "missing_lines": 37, "excluded_lines": 0}, "missing_lines": [77, 78, 79, 84, 87, 92, 106, 136, 149, 151, 152, 153, 154, 156, 168, 170, 171, 173, 176, 177, 178, 179, 182, 183, 195, 197, 198, 201, 202, 205, 206, 207, 208, 211, 212, 215, 217], "excluded_lines": [], "functions": {"ToolSelector.__init__": {"executed_lines": [29, 30, 33], "summary": {"covered_lines": 3, "num_statements": 3, "percent_covered": 100.0, "percent_covered_display": "100", "missing_lines": 0, "excluded_lines": 0}, "missing_lines": [], "excluded_lines": []}, "ToolSelector.select_tool": {"executed_lines": [53, 55, 56, 57, 59, 62, 64, 66, 67, 68, 74], "summary": {"covered_lines": 11, "num_statements": 17, "percent_covered": 64.70588235294117, "percent_covered_display": "65", "missing_lines": 6, "excluded_lines": 0}, "missing_lines": [77, 78, 79, 84, 87, 92], "excluded_lines": []}, "ToolSelector._match_action_category": {"executed_lines": [103, 104, 105], "summary": {"covered_lines": 3, "num_statements": 4, "percent_covered": 75.0, "percent_covered_display": "75", "missing_lines": 1, "excluded_lines": 0}, "missing_lines": [106], "excluded_lines": []}, "ToolSelector._find_tool_by_category": {"executed_lines": [119, 129, 131, 132, 133, 134], "summary": {"covered_lines": 6, "num_statements": 7, "percent_covered": 85.71428571428571, "percent_covered_display": "86", "missing_lines": 1, "excluded_lines": 0}, "missing_lines": [136], "excluded_lines": []}, "ToolSelector._find_tool_by_direct_match": {"executed_lines": [], "summary": {"covered_lines": 0, "num_statements": 6, "percent_covered": 0.0, "percent_covered_display": "0", "missing_lines": 6, "excluded_lines": 0}, "missing_lines": [149, 151, 152, 153, 154, 156], "excluded_lines": []}, "ToolSelector.get_tool_suggestions": {"executed_lines": [], "summary": {"covered_lines": 0, "num_statements": 10, "percent_covered": 0.0, "percent_covered_display": "0", "missing_lines": 10, "excluded_lines": 0}, "missing_lines": [168, 170, 171, 173, 176, 177, 178, 179, 182, 183], "excluded_lines": []}, "ToolSelector._score_tool": {"executed_lines": [], "summary": {"covered_lines": 0, "num_statements": 13, "percent_covered": 0.0, "percent_covered_display": "0", "missing_lines": 13, "excluded_lines": 0}, "missing_lines": [195, 197, 198, 201, 202, 205, 206, 207, 208, 211, 212, 215, 217], "excluded_lines": []}, "": {"executed_lines": [1, 9, 10, 11, 13, 16, 17, 23, 43, 94, 108, 138, 158, 185], "summary": {"covered_lines": 12, "num_statements": 12, "percent_covered": 100.0, "percent_covered_display": "100", "missing_lines": 0, "excluded_lines": 0}, "missing_lines": [], "excluded_lines": []}}, "classes": {"ToolSelector": {"executed_lines": [29, 30, 33, 53, 55, 56, 57, 59, 62, 64, 66, 67, 68, 74, 103, 104, 105, 119, 129, 131, 132, 133, 134], "summary": {"covered_lines": 23, "num_statements": 60, "percent_covered": 38.333333333333336, "percent_covered_display": "38", "missing_lines": 37, "excluded_lines": 0}, "missing_lines": [77, 78, 79, 84, 87, 92, 106, 136, 149, 151, 152, 153, 154, 156, 168, 170, 171, 173, 176, 177, 178, 179, 182, 183, 195, 197, 198, 201, 202, 205, 206, 207, 208, 211, 212, 215, 217], "excluded_lines": []}, "": {"executed_lines": [1, 9, 10, 11, 13, 16, 17, 23, 43, 94, 108, 138, 158, 185], "summary": {"covered_lines": 12, "num_statements": 12, "percent_covered": 100.0, "percent_covered_display": "100", "missing_lines": 0, "excluded_lines": 0}, "missing_lines": [], "excluded_lines": []}}}, "src\\agents\\vector_search_agent.py": {"executed_lines": [1, 7, 9, 16, 17, 18, 19, 20, 21, 23, 26, 27, 33, 48, 49, 50, 51, 52, 54, 61, 73, 74, 75, 76, 78, 80, 81, 84, 86, 88, 90, 92, 94, 97, 102, 105, 116, 117, 119, 122, 130, 132, 133, 134, 137, 147, 148, 154, 156, 162, 174, 175, 180, 181, 186, 188, 197, 198, 200, 206, 209, 214, 215, 216, 219, 220, 221, 223, 233, 235, 243, 262, 266], "summary": {"covered_lines": 71, "num_statements": 75, "percent_covered": 94.66666666666667, "percent_covered_display": "95", "missing_lines": 4, "excluded_lines": 0}, "missing_lines": [77, 79, 85, 87], "excluded_lines": [], "functions": {"VectorSearchAgent.__init__": {"executed_lines": [48, 49, 50, 51, 52, 54], "summary": {"covered_lines": 6, "num_statements": 6, "percent_covered": 100.0, "percent_covered_display": "100", "missing_lines": 0, "excluded_lines": 0}, "missing_lines": [], "excluded_lines": []}, "VectorSearchAgent.process": {"executed_lines": [73, 74, 75, 76, 78, 80, 81, 84, 86, 88, 90, 92, 94, 97, 102, 105, 116, 117, 119, 122, 130, 132, 133, 134, 137, 147, 148, 154], "summary": {"covered_lines": 28, "num_statements": 32, "percent_covered": 87.5, "percent_covered_display": "88", "missing_lines": 4, "excluded_lines": 0}, "missing_lines": [77, 79, 85, 87], "excluded_lines": []}, "VectorSearchAgent._search_with_retry": {"executed_lines": [174, 175, 180, 181, 186], "summary": {"covered_lines": 5, "num_statements": 5, "percent_covered": 100.0, "percent_covered_display": "100", "missing_lines": 0, "excluded_lines": 0}, "missing_lines": [], "excluded_lines": []}, "VectorSearchAgent._convert_results": {"executed_lines": [197, 198, 200, 206, 209, 214, 215, 216, 219, 220, 221, 223, 233, 235], "summary": {"covered_lines": 14, "num_statements": 14, "percent_covered": 100.0, "percent_covered_display": "100", "missing_lines": 0, "excluded_lines": 0}, "missing_lines": [], "excluded_lines": []}, "vector_search_node": {"executed_lines": [262, 266], "summary": {"covered_lines": 2, "num_statements": 2, "percent_covered": 100.0, "percent_covered_display": "100", "missing_lines": 0, "excluded_lines": 0}, "missing_lines": [], "excluded_lines": []}, "": {"executed_lines": [1, 7, 9, 16, 17, 18, 19, 20, 21, 23, 26, 27, 33, 61, 156, 162, 188, 243], "summary": {"covered_lines": 16, "num_statements": 16, "percent_covered": 100.0, "percent_covered_display": "100", "missing_lines": 0, "excluded_lines": 0}, "missing_lines": [], "excluded_lines": []}}, "classes": {"VectorSearchAgent": {"executed_lines": [48, 49, 50, 51, 52, 54, 73, 74, 75, 76, 78, 80, 81, 84, 86, 88, 90, 92, 94, 97, 102, 105, 116, 117, 119, 122, 130, 132, 133, 134, 137, 147, 148, 154, 174, 175, 180, 181, 186, 197, 198, 200, 206, 209, 214, 215, 216, 219, 220, 221, 223, 233, 235], "summary": {"covered_lines": 53, "num_statements": 57, "percent_covered": 92.98245614035088, "percent_covered_display": "93", "missing_lines": 4, "excluded_lines": 0}, "missing_lines": [77, 79, 85, 87], "excluded_lines": []}, "": {"executed_lines": [1, 7, 9, 16, 17, 18, 19, 20, 21, 23, 26, 27, 33, 61, 156, 162, 188, 243, 262, 266], "summary": {"covered_lines": 18, "num_statements": 18, "percent_covered": 100.0, "percent_covered_display": "100", "missing_lines": 0, "excluded_lines": 0}, "missing_lines": [], "excluded_lines": []}}}, "src\\api\\__init__.py": {"executed_lines": [0], "summary": {"covered_lines": 0, "num_statements": 0, "percent_covered": 100.0, "percent_covered_display": "100", "missing_lines": 0, "excluded_lines": 0}, "missing_lines": [], "excluded_lines": [], "functions": {"": {"executed_lines": [], "summary": {"covered_lines": 0, "num_statements": 0, "percent_covered": 100.0, "percent_covered_display": "100", "missing_lines": 0, "excluded_lines": 0}, "missing_lines": [], "excluded_lines": []}}, "classes": {"": {"executed_lines": [], "summary": {"covered_lines": 0, "num_statements": 0, "percent_covered": 100.0, "percent_covered_display": "100", "missing_lines": 0, "excluded_lines": 0}, "missing_lines": [], "excluded_lines": []}}}, "src\\api\\auth\\__init__.py": {"executed_lines": [1, 3, 5], "summary": {"covered_lines": 2, "num_statements": 2, "percent_covered": 100.0, "percent_covered_display": "100", "missing_lines": 0, "excluded_lines": 0}, "missing_lines": [], "excluded_lines": [], "functions": {"": {"executed_lines": [1, 3, 5], "summary": {"covered_lines": 2, "num_statements": 2, "percent_covered": 100.0, "percent_covered_display": "100", "missing_lines": 0, "excluded_lines": 0}, "missing_lines": [], "excluded_lines": []}}, "classes": {"": {"executed_lines": [1, 3, 5], "summary": {"covered_lines": 2, "num_statements": 2, "percent_covered": 100.0, "percent_covered_display": "100", "missing_lines": 0, "excluded_lines": 0}, "missing_lines": [], "excluded_lines": []}}}, "src\\api\\auth\\jwt.py": {"executed_lines": [1, 7, 9, 10, 11, 12, 13, 15, 17, 20, 21, 24, 25, 28, 77, 148, 161], "summary": {"covered_lines": 16, "num_statements": 53, "percent_covered": 30.18867924528302, "percent_covered_display": "30", "missing_lines": 37, "excluded_lines": 0}, "missing_lines": [45, 48, 49, 51, 53, 56, 58, 59, 61, 67, 69, 70, 71, 100, 101, 102, 105, 106, 107, 113, 115, 117, 118, 121, 122, 123, 124, 130, 131, 133, 134, 135, 140, 141, 142, 158, 170], "excluded_lines": [], "functions": {"create_access_token": {"executed_lines": [], "summary": {"covered_lines": 0, "num_statements": 13, "percent_covered": 0.0, "percent_covered_display": "0", "missing_lines": 13, "excluded_lines": 0}, "missing_lines": [45, 48, 49, 51, 53, 56, 58, 59, 61, 67, 69, 70, 71], "excluded_lines": []}, "get_current_user": {"executed_lines": [], "summary": {"covered_lines": 0, "num_statements": 22, "percent_covered": 0.0, "percent_covered_display": "0", "missing_lines": 22, "excluded_lines": 0}, "missing_lines": [100, 101, 102, 105, 106, 107, 113, 115, 117, 118, 121, 122, 123, 124, 130, 131, 133, 134, 135, 140, 141, 142], "excluded_lines": []}, "verify_password": {"executed_lines": [], "summary": {"covered_lines": 0, "num_statements": 1, "percent_covered": 0.0, "percent_covered_display": "0", "missing_lines": 1, "excluded_lines": 0}, "missing_lines": [158], "excluded_lines": []}, "get_password_hash": {"executed_lines": [], "summary": {"covered_lines": 0, "num_statements": 1, "percent_covered": 0.0, "percent_covered_display": "0", "missing_lines": 1, "excluded_lines": 0}, "missing_lines": [170], "excluded_lines": []}, "": {"executed_lines": [1, 7, 9, 10, 11, 12, 13, 15, 17, 20, 21, 24, 25, 28, 77, 148, 161], "summary": {"covered_lines": 16, "num_statements": 16, "percent_covered": 100.0, "percent_covered_display": "100", "missing_lines": 0, "excluded_lines": 0}, "missing_lines": [], "excluded_lines": []}}, "classes": {"": {"executed_lines": [1, 7, 9, 10, 11, 12, 13, 15, 17, 20, 21, 24, 25, 28, 77, 148, 161], "summary": {"covered_lines": 16, "num_statements": 53, "percent_covered": 30.18867924528302, "percent_covered_display": "30", "missing_lines": 37, "excluded_lines": 0}, "missing_lines": [45, 48, 49, 51, 53, 56, 58, 59, 61, 67, 69, 70, 71, 100, 101, 102, 105, 106, 107, 113, 115, 117, 118, 121, 122, 123, 124, 130, 131, 133, 134, 135, 140, 141, 142, 158, 170], "excluded_lines": []}}}, "src\\api\\dependencies.py": {"executed_lines": [1, 42, 43, 44, 46, 48, 51, 54, 123, 126, 178, 179, 180, 186, 187, 189, 196, 202, 204, 207, 275], "summary": {"covered_lines": 20, "num_statements": 33, "percent_covered": 60.60606060606061, "percent_covered_display": "61", "missing_lines": 13, "excluded_lines": 2}, "missing_lines": [260, 261, 267, 272, 336, 337, 339, 340, 341, 348, 354, 355, 357], "excluded_lines": [55, 210], "functions": {"get_request_id": {"executed_lines": [123], "summary": {"covered_lines": 1, "num_statements": 1, "percent_covered": 100.0, "percent_covered_display": "100", "missing_lines": 0, "excluded_lines": 1}, "missing_lines": [], "excluded_lines": [55]}, "get_current_user": {"executed_lines": [178, 179, 180, 186, 187, 189, 196, 202, 204], "summary": {"covered_lines": 9, "num_statements": 9, "percent_covered": 100.0, "percent_covered_display": "100", "missing_lines": 0, "excluded_lines": 0}, "missing_lines": [], "excluded_lines": []}, "get_current_admin_user": {"executed_lines": [], "summary": {"covered_lines": 0, "num_statements": 4, "percent_covered": 0.0, "percent_covered_display": "0", "missing_lines": 4, "excluded_lines": 1}, "missing_lines": [260, 261, 267, 272], "excluded_lines": [210]}, "get_optional_user": {"executed_lines": [], "summary": {"covered_lines": 0, "num_statements": 9, "percent_covered": 0.0, "percent_covered_display": "0", "missing_lines": 9, "excluded_lines": 0}, "missing_lines": [336, 337, 339, 340, 341, 348, 354, 355, 357], "excluded_lines": []}, "": {"executed_lines": [1, 42, 43, 44, 46, 48, 51, 54, 126, 207, 275], "summary": {"covered_lines": 10, "num_statements": 10, "percent_covered": 100.0, "percent_covered_display": "100", "missing_lines": 0, "excluded_lines": 0}, "missing_lines": [], "excluded_lines": []}}, "classes": {"": {"executed_lines": [1, 42, 43, 44, 46, 48, 51, 54, 123, 126, 178, 179, 180, 186, 187, 189, 196, 202, 204, 207, 275], "summary": {"covered_lines": 20, "num_statements": 33, "percent_covered": 60.60606060606061, "percent_covered_display": "61", "missing_lines": 13, "excluded_lines": 2}, "missing_lines": [260, 261, 267, 272, 336, 337, 339, 340, 341, 348, 354, 355, 357], "excluded_lines": [55, 210]}}}, "src\\api\\graph_analytics.py": {"executed_lines": [1, 12, 14, 16, 20, 24, 25, 26, 28, 30, 36, 42, 81, 87, 122, 128, 163, 169, 202, 208, 252, 258], "summary": {"covered_lines": 21, "num_statements": 87, "percent_covered": 24.137931034482758, "percent_covered_display": "24", "missing_lines": 66, "excluded_lines": 0}, "missing_lines": [60, 62, 63, 64, 65, 67, 68, 69, 73, 74, 75, 101, 103, 104, 105, 106, 108, 109, 110, 114, 115, 116, 142, 144, 145, 146, 147, 149, 150, 151, 155, 156, 157, 181, 183, 184, 185, 186, 188, 189, 190, 194, 195, 196, 231, 233, 234, 235, 236, 238, 239, 240, 244, 245, 246, 267, 269, 270, 271, 272, 274, 275, 276, 280, 281, 282], "excluded_lines": [], "functions": {"get_entity_centrality": {"executed_lines": [], "summary": {"covered_lines": 0, "num_statements": 11, "percent_covered": 0.0, "percent_covered_display": "0", "missing_lines": 11, "excluded_lines": 0}, "missing_lines": [60, 62, 63, 64, 65, 67, 68, 69, 73, 74, 75], "excluded_lines": []}, "get_pagerank_scores": {"executed_lines": [], "summary": {"covered_lines": 0, "num_statements": 11, "percent_covered": 0.0, "percent_covered_display": "0", "missing_lines": 11, "excluded_lines": 0}, "missing_lines": [101, 103, 104, 105, 106, 108, 109, 110, 114, 115, 116], "excluded_lines": []}, "get_influential_entities": {"executed_lines": [], "summary": {"covered_lines": 0, "num_statements": 11, "percent_covered": 0.0, "percent_covered_display": "0", "missing_lines": 11, "excluded_lines": 0}, "missing_lines": [142, 144, 145, 146, 147, 149, 150, 151, 155, 156, 157], "excluded_lines": []}, "detect_knowledge_gaps": {"executed_lines": [], "summary": {"covered_lines": 0, "num_statements": 11, "percent_covered": 0.0, "percent_covered_display": "0", "missing_lines": 11, "excluded_lines": 0}, "missing_lines": [181, 183, 184, 185, 186, 188, 189, 190, 194, 195, 196], "excluded_lines": []}, "get_entity_recommendations": {"executed_lines": [], "summary": {"covered_lines": 0, "num_statements": 11, "percent_covered": 0.0, "percent_covered_display": "0", "missing_lines": 11, "excluded_lines": 0}, "missing_lines": [231, 233, 234, 235, 236, 238, 239, 240, 244, 245, 246], "excluded_lines": []}, "get_graph_statistics": {"executed_lines": [], "summary": {"covered_lines": 0, "num_statements": 11, "percent_covered": 0.0, "percent_covered_display": "0", "missing_lines": 11, "excluded_lines": 0}, "missing_lines": [267, 269, 270, 271, 272, 274, 275, 276, 280, 281, 282], "excluded_lines": []}, "": {"executed_lines": [1, 12, 14, 16, 20, 24, 25, 26, 28, 30, 36, 42, 81, 87, 122, 128, 163, 169, 202, 208, 252, 258], "summary": {"covered_lines": 21, "num_statements": 21, "percent_covered": 100.0, "percent_covered_display": "100", "missing_lines": 0, "excluded_lines": 0}, "missing_lines": [], "excluded_lines": []}}, "classes": {"": {"executed_lines": [1, 12, 14, 16, 20, 24, 25, 26, 28, 30, 36, 42, 81, 87, 122, 128, 163, 169, 202, 208, 252, 258], "summary": {"covered_lines": 21, "num_statements": 87, "percent_covered": 24.137931034482758, "percent_covered_display": "24", "missing_lines": 66, "excluded_lines": 0}, "missing_lines": [60, 62, 63, 64, 65, 67, 68, 69, 73, 74, 75, 101, 103, 104, 105, 106, 108, 109, 110, 114, 115, 116, 142, 144, 145, 146, 147, 149, 150, 151, 155, 156, 157, 181, 183, 184, 185, 186, 188, 189, 190, 194, 195, 196, 231, 233, 234, 235, 236, 238, 239, 240, 244, 245, 246, 267, 269, 270, 271, 272, 274, 275, 276, 280, 281, 282], "excluded_lines": []}}}, "src\\api\\graph_visualization.py": {"executed_lines": [1, 11, 13, 14, 16, 20, 21, 23, 25, 29, 30, 32, 33, 41, 47, 108, 114, 169, 175], "summary": {"covered_lines": 17, "num_statements": 64, "percent_covered": 26.5625, "percent_covered_display": "27", "missing_lines": 47, "excluded_lines": 0}, "missing_lines": [69, 77, 78, 83, 84, 85, 90, 92, 94, 95, 96, 100, 101, 102, 136, 144, 145, 146, 151, 153, 155, 156, 157, 161, 162, 163, 195, 199, 200, 203, 204, 210, 214, 216, 217, 223, 228, 229, 231, 233, 234, 235, 236, 239, 243, 244, 245], "excluded_lines": [], "functions": {"visualize_custom_subgraph": {"executed_lines": [], "summary": {"covered_lines": 0, "num_statements": 14, "percent_covered": 0.0, "percent_covered_display": "0", "missing_lines": 14, "excluded_lines": 0}, "missing_lines": [69, 77, 78, 83, 84, 85, 90, 92, 94, 95, 96, 100, 101, 102], "excluded_lines": []}, "visualize_entity_neighborhood": {"executed_lines": [], "summary": {"covered_lines": 0, "num_statements": 12, "percent_covered": 0.0, "percent_covered_display": "0", "missing_lines": 12, "excluded_lines": 0}, "missing_lines": [136, 144, 145, 146, 151, 153, 155, 156, 157, 161, 162, 163], "excluded_lines": []}, "visualize_community": {"executed_lines": [], "summary": {"covered_lines": 0, "num_statements": 21, "percent_covered": 0.0, "percent_covered_display": "0", "missing_lines": 21, "excluded_lines": 0}, "missing_lines": [195, 199, 200, 203, 204, 210, 214, 216, 217, 223, 228, 229, 231, 233, 234, 235, 236, 239, 243, 244, 245], "excluded_lines": []}, "": {"executed_lines": [1, 11, 13, 14, 16, 20, 21, 23, 25, 29, 30, 32, 33, 41, 47, 108, 114, 169, 175], "summary": {"covered_lines": 17, "num_statements": 17, "percent_covered": 100.0, "percent_covered_display": "100", "missing_lines": 0, "excluded_lines": 0}, "missing_lines": [], "excluded_lines": []}}, "classes": {"VisualizationResponse": {"executed_lines": [], "summary": {"covered_lines": 0, "num_statements": 0, "percent_covered": 100.0, "percent_covered_display": "100", "missing_lines": 0, "excluded_lines": 0}, "missing_lines": [], "excluded_lines": []}, "": {"executed_lines": [1, 11, 13, 14, 16, 20, 21, 23, 25, 29, 30, 32, 33, 41, 47, 108, 114, 169, 175], "summary": {"covered_lines": 17, "num_statements": 64, "percent_covered": 26.5625, "percent_covered_display": "27", "missing_lines": 47, "excluded_lines": 0}, "missing_lines": [69, 77, 78, 83, 84, 85, 90, 92, 94, 95, 96, 100, 101, 102, 136, 144, 145, 146, 151, 153, 155, 156, 157, 161, 162, 163, 195, 199, 200, 203, 204, 210, 214, 216, 217, 223, 228, 229, 231, 233, 234, 235, 236, 239, 243, 244, 245], "excluded_lines": []}}}, "src\\api\\health.py": {"executed_lines": [1, 3, 4, 6, 7, 8, 9, 12, 13, 14, 15, 16, 18, 19, 22, 25, 47, 63, 81, 100, 107, 150, 156, 166, 172], "summary": {"covered_lines": 24, "num_statements": 94, "percent_covered": 25.53191489361702, "percent_covered_display": "26", "missing_lines": 70, "excluded_lines": 0}, "missing_lines": [27, 28, 30, 31, 37, 38, 40, 41, 42, 43, 44, 49, 51, 52, 53, 54, 56, 57, 58, 59, 60, 65, 66, 68, 69, 70, 71, 72, 74, 75, 76, 77, 78, 83, 84, 86, 87, 88, 89, 91, 93, 94, 95, 96, 97, 114, 117, 118, 119, 120, 122, 130, 131, 133, 134, 135, 136, 138, 140, 147, 163, 182, 183, 184, 186, 190, 192, 193, 194, 195], "excluded_lines": [], "functions": {"check_qdrant": {"executed_lines": [], "summary": {"covered_lines": 0, "num_statements": 11, "percent_covered": 0.0, "percent_covered_display": "0", "missing_lines": 11, "excluded_lines": 0}, "missing_lines": [27, 28, 30, 31, 37, 38, 40, 41, 42, 43, 44], "excluded_lines": []}, "check_neo4j": {"executed_lines": [], "summary": {"covered_lines": 0, "num_statements": 10, "percent_covered": 0.0, "percent_covered_display": "0", "missing_lines": 10, "excluded_lines": 0}, "missing_lines": [49, 51, 52, 53, 54, 56, 57, 58, 59, 60], "excluded_lines": []}, "check_redis": {"executed_lines": [], "summary": {"covered_lines": 0, "num_statements": 12, "percent_covered": 0.0, "percent_covered_display": "0", "missing_lines": 12, "excluded_lines": 0}, "missing_lines": [65, 66, 68, 69, 70, 71, 72, 74, 75, 76, 77, 78], "excluded_lines": []}, "check_ollama": {"executed_lines": [], "summary": {"covered_lines": 0, "num_statements": 12, "percent_covered": 0.0, "percent_covered_display": "0", "missing_lines": 12, "excluded_lines": 0}, "missing_lines": [83, 84, 86, 87, 88, 89, 91, 93, 94, 95, 96, 97], "excluded_lines": []}, "health_check": {"executed_lines": [], "summary": {"covered_lines": 0, "num_statements": 15, "percent_covered": 0.0, "percent_covered_display": "0", "missing_lines": 15, "excluded_lines": 0}, "missing_lines": [114, 117, 118, 119, 120, 122, 130, 131, 133, 134, 135, 136, 138, 140, 147], "excluded_lines": []}, "liveness": {"executed_lines": [], "summary": {"covered_lines": 0, "num_statements": 1, "percent_covered": 0.0, "percent_covered_display": "0", "missing_lines": 1, "excluded_lines": 0}, "missing_lines": [163], "excluded_lines": []}, "readiness": {"executed_lines": [], "summary": {"covered_lines": 0, "num_statements": 9, "percent_covered": 0.0, "percent_covered_display": "0", "missing_lines": 9, "excluded_lines": 0}, "missing_lines": [182, 183, 184, 186, 190, 192, 193, 194, 195], "excluded_lines": []}, "": {"executed_lines": [1, 3, 4, 6, 7, 8, 9, 12, 13, 14, 15, 16, 18, 19, 22, 25, 47, 63, 81, 100, 107, 150, 156, 166, 172], "summary": {"covered_lines": 24, "num_statements": 24, "percent_covered": 100.0, "percent_covered_display": "100", "missing_lines": 0, "excluded_lines": 0}, "missing_lines": [], "excluded_lines": []}}, "classes": {"": {"executed_lines": [1, 3, 4, 6, 7, 8, 9, 12, 13, 14, 15, 16, 18, 19, 22, 25, 47, 63, 81, 100, 107, 150, 156, 166, 172], "summary": {"covered_lines": 24, "num_statements": 94, "percent_covered": 25.53191489361702, "percent_covered_display": "26", "missing_lines": 70, "excluded_lines": 0}, "missing_lines": [27, 28, 30, 31, 37, 38, 40, 41, 42, 43, 44, 49, 51, 52, 53, 54, 56, 57, 58, 59, 60, 65, 66, 68, 69, 70, 71, 72, 74, 75, 76, 77, 78, 83, 84, 86, 87, 88, 89, 91, 93, 94, 95, 96, 97, 114, 117, 118, 119, 120, 122, 130, 131, 133, 134, 135, 136, 138, 140, 147, 163, 182, 183, 184, 186, 190, 192, 193, 194, 195], "excluded_lines": []}}}, "src\\api\\health\\__init__.py": {"executed_lines": [1, 7, 8, 11, 12, 14, 15, 17, 18, 19, 20, 21, 22], "summary": {"covered_lines": 12, "num_statements": 12, "percent_covered": 100.0, "percent_covered_display": "100", "missing_lines": 0, "excluded_lines": 0}, "missing_lines": [], "excluded_lines": [], "functions": {"": {"executed_lines": [1, 7, 8, 11, 12, 14, 15, 17, 18, 19, 20, 21, 22], "summary": {"covered_lines": 12, "num_statements": 12, "percent_covered": 100.0, "percent_covered_display": "100", "missing_lines": 0, "excluded_lines": 0}, "missing_lines": [], "excluded_lines": []}}, "classes": {"": {"executed_lines": [1, 7, 8, 11, 12, 14, 15, 17, 18, 19, 20, 21, 22], "summary": {"covered_lines": 12, "num_statements": 12, "percent_covered": 100.0, "percent_covered_display": "100", "missing_lines": 0, "excluded_lines": 0}, "missing_lines": [], "excluded_lines": []}}}, "src\\api\\health\\memory_health.py": {"executed_lines": [1, 9, 10, 12, 13, 15, 16, 18, 19, 22, 28, 101, 107, 121, 127, 141, 147, 161, 167, 197, 242, 275], "summary": {"covered_lines": 21, "num_statements": 83, "percent_covered": 25.301204819277107, "percent_covered_display": "25", "missing_lines": 62, "excluded_lines": 0}, "missing_lines": [39, 42, 43, 44, 47, 55, 63, 71, 72, 73, 74, 75, 76, 78, 80, 82, 92, 98, 118, 138, 158, 173, 174, 176, 178, 184, 186, 187, 188, 203, 205, 206, 207, 210, 211, 214, 215, 216, 217, 219, 221, 223, 232, 233, 234, 235, 248, 250, 254, 256, 265, 266, 267, 268, 281, 283, 287, 289, 298, 299, 300, 301], "excluded_lines": [], "functions": {"memory_health_check": {"executed_lines": [], "summary": {"covered_lines": 0, "num_statements": 18, "percent_covered": 0.0, "percent_covered_display": "0", "missing_lines": 18, "excluded_lines": 0}, "missing_lines": [39, 42, 43, 44, 47, 55, 63, 71, 72, 73, 74, 75, 76, 78, 80, 82, 92, 98], "excluded_lines": []}, "redis_health": {"executed_lines": [], "summary": {"covered_lines": 0, "num_statements": 1, "percent_covered": 0.0, "percent_covered_display": "0", "missing_lines": 1, "excluded_lines": 0}, "missing_lines": [118], "excluded_lines": []}, "qdrant_health": {"executed_lines": [], "summary": {"covered_lines": 0, "num_statements": 1, "percent_covered": 0.0, "percent_covered_display": "0", "missing_lines": 1, "excluded_lines": 0}, "missing_lines": [138], "excluded_lines": []}, "graphiti_health": {"executed_lines": [], "summary": {"covered_lines": 0, "num_statements": 1, "percent_covered": 0.0, "percent_covered_display": "0", "missing_lines": 1, "excluded_lines": 0}, "missing_lines": [158], "excluded_lines": []}, "memory_metrics": {"executed_lines": [], "summary": {"covered_lines": 0, "num_statements": 8, "percent_covered": 0.0, "percent_covered_display": "0", "missing_lines": 8, "excluded_lines": 0}, "missing_lines": [173, 174, 176, 178, 184, 186, 187, 188], "excluded_lines": []}, "check_redis_health": {"executed_lines": [], "summary": {"covered_lines": 0, "num_statements": 17, "percent_covered": 0.0, "percent_covered_display": "0", "missing_lines": 17, "excluded_lines": 0}, "missing_lines": [203, 205, 206, 207, 210, 211, 214, 215, 216, 217, 219, 221, 223, 232, 233, 234, 235], "excluded_lines": []}, "check_qdrant_health": {"executed_lines": [], "summary": {"covered_lines": 0, "num_statements": 8, "percent_covered": 0.0, "percent_covered_display": "0", "missing_lines": 8, "excluded_lines": 0}, "missing_lines": [248, 250, 254, 256, 265, 266, 267, 268], "excluded_lines": []}, "check_graphiti_health": {"executed_lines": [], "summary": {"covered_lines": 0, "num_statements": 8, "percent_covered": 0.0, "percent_covered_display": "0", "missing_lines": 8, "excluded_lines": 0}, "missing_lines": [281, 283, 287, 289, 298, 299, 300, 301], "excluded_lines": []}, "": {"executed_lines": [1, 9, 10, 12, 13, 15, 16, 18, 19, 22, 28, 101, 107, 121, 127, 141, 147, 161, 167, 197, 242, 275], "summary": {"covered_lines": 21, "num_statements": 21, "percent_covered": 100.0, "percent_covered_display": "100", "missing_lines": 0, "excluded_lines": 0}, "missing_lines": [], "excluded_lines": []}}, "classes": {"": {"executed_lines": [1, 9, 10, 12, 13, 15, 16, 18, 19, 22, 28, 101, 107, 121, 127, 141, 147, 161, 167, 197, 242, 275], "summary": {"covered_lines": 21, "num_statements": 83, "percent_covered": 25.301204819277107, "percent_covered_display": "25", "missing_lines": 62, "excluded_lines": 0}, "missing_lines": [39, 42, 43, 44, 47, 55, 63, 71, 72, 73, 74, 75, 76, 78, 80, 82, 92, 98, 118, 138, 158, 173, 174, 176, 178, 184, 186, 187, 188, 203, 205, 206, 207, 210, 211, 214, 215, 216, 217, 219, 221, 223, 232, 233, 234, 235, 248, 250, 254, 256, 265, 266, 267, 268, 281, 283, 287, 289, 298, 299, 300, 301], "excluded_lines": []}}}, "src\\api\\main.py": {"executed_lines": [1, 3, 4, 6, 7, 8, 9, 10, 11, 13, 14, 15, 16, 22, 23, 24, 25, 26, 27, 28, 29, 30, 31, 32, 33, 36, 37, 38, 41, 44, 49, 50, 112, 123, 124, 127, 128, 129, 138, 145, 155, 156, 157, 158, 160, 168, 169, 171, 173, 175, 178, 179, 182, 185, 187, 192, 194, 195, 197, 198, 200, 201, 204, 205, 207, 208, 216, 217, 220, 221, 224, 227, 228, 231, 234, 235, 238, 239], "summary": {"covered_lines": 77, "num_statements": 94, "percent_covered": 81.91489361702128, "percent_covered_display": "82", "missing_lines": 17, "excluded_lines": 0}, "missing_lines": [57, 65, 67, 68, 77, 78, 80, 83, 85, 86, 87, 89, 94, 96, 104, 107, 241], "excluded_lines": [], "functions": {"lifespan": {"executed_lines": [], "summary": {"covered_lines": 0, "num_statements": 16, "percent_covered": 0.0, "percent_covered_display": "0", "missing_lines": 16, "excluded_lines": 0}, "missing_lines": [57, 65, 67, 68, 77, 78, 80, 83, 85, 86, 87, 89, 94, 96, 104, 107], "excluded_lines": []}, "track_requests": {"executed_lines": [171, 173, 175, 178, 179, 182, 185, 187], "summary": {"covered_lines": 8, "num_statements": 8, "percent_covered": 100.0, "percent_covered_display": "100", "missing_lines": 0, "excluded_lines": 0}, "missing_lines": [], "excluded_lines": []}, "root": {"executed_lines": [], "summary": {"covered_lines": 0, "num_statements": 1, "percent_covered": 0.0, "percent_covered_display": "0", "missing_lines": 1, "excluded_lines": 0}, "missing_lines": [241], "excluded_lines": []}, "": {"executed_lines": [1, 3, 4, 6, 7, 8, 9, 10, 11, 13, 14, 15, 16, 22, 23, 24, 25, 26, 27, 28, 29, 30, 31, 32, 33, 36, 37, 38, 41, 44, 49, 50, 112, 123, 124, 127, 128, 129, 138, 145, 155, 156, 157, 158, 160, 168, 169, 192, 194, 195, 197, 198, 200, 201, 204, 205, 207, 208, 216, 217, 220, 221, 224, 227, 228, 231, 234, 235, 238, 239], "summary": {"covered_lines": 69, "num_statements": 69, "percent_covered": 100.0, "percent_covered_display": "100", "missing_lines": 0, "excluded_lines": 0}, "missing_lines": [], "excluded_lines": []}}, "classes": {"": {"executed_lines": [1, 3, 4, 6, 7, 8, 9, 10, 11, 13, 14, 15, 16, 22, 23, 24, 25, 26, 27, 28, 29, 30, 31, 32, 33, 36, 37, 38, 41, 44, 49, 50, 112, 123, 124, 127, 128, 129, 138, 145, 155, 156, 157, 158, 160, 168, 169, 171, 173, 175, 178, 179, 182, 185, 187, 192, 194, 195, 197, 198, 200, 201, 204, 205, 207, 208, 216, 217, 220, 221, 224, 227, 228, 231, 234, 235, 238, 239], "summary": {"covered_lines": 77, "num_statements": 94, "percent_covered": 81.91489361702128, "percent_covered_display": "82", "missing_lines": 17, "excluded_lines": 0}, "missing_lines": [57, 65, 67, 68, 77, 78, 80, 83, 85, 86, 87, 89, 94, 96, 104, 107, 241], "excluded_lines": []}}}, "src\\api\\middleware\\__init__.py": {"executed_lines": [1, 8, 11, 13], "summary": {"covered_lines": 3, "num_statements": 3, "percent_covered": 100.0, "percent_covered_display": "100", "missing_lines": 0, "excluded_lines": 0}, "missing_lines": [], "excluded_lines": [], "functions": {"": {"executed_lines": [1, 8, 11, 13], "summary": {"covered_lines": 3, "num_statements": 3, "percent_covered": 100.0, "percent_covered_display": "100", "missing_lines": 0, "excluded_lines": 0}, "missing_lines": [], "excluded_lines": []}}, "classes": {"": {"executed_lines": [1, 8, 11, 13], "summary": {"covered_lines": 3, "num_statements": 3, "percent_covered": 100.0, "percent_covered_display": "100", "missing_lines": 0, "excluded_lines": 0}, "missing_lines": [], "excluded_lines": []}}}, "src\\api\\middleware\\exception_handler.py": {"executed_lines": [1, 9, 11, 12, 13, 14, 15, 17, 18, 20, 23, 33, 35, 45, 56, 62, 72, 75, 89, 91, 100, 110, 116, 128, 131, 132, 133, 141, 148, 159, 165, 175, 177, 188, 189, 190, 192, 193, 199, 210], "summary": {"covered_lines": 39, "num_statements": 42, "percent_covered": 92.85714285714286, "percent_covered_display": "93", "missing_lines": 3, "excluded_lines": 0}, "missing_lines": [194, 195, 197], "excluded_lines": [], "functions": {"aegis_exception_handler": {"executed_lines": [33, 35, 45, 56], "summary": {"covered_lines": 4, "num_statements": 4, "percent_covered": 100.0, "percent_covered_display": "100", "missing_lines": 0, "excluded_lines": 0}, "missing_lines": [], "excluded_lines": []}, "http_exception_handler": {"executed_lines": [72, 75, 89, 91, 100, 110], "summary": {"covered_lines": 6, "num_statements": 6, "percent_covered": 100.0, "percent_covered_display": "100", "missing_lines": 0, "excluded_lines": 0}, "missing_lines": [], "excluded_lines": []}, "validation_exception_handler": {"executed_lines": [128, 131, 132, 133, 141, 148, 159], "summary": {"covered_lines": 7, "num_statements": 7, "percent_covered": 100.0, "percent_covered_display": "100", "missing_lines": 0, "excluded_lines": 0}, "missing_lines": [], "excluded_lines": []}, "generic_exception_handler": {"executed_lines": [175, 177, 188, 189, 190, 192, 193, 199, 210], "summary": {"covered_lines": 9, "num_statements": 12, "percent_covered": 75.0, "percent_covered_display": "75", "missing_lines": 3, "excluded_lines": 0}, "missing_lines": [194, 195, 197], "excluded_lines": []}, "": {"executed_lines": [1, 9, 11, 12, 13, 14, 15, 17, 18, 20, 23, 62, 116, 165], "summary": {"covered_lines": 13, "num_statements": 13, "percent_covered": 100.0, "percent_covered_display": "100", "missing_lines": 0, "excluded_lines": 0}, "missing_lines": [], "excluded_lines": []}}, "classes": {"": {"executed_lines": [1, 9, 11, 12, 13, 14, 15, 17, 18, 20, 23, 33, 35, 45, 56, 62, 72, 75, 89, 91, 100, 110, 116, 128, 131, 132, 133, 141, 148, 159, 165, 175, 177, 188, 189, 190, 192, 193, 199, 210], "summary": {"covered_lines": 39, "num_statements": 42, "percent_covered": 92.85714285714286, "percent_covered_display": "93", "missing_lines": 3, "excluded_lines": 0}, "missing_lines": [194, 195, 197], "excluded_lines": []}}}, "src\\api\\middleware\\rate_limit.py": {"executed_lines": [1, 35, 37, 38, 39, 40, 41, 42, 44, 45, 47, 48, 51, 59, 137], "summary": {"covered_lines": 14, "num_statements": 26, "percent_covered": 53.84615384615385, "percent_covered_display": "54", "missing_lines": 12, "excluded_lines": 0}, "missing_lines": [90, 93, 102, 103, 104, 105, 108, 124, 147, 154, 156, 163], "excluded_lines": [], "functions": {"rate_limit_handler": {"executed_lines": [], "summary": {"covered_lines": 0, "num_statements": 8, "percent_covered": 0.0, "percent_covered_display": "0", "missing_lines": 8, "excluded_lines": 0}, "missing_lines": [90, 93, 102, 103, 104, 105, 108, 124], "excluded_lines": []}, "log_request_middleware": {"executed_lines": [], "summary": {"covered_lines": 0, "num_statements": 4, "percent_covered": 0.0, "percent_covered_display": "0", "missin
[...]
cluded_lines": 0}, "missing_lines": [7, 32], "excluded_lines": [], "functions": {"": {"executed_lines": [], "summary": {"covered_lines": 0, "num_statements": 2, "percent_covered": 0.0, "percent_covered_display": "0", "missing_lines": 2, "excluded_lines": 0}, "missing_lines": [7, 32], "excluded_lines": []}}, "classes": {"": {"executed_lines": [], "summary": {"covered_lines": 0, "num_statements": 2, "percent_covered": 0.0, "percent_covered_display": "0", "missing_lines": 2, "excluded_lines": 0}, "missing_lines": [7, 32], "excluded_lines": []}}}, "src\\monitoring\\metrics.py": {"executed_lines": [], "summary": {"covered_lines": 0, "num_statements": 42, "percent_covered": 0.0, "percent_covered_display": "0", "missing_lines": 42, "excluded_lines": 0}, "missing_lines": [13, 14, 16, 22, 29, 33, 37, 43, 47, 53, 63, 67, 71, 79, 86, 97, 99, 110, 112, 115, 117, 122, 124, 127, 134, 137, 144, 147, 154, 157, 163, 166, 175, 176, 177, 180, 188, 191, 198, 201, 207, 215], "excluded_lines": [], "functions": {"record_extraction_duration": {"executed_lines": [], "summary": {"covered_lines": 0, "num_statements": 1, "percent_covered": 0.0, "percent_covered_display": "0", "missing_lines": 1, "excluded_lines": 0}, "missing_lines": [112], "excluded_lines": []}, "record_extraction_entities": {"executed_lines": [], "summary": {"covered_lines": 0, "num_statements": 1, "percent_covered": 0.0, "percent_covered_display": "0", "missing_lines": 1, "excluded_lines": 0}, "missing_lines": [117], "excluded_lines": []}, "record_extraction_relations": {"executed_lines": [], "summary": {"covered_lines": 0, "num_statements": 1, "percent_covered": 0.0, "percent_covered_display": "0", "missing_lines": 1, "excluded_lines": 0}, "missing_lines": [124], "excluded_lines": []}, "record_extraction_document": {"executed_lines": [], "summary": {"covered_lines": 0, "num_statements": 1, "percent_covered": 0.0, "percent_covered_display": "0", "missing_lines": 1, "excluded_lines": 0}, "missing_lines": [134], "excluded_lines": []}, "record_extraction_error": {"executed_lines": [], "summary": {"covered_lines": 0, "num_statements": 1, "percent_covered": 0.0, "percent_covered_display": "0", "missing_lines": 1, "excluded_lines": 0}, "missing_lines": [144], "excluded_lines": []}, "record_extraction_retry": {"executed_lines": [], "summary": {"covered_lines": 0, "num_statements": 1, "percent_covered": 0.0, "percent_covered_display": "0", "missing_lines": 1, "excluded_lines": 0}, "missing_lines": [154], "excluded_lines": []}, "record_deduplication_reduction": {"executed_lines": [], "summary": {"covered_lines": 0, "num_statements": 1, "percent_covered": 0.0, "percent_covered_display": "0", "missing_lines": 1, "excluded_lines": 0}, "missing_lines": [163], "excluded_lines": []}, "update_gpu_memory": {"executed_lines": [], "summary": {"covered_lines": 0, "num_statements": 3, "percent_covered": 0.0, "percent_covered_display": "0", "missing_lines": 3, "excluded_lines": 0}, "missing_lines": [175, 176, 177], "excluded_lines": []}, "record_query_duration": {"executed_lines": [], "summary": {"covered_lines": 0, "num_statements": 1, "percent_covered": 0.0, "percent_covered_display": "0", "missing_lines": 1, "excluded_lines": 0}, "missing_lines": [188], "excluded_lines": []}, "update_active_connections": {"executed_lines": [], "summary": {"covered_lines": 0, "num_statements": 1, "percent_covered": 0.0, "percent_covered_display": "0", "missing_lines": 1, "excluded_lines": 0}, "missing_lines": [198], "excluded_lines": []}, "initialize_system_info": {"executed_lines": [], "summary": {"covered_lines": 0, "num_statements": 2, "percent_covered": 0.0, "percent_covered_display": "0", "missing_lines": 2, "excluded_lines": 0}, "missing_lines": [207, 215], "excluded_lines": []}, "": {"executed_lines": [], "summary": {"covered_lines": 0, "num_statements": 28, "percent_covered": 0.0, "percent_covered_display": "0", "missing_lines": 28, "excluded_lines": 0}, "missing_lines": [13, 14, 16, 22, 29, 33, 37, 43, 47, 53, 63, 67, 71, 79, 86, 97, 99, 110, 115, 122, 127, 137, 147, 157, 166, 180, 191, 201], "excluded_lines": []}}, "classes": {"": {"executed_lines": [], "summary": {"covered_lines": 0, "num_statements": 42, "percent_covered": 0.0, "percent_covered_display": "0", "missing_lines": 42, "excluded_lines": 0}, "missing_lines": [13, 14, 16, 22, 29, 33, 37, 43, 47, 53, 63, 67, 71, 79, 86, 97, 99, 110, 112, 115, 117, 122, 124, 127, 134, 137, 144, 147, 154, 157, 163, 166, 175, 176, 177, 180, 188, 191, 198, 201, 207, 215], "excluded_lines": []}}}, "src\\prompts\\__init__.py": {"executed_lines": [0], "summary": {"covered_lines": 0, "num_statements": 0, "percent_covered": 100.0, "percent_covered_display": "100", "missing_lines": 0, "excluded_lines": 0}, "missing_lines": [], "excluded_lines": [], "functions": {"": {"executed_lines": [], "summary": {"covered_lines": 0, "num_statements": 0, "percent_covered": 100.0, "percent_covered_display": "100", "missing_lines": 0, "excluded_lines": 0}, "missing_lines": [], "excluded_lines": []}}, "classes": {"": {"executed_lines": [], "summary": {"covered_lines": 0, "num_statements": 0, "percent_covered": 100.0, "percent_covered_display": "100", "missing_lines": 0, "excluded_lines": 0}, "missing_lines": [], "excluded_lines": []}}}, "src\\prompts\\answer_prompts.py": {"executed_lines": [1, 6, 23], "summary": {"covered_lines": 2, "num_statements": 2, "percent_covered": 100.0, "percent_covered_display": "100", "missing_lines": 0, "excluded_lines": 0}, "missing_lines": [], "excluded_lines": [], "functions": {"": {"executed_lines": [1, 6, 23], "summary": {"covered_lines": 2, "num_statements": 2, "percent_covered": 100.0, "percent_covered_display": "100", "missing_lines": 0, "excluded_lines": 0}, "missing_lines": [], "excluded_lines": []}}, "classes": {"": {"executed_lines": [1, 6, 23], "summary": {"covered_lines": 2, "num_statements": 2, "percent_covered": 100.0, "percent_covered_display": "100", "missing_lines": 0, "excluded_lines": 0}, "missing_lines": [], "excluded_lines": []}}}, "src\\prompts\\extraction_prompts.py": {"executed_lines": [1, 9, 75], "summary": {"covered_lines": 0, "num_statements": 0, "percent_covered": 100.0, "percent_covered_display": "100", "missing_lines": 0, "excluded_lines": 2}, "missing_lines": [], "excluded_lines": [9, 75], "functions": {"": {"executed_lines": [1, 9, 75], "summary": {"covered_lines": 0, "num_statements": 0, "percent_covered": 100.0, "percent_covered_display": "100", "missing_lines": 0, "excluded_lines": 2}, "missing_lines": [], "excluded_lines": [9, 75]}}, "classes": {"": {"executed_lines": [1, 9, 75], "summary": {"covered_lines": 0, "num_statements": 0, "percent_covered": 100.0, "percent_covered_display": "100", "missing_lines": 0, "excluded_lines": 2}, "missing_lines": [], "excluded_lines": [9, 75]}}}, "src\\prompts\\router_prompts.py": {"executed_lines": [1, 9], "summary": {"covered_lines": 1, "num_statements": 1, "percent_covered": 100.0, "percent_covered_display": "100", "missing_lines": 0, "excluded_lines": 0}, "missing_lines": [], "excluded_lines": [], "functions": {"": {"executed_lines": [1, 9], "summary": {"covered_lines": 1, "num_statements": 1, "percent_covered": 100.0, "percent_covered_display": "100", "missing_lines": 0, "excluded_lines": 0}, "missing_lines": [], "excluded_lines": []}}, "classes": {"": {"executed_lines": [1, 9], "summary": {"covered_lines": 1, "num_statements": 1, "percent_covered": 100.0, "percent_covered_display": "100", "missing_lines": 0, "excluded_lines": 0}, "missing_lines": [], "excluded_lines": []}}}, "src\\ui\\__init__.py": {"executed_lines": [], "summary": {"covered_lines": 0, "num_statements": 5, "percent_covered": 0.0, "percent_covered_display": "0", "missing_lines": 5, "excluded_lines": 0}, "missing_lines": [6, 8, 9, 10, 12], "excluded_lines": [], "functions": {"": {"executed_lines": [], "summary": {"covered_lines": 0, "num_statements": 5, "percent_covered": 0.0, "percent_covered_display": "0", "missing_lines": 5, "excluded_lines": 0}, "missing_lines": [6, 8, 9, 10, 12], "excluded_lines": []}}, "classes": {"": {"executed_lines": [], "summary": {"covered_lines": 0, "num_statements": 5, "percent_covered": 0.0, "percent_covered_display": "0", "missing_lines": 5, "excluded_lines": 0}, "missing_lines": [6, 8, 9, 10, 12], "excluded_lines": []}}}, "src\\ui\\gradio_app.py": {"executed_lines": [], "summary": {"covered_lines": 0, "num_statements": 287, "percent_covered": 0.0, "percent_covered_display": "0", "missing_lines": 287, "excluded_lines": 0}, "missing_lines": [23, 24, 25, 26, 28, 29, 30, 32, 33, 34, 35, 39, 41, 43, 46, 47, 48, 51, 57, 59, 61, 62, 64, 66, 76, 77, 79, 81, 83, 93, 94, 95, 96, 97, 100, 105, 106, 108, 116, 118, 119, 120, 121, 122, 124, 125, 126, 127, 128, 129, 131, 144, 147, 148, 149, 150, 151, 152, 153, 154, 157, 158, 159, 161, 162, 165, 166, 167, 168, 169, 170, 172, 175, 176, 177, 178, 179, 180, 181, 183, 185, 187, 197, 198, 201, 202, 204, 205, 207, 210, 211, 212, 213, 214, 215, 217, 219, 220, 223, 229, 231, 232, 234, 240, 241, 242, 243, 246, 248, 250, 251, 254, 255, 256, 259, 261, 263, 264, 265, 267, 268, 269, 270, 274, 275, 276, 278, 279, 280, 281, 282, 284, 285, 286, 287, 289, 290, 292, 295, 296, 298, 301, 310, 312, 314, 315, 316, 319, 320, 321, 323, 329, 331, 333, 337, 338, 340, 342, 343, 346, 347, 349, 351, 357, 358, 360, 361, 363, 365, 366, 367, 369, 384, 386, 387, 389, 392, 394, 402, 403, 405, 406, 409, 410, 419, 420, 436, 437, 439, 440, 441, 443, 452, 453, 454, 455, 456, 457, 458, 459, 460, 462, 468, 469, 470, 472, 473, 480, 481, 497, 499, 500, 501, 503, 510, 528, 529, 530, 531, 535, 537, 539, 540, 547, 552, 565, 574, 575, 578, 579, 580, 583, 584, 585, 586, 588, 595, 598, 602, 607, 608, 609, 612, 613, 614, 619, 622, 628, 629, 630, 633, 636, 637, 643, 646, 647, 662, 668, 672, 677, 678, 680, 682, 684, 687, 690, 691, 725, 727, 738, 739, 745, 747, 757, 759, 763, 766, 768, 771, 775, 776, 777, 778, 781, 782, 785, 786], "excluded_lines": [], "functions": {"GradioApp.__init__": {"executed_lines": [], "summary": {"covered_lines": 0, "num_statements": 4, "percent_covered": 0.0, "percent_covered_display": "0", "missing_lines": 4, "excluded_lines": 0}, "missing_lines": [59, 61, 62, 64], "excluded_lines": []}, "GradioApp.chat": {"executed_lines": [], "summary": {"covered_lines": 0, "num_statements": 26, "percent_covered": 0.0, "percent_covered_display": "0", "missing_lines": 26, "excluded_lines": 0}, "missing_lines": [76, 77, 79, 81, 83, 93, 94, 95, 96, 97, 100, 105, 106, 108, 116, 118, 119, 120, 121, 122, 124, 125, 126, 127, 128, 129], "excluded_lines": []}, "GradioApp._format_answer_with_sources_and_tools": {"executed_lines": [], "summary": {"covered_lines": 0, "num_statements": 30, "percent_covered": 0.0, "percent_covered_display": "0", "missing_lines": 30, "excluded_lines": 0}, "missing_lines": [144, 147, 148, 149, 150, 151, 152, 153, 154, 157, 158, 159, 161, 162, 165, 166, 167, 168, 169, 170, 172, 175, 176, 177, 178, 179, 180, 181, 183, 185], "excluded_lines": []}, "GradioApp.upload_document": {"executed_lines": [], "summary": {"covered_lines": 0, "num_statements": 61, "percent_covered": 0.0, "percent_covered_display": "0", "missing_lines": 61, "excluded_lines": 0}, "missing_lines": [197, 198, 201, 202, 204, 205, 207, 210, 211, 212, 213, 214, 215, 217, 219, 220, 223, 229, 246, 248, 250, 251, 254, 255, 256, 259, 261, 263, 264, 265, 267, 268, 269, 270, 274, 275, 276, 278, 279, 280, 281, 282, 284, 285, 286, 287, 289, 290, 292, 295, 296, 298, 301, 310, 312, 314, 315, 316, 319, 320, 321], "excluded_lines": []}, "GradioApp.upload_document.simulate_progress": {"executed_lines": [], "summary": {"covered_lines": 0, "num_statements": 7, "percent_covered": 0.0, "percent_covered_display": "0", "missing_lines": 7, "excluded_lines": 0}, "missing_lines": [231, 232, 234, 240, 241, 242, 243], "excluded_lines": []}, "GradioApp.clear_chat": {"executed_lines": [], "summary": {"covered_lines": 0, "num_statements": 11, "percent_covered": 0.0, "percent_covered_display": "0", "missing_lines": 11, "excluded_lines": 0}, "missing_lines": [329, 331, 333, 337, 338, 340, 342, 343, 346, 347, 349], "excluded_lines": []}, "GradioApp.get_health_stats": {"executed_lines": [], "summary": {"covered_lines": 0, "num_statements": 8, "percent_covered": 0.0, "percent_covered_display": "0", "missing_lines": 8, "excluded_lines": 0}, "missing_lines": [357, 358, 360, 361, 363, 365, 366, 367], "excluded_lines": []}, "GradioApp.connect_mcp_server": {"executed_lines": [], "summary": {"covered_lines": 0, "num_statements": 19, "percent_covered": 0.0, "percent_covered_display": "0", "missing_lines": 19, "excluded_lines": 0}, "missing_lines": [384, 386, 387, 389, 392, 394, 402, 403, 405, 406, 409, 410, 419, 420, 436, 437, 439, 440, 441], "excluded_lines": []}, "GradioApp.disconnect_mcp_server": {"executed_lines": [], "summary": {"covered_lines": 0, "num_statements": 9, "percent_covered": 0.0, "percent_covered_display": "0", "missing_lines": 9, "excluded_lines": 0}, "missing_lines": [452, 453, 454, 455, 456, 457, 458, 459, 460], "excluded_lines": []}, "GradioApp.refresh_mcp_tools": {"executed_lines": [], "summary": {"covered_lines": 0, "num_statements": 11, "percent_covered": 0.0, "percent_covered_display": "0", "missing_lines": 11, "excluded_lines": 0}, "missing_lines": [468, 469, 470, 472, 473, 480, 481, 497, 499, 500, 501], "excluded_lines": []}, "GradioApp.build_interface": {"executed_lines": [], "summary": {"covered_lines": 0, "num_statements": 58, "percent_covered": 0.0, "percent_covered_display": "0", "missing_lines": 58, "excluded_lines": 0}, "missing_lines": [510, 528, 529, 530, 531, 535, 537, 539, 540, 547, 552, 565, 574, 575, 578, 579, 580, 583, 584, 585, 586, 588, 595, 598, 602, 607, 608, 609, 612, 613, 614, 619, 622, 628, 629, 630, 633, 636, 637, 643, 646, 647, 662, 668, 672, 677, 678, 680, 682, 684, 687, 690, 691, 725, 727, 738, 739, 745], "excluded_lines": []}, "GradioApp.launch": {"executed_lines": [], "summary": {"covered_lines": 0, "num_statements": 3, "percent_covered": 0.0, "percent_covered_display": "0", "missing_lines": 3, "excluded_lines": 0}, "missing_lines": [757, 759, 763], "excluded_lines": []}, "main": {"executed_lines": [], "summary": {"covered_lines": 0, "num_statements": 8, "percent_covered": 0.0, "percent_covered_display": "0", "missing_lines": 8, "excluded_lines": 0}, "missing_lines": [768, 771, 775, 776, 777, 778, 781, 782], "excluded_lines": []}, "": {"executed_lines": [], "summary": {"covered_lines": 0, "num_statements": 32, "percent_covered": 0.0, "percent_covered_display": "0", "missing_lines": 32, "excluded_lines": 0}, "missing_lines": [23, 24, 25, 26, 28, 29, 30, 32, 33, 34, 35, 39, 41, 43, 46, 47, 48, 51, 57, 66, 131, 187, 323, 351, 369, 443, 462, 503, 747, 766, 785, 786], "excluded_lines": []}}, "classes": {"GradioApp": {"executed_lines": [], "summary": {"covered_lines": 0, "num_statements": 247, "percent_covered": 0.0, "percent_covered_display": "0", "missing_lines": 247, "excluded_lines": 0}, "missing_lines": [59, 61, 62, 64, 76, 77, 79, 81, 83, 93, 94, 95, 96, 97, 100, 105, 106, 108, 116, 118, 119, 120, 121, 122, 124, 125, 126, 127, 128, 129, 144, 147, 148, 149, 150, 151, 152, 153, 154, 157, 158, 159, 161, 162, 165, 166, 167, 168, 169, 170, 172, 175, 176, 177, 178, 179, 180, 181, 183, 185, 197, 198, 201, 202, 204, 205, 207, 210, 211, 212, 213, 214, 215, 217, 219, 220, 223, 229, 231, 232, 234, 240, 241, 242, 243, 246, 248, 250, 251, 254, 255, 256, 259, 261, 263, 264, 265, 267, 268, 269, 270, 274, 275, 276, 278, 279, 280, 281, 282, 284, 285, 286, 287, 289, 290, 292, 295, 296, 298, 301, 310, 312, 314, 315, 316, 319, 320, 321, 329, 331, 333, 337, 338, 340, 342, 343, 346, 347, 349, 357, 358, 360, 361, 363, 365, 366, 367, 384, 386, 387, 389, 392, 394, 402, 403, 405, 406, 409, 410, 419, 420, 436, 437, 439, 440, 441, 452, 453, 454, 455, 456, 457, 458, 459, 460, 468, 469, 470, 472, 473, 480, 481, 497, 499, 500, 501, 510, 528, 529, 530, 531, 535, 537, 539, 540, 547, 552, 565, 574, 575, 578, 579, 580, 583, 584, 585, 586, 588, 595, 598, 602, 607, 608, 609, 612, 613, 614, 619, 622, 628, 629, 630, 633, 636, 637, 643, 646, 647, 662, 668, 672, 677, 678, 680, 682, 684, 687, 690, 691, 725, 727, 738, 739, 745, 757, 759, 763], "excluded_lines": []}, "": {"executed_lines": [], "summary": {"covered_lines": 0, "num_statements": 40, "percent_covered": 0.0, "percent_covered_display": "0", "missing_lines": 40, "excluded_lines": 0}, "missing_lines": [23, 24, 25, 26, 28, 29, 30, 32, 33, 34, 35, 39, 41, 43, 46, 47, 48, 51, 57, 66, 131, 187, 323, 351, 369, 443, 462, 503, 747, 766, 768, 771, 775, 776, 777, 778, 781, 782, 785, 786], "excluded_lines": []}}}, "src\\utils\\__init__.py": {"executed_lines": [0], "summary": {"covered_lines": 0, "num_statements": 0, "percent_covered": 100.0, "percent_covered_display": "100", "missing_lines": 0, "excluded_lines": 0}, "missing_lines": [], "excluded_lines": [], "functions": {"": {"executed_lines": [], "summary": {"covered_lines": 0, "num_statements": 0, "percent_covered": 100.0, "percent_covered_display": "100", "missing_lines": 0, "excluded_lines": 0}, "missing_lines": [], "excluded_lines": []}}, "classes": {"": {"executed_lines": [], "summary": {"covered_lines": 0, "num_statements": 0, "percent_covered": 100.0, "percent_covered_display": "100", "missing_lines": 0, "excluded_lines": 0}, "missing_lines": [], "excluded_lines": []}}}, "src\\utils\\fusion.py": {"executed_lines": [1, 10, 11, 13, 15, 18, 86, 163], "summary": {"covered_lines": 7, "num_statements": 67, "percent_covered": 10.447761194029852, "percent_covered_display": "10", "missing_lines": 60, "excluded_lines": 0}, "missing_lines": [41, 42, 45, 46, 48, 49, 51, 54, 55, 58, 59, 62, 69, 70, 71, 72, 73, 74, 76, 83, 110, 111, 114, 115, 118, 119, 122, 123, 125, 128, 129, 132, 133, 135, 136, 139, 146, 147, 148, 149, 150, 151, 153, 160, 178, 179, 182, 183, 184, 185, 188, 189, 191, 192, 193, 194, 195, 196, 198, 200], "excluded_lines": [], "functions": {"reciprocal_rank_fusion": {"executed_lines": [], "summary": {"covered_lines": 0, "num_statements": 20, "percent_covered": 0.0, "percent_covered_display": "0", "missing_lines": 20, "excluded_lines": 0}, "missing_lines": [41, 42, 45, 46, 48, 49, 51, 54, 55, 58, 59, 62, 69, 70, 71, 72, 73, 74, 76, 83], "excluded_lines": []}, "weighted_reciprocal_rank_fusion": {"executed_lines": [], "summary": {"covered_lines": 0, "num_statements": 24, "percent_covered": 0.0, "percent_covered_display": "0", "missing_lines": 24, "excluded_lines": 0}, "missing_lines": [110, 111, 114, 115, 118, 119, 122, 123, 125, 128, 129, 132, 133, 135, 136, 139, 146, 147, 148, 149, 150, 151, 153, 160], "excluded_lines": []}, "analyze_ranking_diversity": {"executed_lines": [], "summary": {"covered_lines": 0, "num_statements": 16, "percent_covered": 0.0, "percent_covered_display": "0", "missing_lines": 16, "excluded_lines": 0}, "missing_lines": [178, 179, 182, 183, 184, 185, 188, 189, 191, 192, 193, 194, 195, 196, 198, 200], "excluded_lines": []}, "": {"executed_lines": [1, 10, 11, 13, 15, 18, 86, 163], "summary": {"covered_lines": 7, "num_statements": 7, "percent_covered": 100.0, "percent_covered_display": "100", "missing_lines": 0, "excluded_lines": 0}, "missing_lines": [], "excluded_lines": []}}, "classes": {"": {"executed_lines": [1, 10, 11, 13, 15, 18, 86, 163], "summary": {"covered_lines": 7, "num_statements": 67, "percent_covered": 10.447761194029852, "percent_covered_display": "10", "missing_lines": 60, "excluded_lines": 0}, "missing_lines": [41, 42, 45, 46, 48, 49, 51, 54, 55, 58, 59, 62, 69, 70, 71, 72, 73, 74, 76, 83, 110, 111, 114, 115, 118, 119, 122, 123, 125, 128, 129, 132, 133, 135, 136, 139, 146, 147, 148, 149, 150, 151, 153, 160, 178, 179, 182, 183, 184, 185, 188, 189, 191, 192, 193, 194, 195, 196, 198, 200], "excluded_lines": []}}}}, "totals": {"covered_lines": 4947, "num_statements": 11847, "percent_covered": 41.75740693846544, "percent_covered_display": "42", "missing_lines": 6900, "excluded_lines": 22}}