{"meta": {"format": 3, "version": "7.10.7", "timestamp": "2025-10-16T06:42:28.299521", "branch_coverage": false, "show_contexts": false}, "files": {"src\\__init__.py": {"executed_lines": [0], "summary": {"covered_lines": 0, "num_statements": 0, "percent_covered": 100.0, "percent_covered_display": "100", "missing_lines": 0, "excluded_lines": 0}, "missing_lines": [], "excluded_lines": [], "functions": {"": {"executed_lines": [], "summary": {"covered_lines": 0, "num_statements": 0, "percent_covered": 100.0, "percent_covered_display": "100", "missing_lines": 0, "excluded_lines": 0}, "missing_lines": [], "excluded_lines": []}}, "classes": {"": {"executed_lines": [], "summary": {"covered_lines": 0, "num_statements": 0, "percent_covered": 100.0, "percent_covered_display": "100", "missing_lines": 0, "excluded_lines": 0}, "missing_lines": [], "excluded_lines": []}}}, "src\\agents\\__init__.py": {"executed_lines": [1, 14, 15, 21, 22, 33, 34, 35, 36, 44, 46], "summary": {"covered_lines": 10, "num_statements": 10, "percent_covered": 100.0, "percent_covered_display": "100", "missing_lines": 0, "excluded_lines": 0}, "missing_lines": [], "excluded_lines": [], "functions": {"": {"executed_lines": [1, 14, 15, 21, 22, 33, 34, 35, 36, 44, 46], "summary": {"covered_lines": 10, "num_statements": 10, "percent_covered": 100.0, "percent_covered_display": "100", "missing_lines": 0, "excluded_lines": 0}, "missing_lines": [], "excluded_lines": []}}, "classes": {"": {"executed_lines": [1, 14, 15, 21, 22, 33, 34, 35, 36, 44, 46], "summary": {"covered_lines": 10, "num_statements": 10, "percent_covered": 100.0, "percent_covered_display": "100", "missing_lines": 0, "excluded_lines": 0}, "missing_lines": [], "excluded_lines": []}}}, "src\\agents\\base.py": {"executed_lines": [], "summary": {"covered_lines": 0, "num_statements": 38, "percent_covered": 0.0, "percent_covered_display": "0", "missing_lines": 38, "excluded_lines": 0}, "missing_lines": [9, 10, 11, 13, 15, 18, 27, 33, 34, 36, 37, 52, 54, 60, 62, 75, 76, 77, 79, 86, 87, 88, 89, 91, 92, 96, 98, 104, 106, 115, 117, 124, 126, 134, 138, 146, 147, 149], "excluded_lines": [], "functions": {"BaseAgent.__init__": {"executed_lines": [], "summary": {"covered_lines": 0, "num_statements": 2, "percent_covered": 0.0, "percent_covered_display": "0", "missing_lines": 2, "excluded_lines": 0}, "missing_lines": [33, 34], "excluded_lines": []}, "BaseAgent.process": {"executed_lines": [], "summary": {"covered_lines": 0, "num_statements": 1, "percent_covered": 0.0, "percent_covered_display": "0", "missing_lines": 1, "excluded_lines": 0}, "missing_lines": [52], "excluded_lines": []}, "BaseAgent.get_name": {"executed_lines": [], "summary": {"covered_lines": 0, "num_statements": 1, "percent_covered": 0.0, "percent_covered_display": "0", "missing_lines": 1, "excluded_lines": 0}, "missing_lines": [60], "excluded_lines": []}, "BaseAgent.handle_error": {"executed_lines": [], "summary": {"covered_lines": 0, "num_statements": 3, "percent_covered": 0.0, "percent_covered_display": "0", "missing_lines": 3, "excluded_lines": 0}, "missing_lines": [75, 76, 77], "excluded_lines": []}, "BaseAgent._add_trace": {"executed_lines": [], "summary": {"covered_lines": 0, "num_statements": 7, "percent_covered": 0.0, "percent_covered_display": "0", "missing_lines": 7, "excluded_lines": 0}, "missing_lines": [86, 87, 88, 89, 91, 92, 96], "excluded_lines": []}, "BaseAgent._measure_latency": {"executed_lines": [], "summary": {"covered_lines": 0, "num_statements": 1, "percent_covered": 0.0, "percent_covered_display": "0", "missing_lines": 1, "excluded_lines": 0}, "missing_lines": [104], "excluded_lines": []}, "BaseAgent._calculate_latency_ms": {"executed_lines": [], "summary": {"covered_lines": 0, "num_statements": 1, "percent_covered": 0.0, "percent_covered_display": "0", "missing_lines": 1, "excluded_lines": 0}, "missing_lines": [115], "excluded_lines": []}, "BaseAgent._log_success": {"executed_lines": [], "summary": {"covered_lines": 0, "num_statements": 1, "percent_covered": 0.0, "percent_covered_display": "0", "missing_lines": 1, "excluded_lines": 0}, "missing_lines": [124], "excluded_lines": []}, "BaseAgent._log_error": {"executed_lines": [], "summary": {"covered_lines": 0, "num_statements": 1, "percent_covered": 0.0, "percent_covered_display": "0", "missing_lines": 1, "excluded_lines": 0}, "missing_lines": [134], "excluded_lines": []}, "BaseAgent._set_error": {"executed_lines": [], "summary": {"covered_lines": 0, "num_statements": 3, "percent_covered": 0.0, "percent_covered_display": "0", "missing_lines": 3, "excluded_lines": 0}, "missing_lines": [146, 147, 149], "excluded_lines": []}, "": {"executed_lines": [], "summary": {"covered_lines": 0, "num_statements": 17, "percent_covered": 0.0, "percent_covered_display": "0", "missing_lines": 17, "excluded_lines": 0}, "missing_lines": [9, 10, 11, 13, 15, 18, 27, 36, 37, 54, 62, 79, 98, 106, 117, 126, 138], "excluded_lines": []}}, "classes": {"BaseAgent": {"executed_lines": [], "summary": {"covered_lines": 0, "num_statements": 21, "percent_covered": 0.0, "percent_covered_display": "0", "missing_lines": 21, "excluded_lines": 0}, "missing_lines": [33, 34, 52, 60, 75, 76, 77, 86, 87, 88, 89, 91, 92, 96, 104, 115, 124, 134, 146, 147, 149], "excluded_lines": []}, "": {"executed_lines": [], "summary": {"covered_lines": 0, "num_statements": 17, "percent_covered": 0.0, "percent_covered_display": "0", "missing_lines": 17, "excluded_lines": 0}, "missing_lines": [9, 10, 11, 13, 15, 18, 27, 36, 37, 54, 62, 79, 98, 106, 117, 126, 138], "excluded_lines": []}}}, "src\\agents\\base_agent.py": {"executed_lines": [1, 9, 10, 11, 13, 15, 18, 19, 27, 33, 34, 36, 37, 54, 60, 62, 75, 76, 77, 79, 86, 87, 88, 89, 91, 92, 96, 98, 104, 106, 115, 117, 124, 126, 134, 138, 146, 147, 149], "summary": {"covered_lines": 37, "num_statements": 38, "percent_covered": 97.36842105263158, "percent_covered_display": "97", "missing_lines": 1, "excluded_lines": 0}, "missing_lines": [52], "excluded_lines": [], "functions": {"BaseAgent.__init__": {"executed_lines": [33, 34], "summary": {"covered_lines": 2, "num_statements": 2, "percent_covered": 100.0, "percent_covered_display": "100", "missing_lines": 0, "excluded_lines": 0}, "missing_lines": [], "excluded_lines": []}, "BaseAgent.process": {"executed_lines": [], "summary": {"covered_lines": 0, "num_statements": 1, "percent_covered": 0.0, "percent_covered_display": "0", "missing_lines": 1, "excluded_lines": 0}, "missing_lines": [52], "excluded_lines": []}, "BaseAgent.get_name": {"executed_lines": [60], "summary": {"covered_lines": 1, "num_statements": 1, "percent_covered": 100.0, "percent_covered_display": "100", "missing_lines": 0, "excluded_lines": 0}, "missing_lines": [], "excluded_lines": []}, "BaseAgent.handle_error": {"executed_lines": [75, 76, 77], "summary": {"covered_lines": 3, "num_statements": 3, "percent_covered": 100.0, "percent_covered_display": "100", "missing_lines": 0, "excluded_lines": 0}, "missing_lines": [], "excluded_lines": []}, "BaseAgent._add_trace": {"executed_lines": [86, 87, 88, 89, 91, 92, 96], "summary": {"covered_lines": 7, "num_statements": 7, "percent_covered": 100.0, "percent_covered_display": "100", "missing_lines": 0, "excluded_lines": 0}, "missing_lines": [], "excluded_lines": []}, "BaseAgent._measure_latency": {"executed_lines": [104], "summary": {"covered_lines": 1, "num_statements": 1, "percent_covered": 100.0, "percent_covered_display": "100", "missing_lines": 0, "excluded_lines": 0}, "missing_lines": [], "excluded_lines": []}, "BaseAgent._calculate_latency_ms": {"executed_lines": [115], "summary": {"covered_lines": 1, "num_statements": 1, "percent_covered": 100.0, "percent_covered_display": "100", "missing_lines": 0, "excluded_lines": 0}, "missing_lines": [], "excluded_lines": []}, "BaseAgent._log_success": {"executed_lines": [124], "summary": {"covered_lines": 1, "num_statements": 1, "percent_covered": 100.0, "percent_covered_display": "100", "missing_lines": 0, "excluded_lines": 0}, "missing_lines": [], "excluded_lines": []}, "BaseAgent._log_error": {"executed_lines": [134], "summary": {"covered_lines": 1, "num_statements": 1, "percent_covered": 100.0, "percent_covered_display": "100", "missing_lines": 0, "excluded_lines": 0}, "missing_lines": [], "excluded_lines": []}, "BaseAgent._set_error": {"executed_lines": [146, 147, 149], "summary": {"covered_lines": 3, "num_statements": 3, "percent_covered": 100.0, "percent_covered_display": "100", "missing_lines": 0, "excluded_lines": 0}, "missing_lines": [], "excluded_lines": []}, "": {"executed_lines": [1, 9, 10, 11, 13, 15, 18, 19, 27, 36, 37, 54, 62, 79, 98, 106, 117, 126, 138], "summary": {"covered_lines": 17, "num_statements": 17, "percent_covered": 100.0, "percent_covered_display": "100", "missing_lines": 0, "excluded_lines": 0}, "missing_lines": [], "excluded_lines": []}}, "classes": {"BaseAgent": {"executed_lines": [33, 34, 60, 75, 76, 77, 86, 87, 88, 89, 91, 92, 96, 104, 115, 124, 134, 146, 147, 149], "summary": {"covered_lines": 20, "num_statements": 21, "percent_covered": 95.23809523809524, "percent_covered_display": "95", "missing_lines": 1, "excluded_lines": 0}, "missing_lines": [52], "excluded_lines": []}, "": {"executed_lines": [1, 9, 10, 11, 13, 15, 18, 19, 27, 36, 37, 54, 62, 79, 98, 106, 117, 126, 138], "summary": {"covered_lines": 17, "num_statements": 17, "percent_covered": 100.0, "percent_covered_display": "100", "missing_lines": 0, "excluded_lines": 0}, "missing_lines": [], "excluded_lines": []}}}, "src\\agents\\checkpointer.py": {"executed_lines": [1, 9, 11, 12, 14, 17, 31, 38, 40, 42, 45, 62, 69, 109, 167], "summary": {"covered_lines": 14, "num_statements": 28, "percent_covered": 50.0, "percent_covered_display": "50", "missing_lines": 14, "excluded_lines": 0}, "missing_lines": [87, 88, 90, 92, 98, 100, 101, 106, 126, 130, 135, 137, 138, 143], "excluded_lines": [], "functions": {"create_checkpointer": {"executed_lines": [31, 38, 40, 42], "summary": {"covered_lines": 4, "num_statements": 4, "percent_covered": 100.0, "percent_covered_display": "100", "missing_lines": 0, "excluded_lines": 0}, "missing_lines": [], "excluded_lines": []}, "create_thread_config": {"executed_lines": [62], "summary": {"covered_lines": 1, "num_statements": 1, "percent_covered": 100.0, "percent_covered_display": "100", "missing_lines": 0, "excluded_lines": 0}, "missing_lines": [], "excluded_lines": []}, "get_conversation_history": {"executed_lines": [], "summary": {"covered_lines": 0, "num_statements": 8, "percent_covered": 0.0, "percent_covered_display": "0", "missing_lines": 8, "excluded_lines": 0}, "missing_lines": [87, 88, 90, 92, 98, 100, 101, 106], "excluded_lines": []}, "clear_conversation_history": {"executed_lines": [], "summary": {"covered_lines": 0, "num_statements": 6, "percent_covered": 0.0, "percent_covered_display": "0", "missing_lines": 6, "excluded_lines": 0}, "missing_lines": [126, 130, 135, 137, 138, 143], "excluded_lines": []}, "": {"executed_lines": [1, 9, 11, 12, 14, 17, 45, 69, 109, 167], "summary": {"covered_lines": 9, "num_statements": 9, "percent_covered": 100.0, "percent_covered_display": "100", "missing_lines": 0, "excluded_lines": 0}, "missing_lines": [], "excluded_lines": []}}, "classes": {"": {"executed_lines": [1, 9, 11, 12, 14, 17, 31, 38, 40, 42, 45, 62, 69, 109, 167], "summary": {"covered_lines": 14, "num_statements": 28, "percent_covered": 50.0, "percent_covered_display": "50", "missing_lines": 14, "excluded_lines": 0}, "missing_lines": [87, 88, 90, 92, 98, 100, 101, 106, 126, 130, 135, 137, 138, 143], "excluded_lines": []}}}, "src\\agents\\coordinator.py": {"executed_lines": [1, 10, 11, 13, 14, 16, 17, 18, 19, 20, 21, 23, 26, 27, 40, 51, 52, 53, 56, 57, 58, 61, 63, 69, 70, 109, 111, 112, 120, 126, 127, 128, 129, 132, 138, 141, 144, 151, 153, 154, 158, 167, 169, 170, 172, 181, 182, 190, 192, 199, 201, 225, 227, 228, 236, 237, 241, 243, 244, 251, 260, 262, 270, 272, 285, 286, 291, 293, 294, 296, 297, 302, 304, 305, 310, 318, 321, 340, 341, 343, 347], "summary": {"covered_lines": 79, "num_statements": 82, "percent_covered": 96.34146341463415, "percent_covered_display": "96", "missing_lines": 3, "excluded_lines": 0}, "missing_lines": [142, 152, 191], "excluded_lines": [], "functions": {"CoordinatorAgent.__init__": {"executed_lines": [51, 52, 53, 56, 57, 58, 61, 63], "summary": {"covered_lines": 8, "num_statements": 8, "percent_covered": 100.0, "percent_covered_display": "100", "missing_lines": 0, "excluded_lines": 0}, "missing_lines": [], "excluded_lines": []}, "CoordinatorAgent.process_query": {"executed_lines": [109, 111, 112, 120, 126, 127, 128, 129, 132, 138, 141, 144, 151, 153, 154, 158, 167, 169, 170, 172, 181, 182, 190, 192, 199], "summary": {"covered_lines": 25, "num_statements": 28, "percent_covered": 89.28571428571429, "percent_covered_display": "89", "missing_lines": 3, "excluded_lines": 0}, "missing_lines": [142, 152, 191], "excluded_lines": []}, "CoordinatorAgent.process_multi_turn": {"executed_lines": [225, 227, 228, 236, 237, 241, 243, 244, 251, 260, 262, 270], "summary": {"covered_lines": 12, "num_statements": 12, "percent_covered": 100.0, "percent_covered_display": "100", "missing_lines": 0, "excluded_lines": 0}, "missing_lines": [], "excluded_lines": []}, "CoordinatorAgent.get_session_history": {"executed_lines": [285, 286, 291, 293, 294, 296, 297, 302, 304, 305, 310], "summary": {"covered_lines": 11, "num_statements": 11, "percent_covered": 100.0, "percent_covered_display": "100", "missing_lines": 0, "excluded_lines": 0}, "missing_lines": [], "excluded_lines": []}, "get_coordinator": {"executed_lines": [340, 341, 343], "summary": {"covered_lines": 3, "num_statements": 3, "percent_covered": 100.0, "percent_covered_display": "100", "missing_lines": 0, "excluded_lines": 0}, "missing_lines": [], "excluded_lines": []}, "": {"executed_lines": [1, 10, 11, 13, 14, 16, 17, 18, 19, 20, 21, 23, 26, 27, 40, 69, 70, 201, 272, 318, 321, 347], "summary": {"covered_lines": 20, "num_statements": 20, "percent_covered": 100.0, "percent_covered_display": "100", "missing_lines": 0, "excluded_lines": 0}, "missing_lines": [], "excluded_lines": []}}, "classes": {"CoordinatorAgent": {"executed_lines": [51, 52, 53, 56, 57, 58, 61, 63, 109, 111, 112, 120, 126, 127, 128, 129, 132, 138, 141, 144, 151, 153, 154, 158, 167, 169, 170, 172, 181, 182, 190, 192, 199, 225, 227, 228, 236, 237, 241, 243, 244, 251, 260, 262, 270, 285, 286, 291, 293, 294, 296, 297, 302, 304, 305, 310], "summary": {"covered_lines": 56, "num_statements": 59, "percent_covered": 94.91525423728814, "percent_covered_display": "95", "missing_lines": 3, "excluded_lines": 0}, "missing_lines": [142, 152, 191], "excluded_lines": []}, "": {"executed_lines": [1, 10, 11, 13, 14, 16, 17, 18, 19, 20, 21, 23, 26, 27, 40, 69, 70, 201, 272, 318, 321, 340, 341, 343, 347], "summary": {"covered_lines": 23, "num_statements": 23, "percent_covered": 100.0, "percent_covered_display": "100", "missing_lines": 0, "excluded_lines": 0}, "missing_lines": [], "excluded_lines": []}}}, "src\\agents\\error_handler.py": {"executed_lines": [1, 10, 12, 14, 22, 23, 29, 44, 45, 46, 47, 48, 50, 52, 53, 54, 55, 56, 57, 60, 61, 70, 73, 74, 84, 87, 88, 97, 100, 101, 109, 112, 113, 122, 130, 159, 160, 161, 164, 174, 175, 178, 187, 188, 189, 192, 195, 196, 197, 199, 202, 212, 220, 228, 229, 230, 231, 234, 235, 244, 245, 249, 252, 261, 262, 264, 265, 275, 286, 287, 288, 290, 294], "summary": {"covered_lines": 66, "num_statements": 67, "percent_covered": 98.50746268656717, "percent_covered_display": "99", "missing_lines": 1, "excluded_lines": 0}, "missing_lines": [246], "excluded_lines": [], "functions": {"AgentExecutionError.__init__": {"executed_lines": [44, 45, 46, 47, 48], "summary": {"covered_lines": 5, "num_statements": 5, "percent_covered": 100.0, "percent_covered_display": "100", "missing_lines": 0, "excluded_lines": 0}, "missing_lines": [], "excluded_lines": []}, "AgentExecutionError.__str__": {"executed_lines": [52, 53, 54, 55, 56, 57], "summary": {"covered_lines": 6, "num_statements": 6, "percent_covered": 100.0, "percent_covered_display": "100", "missing_lines": 0, "excluded_lines": 0}, "missing_lines": [], "excluded_lines": []}, "handle_agent_error": {"executed_lines": [159, 160, 161, 164, 174, 175, 178, 187, 188, 189, 192, 195, 196, 197, 199], "summary": {"covered_lines": 15, "num_statements": 15, "percent_covered": 100.0, "percent_covered_display": "100", "missing_lines": 0, "excluded_lines": 0}, "missing_lines": [], "excluded_lines": []}, "_is_retryable_error": {"executed_lines": [212, 220, 228, 229, 230, 231, 234, 235, 244, 245, 249], "summary": {"covered_lines": 11, "num_statements": 12, "percent_covered": 91.66666666666667, "percent_covered_display": "92", "missing_lines": 1, "excluded_lines": 0}, "missing_lines": [246], "excluded_lines": []}, "get_error_summary": {"executed_lines": [261, 262, 264, 265], "summary": {"covered_lines": 4, "num_statements": 4, "percent_covered": 100.0, "percent_covered_display": "100", "missing_lines": 0, "excluded_lines": 0}, "missing_lines": [], "excluded_lines": []}, "clear_errors": {"executed_lines": [286, 287, 288, 290], "summary": {"covered_lines": 4, "num_statements": 4, "percent_covered": 100.0, "percent_covered_display": "100", "missing_lines": 0, "excluded_lines": 0}, "missing_lines": [], "excluded_lines": []}, "": {"executed_lines": [1, 10, 12, 14, 22, 23, 29, 50, 60, 61, 70, 73, 74, 84, 87, 88, 97, 100, 101, 109, 112, 113, 122, 130, 202, 252, 275, 294], "summary": {"covered_lines": 21, "num_statements": 21, "percent_covered": 100.0, "percent_covered_display": "100", "missing_lines": 0, "excluded_lines": 0}, "missing_lines": [], "excluded_lines": []}}, "classes": {"AgentExecutionError": {"executed_lines": [44, 45, 46, 47, 48, 52, 53, 54, 55, 56, 57], "summary": {"covered_lines": 11, "num_statements": 11, "percent_covered": 100.0, "percent_covered_display": "100", "missing_lines": 0, "excluded_lines": 0}, "missing_lines": [], "excluded_lines": []}, "RetrievalError": {"executed_lines": [], "summary": {"covered_lines": 0, "num_statements": 0, "percent_covered": 100.0, "percent_covered_display": "100", "missing_lines": 0, "excluded_lines": 0}, "missing_lines": [], "excluded_lines": []}, "LLMError": {"executed_lines": [], "summary": {"covered_lines": 0, "num_statements": 0, "percent_covered": 100.0, "percent_covered_display": "100", "missing_lines": 0, "excluded_lines": 0}, "missing_lines": [], "excluded_lines": []}, "StateError": {"executed_lines": [], "summary": {"covered_lines": 0, "num_statements": 0, "percent_covered": 100.0, "percent_covered_display": "100", "missing_lines": 0, "excluded_lines": 0}, "missing_lines": [], "excluded_lines": []}, "RouterError": {"executed_lines": [], "summary": {"covered_lines": 0, "num_statements": 0, "percent_covered": 100.0, "percent_covered_display": "100", "missing_lines": 0, "excluded_lines": 0}, "missing_lines": [], "excluded_lines": []}, "TimeoutError": {"executed_lines": [], "summary": {"covered_lines": 0, "num_statements": 0, "percent_covered": 100.0, "percent_covered_display": "100", "missing_lines": 0, "excluded_lines": 0}, "missing_lines": [], "excluded_lines": []}, "": {"executed_lines": [1, 10, 12, 14, 22, 23, 29, 50, 60, 61, 70, 73, 74, 84, 87, 88, 97, 100, 101, 109, 112, 113, 122, 130, 159, 160, 161, 164, 174, 175, 178, 187, 188, 189, 192, 195, 196, 197, 199, 202, 212, 220, 228, 229, 230, 231, 234, 235, 244, 245, 249, 252, 261, 262, 264, 265, 275, 286, 287, 288, 290, 294], "summary": {"covered_lines": 55, "num_statements": 56, "percent_covered": 98.21428571428571, "percent_covered_display": "98", "missing_lines": 1, "excluded_lines": 0}, "missing_lines": [246], "excluded_lines": []}}}, "src\\agents\\graph.py": {"executed_lines": [1, 10, 12, 13, 15, 16, 18, 21, 33, 40, 41, 42, 43, 45, 48, 50, 53, 65, 66, 68, 72, 75, 89, 92, 95, 98, 102, 113, 115, 118, 135, 140, 143, 144, 145, 147, 148, 150, 153, 203], "summary": {"covered_lines": 39, "num_statements": 45, "percent_covered": 86.66666666666667, "percent_covered_display": "87", "missing_lines": 6, "excluded_lines": 0}, "missing_lines": [178, 187, 190, 191, 193, 199], "excluded_lines": [], "functions": {"router_node": {"executed_lines": [33, 40, 41, 42, 43, 45, 48, 50], "summary": {"covered_lines": 8, "num_statements": 8, "percent_covered": 100.0, "percent_covered_display": "100", "missing_lines": 0, "excluded_lines": 0}, "missing_lines": [], "excluded_lines": []}, "route_query": {"executed_lines": [65, 66, 68, 72], "summary": {"covered_lines": 4, "num_statements": 4, "percent_covered": 100.0, "percent_covered_display": "100", "missing_lines": 0, "excluded_lines": 0}, "missing_lines": [], "excluded_lines": []}, "create_base_graph": {"executed_lines": [89, 92, 95, 98, 102, 113, 115], "summary": {"covered_lines": 7, "num_statements": 7, "percent_covered": 100.0, "percent_covered_display": "100", "missing_lines": 0, "excluded_lines": 0}, "missing_lines": [], "excluded_lines": []}, "compile_graph": {"executed_lines": [135, 140, 143, 144, 145, 147, 148, 150], "summary": {"covered_lines": 8, "num_statements": 8, "percent_covered": 100.0, "percent_covered_display": "100", "missing_lines": 0, "excluded_lines": 0}, "missing_lines": [], "excluded_lines": []}, "invoke_graph": {"executed_lines": [], "summary": {"covered_lines": 0, "num_statements": 6, "percent_covered": 0.0, "percent_covered_display": "0", "missing_lines": 6, "excluded_lines": 0}, "missing_lines": [178, 187, 190, 191, 193, 199], "excluded_lines": []}, "": {"executed_lines": [1, 10, 12, 13, 15, 16, 18, 21, 53, 75, 118, 153, 203], "summary": {"covered_lines": 12, "num_statements": 12, "percent_covered": 100.0, "percent_covered_display": "100", "missing_lines": 0, "excluded_lines": 0}, "missing_lines": [], "excluded_lines": []}}, "classes": {"": {"executed_lines": [1, 10, 12, 13, 15, 16, 18, 21, 33, 40, 41, 42, 43, 45, 48, 50, 53, 65, 66, 68, 72, 75, 89, 92, 95, 98, 102, 113, 115, 118, 135, 140, 143, 144, 145, 147, 148, 150, 153, 203], "summary": {"covered_lines": 39, "num_statements": 45, "percent_covered": 86.66666666666667, "percent_covered_display": "87", "missing_lines": 6, "excluded_lines": 0}, "missing_lines": [178, 187, 190, 191, 193, 199], "excluded_lines": []}}}, "src\\agents\\retry.py": {"executed_lines": [1, 9, 10, 11, 13, 14, 15, 23, 25, 28, 36, 42, 43, 58, 85, 86, 87, 107, 108, 110, 111, 131, 135, 136, 140, 143, 165, 166, 167, 168, 169, 172, 173, 179, 181, 182, 195, 196, 200, 208, 235, 237, 238, 239, 245, 246, 247, 252, 254, 255, 256, 264, 266, 268, 269, 271, 279, 280, 287], "summary": {"covered_lines": 58, "num_statements": 67, "percent_covered": 86.56716417910448, "percent_covered_display": "87", "missing_lines": 9, "excluded_lines": 1}, "missing_lines": [132, 138, 183, 184, 185, 186, 192, 198, 283], "excluded_lines": [64], "functions": {"log_retry_attempt": {"executed_lines": [42, 43], "summary": {"covered_lines": 2, "num_statements": 2, "percent_covered": 100.0, "percent_covered_display": "100", "missing_lines": 0, "excluded_lines": 0}, "missing_lines": [], "excluded_lines": []}, "retry_on_failure": {"executed_lines": [85, 86, 87, 140], "summary": {"covered_lines": 4, "num_statements": 4, "percent_covered": 100.0, "percent_covered_display": "100", "missing_lines": 0, "excluded_lines": 1}, "missing_lines": [], "excluded_lines": [64]}, "retry_on_failure.decorator": {"executed_lines": [107, 110, 111, 131, 135, 136], "summary": {"covered_lines": 6, "num_statements": 7, "percent_covered": 85.71428571428571, "percent_covered_display": "86", "missing_lines": 1, "excluded_lines": 0}, "missing_lines": [138], "excluded_lines": []}, "retry_on_failure.decorator.async_wrapper": {"executed_lines": [108], "summary": {"covered_lines": 1, "num_statements": 1, "percent_covered": 100.0, "percent_covered_display": "100", "missing_lines": 0, "excluded_lines": 0}, "missing_lines": [], "excluded_lines": []}, "retry_on_failure.decorator.sync_wrapper": {"executed_lines": [], "summary": {"covered_lines": 0, "num_statements": 1, "percent_covered": 0.0, "percent_covered_display": "0", "missing_lines": 1, "excluded_lines": 0}, "missing_lines": [132], "excluded_lines": []}, "retry_with_fallback": {"executed_lines": [165, 166, 200], "summary": {"covered_lines": 3, "num_statements": 3, "percent_covered": 100.0, "percent_covered_display": "100", "missing_lines": 0, "excluded_lines": 0}, "missing_lines": [], "excluded_lines": []}, "retry_with_fallback.decorator": {"executed_lines": [167, 181, 182, 195, 196], "summary": {"covered_lines": 5, "num_statements": 6, "percent_covered": 83.33333333333333, "percent_covered_display": "83", "missing_lines": 1, "excluded_lines": 0}, "missing_lines": [198], "excluded_lines": []}, "retry_with_fallback.decorator.async_wrapper": {"executed_lines": [168, 169, 172, 173, 179], "summary": {"covered_lines": 5, "num_statements": 5, "percent_covered": 100.0, "percent_covered_display": "100", "missing_lines": 0, "excluded_lines": 0}, "missing_lines": [], "excluded_lines": []}, "retry_with_fallback.decorator.sync_wrapper": {"executed_lines": [], "summary": {"covered_lines": 0, "num_statements": 5, "percent_covered": 0.0, "percent_covered_display": "0", "missing_lines": 5, "excluded_lines": 0}, "missing_lines": [183, 184, 185, 186, 192], "excluded_lines": []}, "retry_async_operation": {"executed_lines": [235, 237, 238, 239, 245, 246, 247, 252, 254, 255, 256, 264, 266, 268, 269, 271, 279, 280], "summary": {"covered_lines": 18, "num_statements": 19, "percent_covered": 94.73684210526316, "percent_covered_display": "95", "missing_lines": 1, "excluded_lines": 0}, "missing_lines": [283], "excluded_lines": []}, "": {"executed_lines": [1, 9, 10, 11, 13, 14, 15, 23, 25, 28, 36, 58, 143, 208, 287], "summary": {"covered_lines": 14, "num_statements": 14, "percent_covered": 100.0, "percent_covered_display": "100", "missing_lines": 0, "excluded_lines": 0}, "missing_lines": [], "excluded_lines": []}}, "classes": {"": {"executed_lines": [1, 9, 10, 11, 13, 14, 15, 23, 25, 28, 36, 42, 43, 58, 85, 86, 87, 107, 108, 110, 111, 131, 135, 136, 140, 143, 165, 166, 167, 168, 169, 172, 173, 179, 181, 182, 195, 196, 200, 208, 235, 237, 238, 239, 245, 246, 247, 252, 254, 255, 256, 264, 266, 268, 269, 271, 279, 280, 287], "summary": {"covered_lines": 58, "num_statements": 67, "percent_covered": 86.56716417910448, "percent_covered_display": "87", "missing_lines": 9, "excluded_lines": 1}, "missing_lines": [132, 138, 183, 184, 185, 186, 192, 198, 283], "excluded_lines": [64]}}}, "src\\agents\\router.py": {"executed_lines": [1, 9, 10, 11, 13, 14, 15, 22, 23, 25, 28, 29, 31, 32, 33, 34, 35, 38, 39, 41, 60, 61, 62, 63, 64, 65, 68, 70, 78, 91, 94, 95, 96, 97, 100, 101, 102, 114, 119, 121, 127, 142, 144, 146, 153, 163, 166, 168, 175, 177, 178, 185, 189, 192, 199, 200, 201, 204, 216, 218, 220, 222, 225, 228, 229, 232, 233, 234, 235, 237, 238, 240, 246, 248, 249, 256, 257, 258, 260, 264], "summary": {"covered_lines": 77, "num_statements": 84, "percent_covered": 91.66666666666667, "percent_covered_display": "92", "missing_lines": 7, "excluded_lines": 0}, "missing_lines": [103, 104, 105, 106, 109, 110, 111], "excluded_lines": [], "functions": {"IntentClassifier.__init__": {"executed_lines": [60, 61, 62, 63, 64, 65, 68, 70], "summary": {"covered_lines": 8, "num_statements": 8, "percent_covered": 100.0, "percent_covered_display": "100", "missing_lines": 0, "excluded_lines": 0}, "missing_lines": [], "excluded_lines": []}, "IntentClassifier._parse_intent": {"executed_lines": [91, 94, 95, 96, 97, 100, 101, 102, 114, 119], "summary": {"covered_lines": 10, "num_statements": 17, "percent_covered": 58.8235294117647, "percent_covered_display": "59", "missing_lines": 7, "excluded_lines": 0}, "missing_lines": [103, 104, 105, 106, 109, 110, 111], "excluded_lines": []}, "IntentClassifier.classify_intent": {"executed_lines": [142, 144, 146, 153, 163, 166, 168, 175, 177, 178, 185], "summary": {"covered_lines": 11, "num_statements": 11, "percent_covered": 100.0, "percent_covered_display": "100", "missing_lines": 0, "excluded_lines": 0}, "missing_lines": [], "excluded_lines": []}, "get_classifier": {"executed_lines": [199, 200, 201], "summary": {"covered_lines": 3, "num_statements": 3, "percent_covered": 100.0, "percent_covered_display": "100", "missing_lines": 0, "excluded_lines": 0}, "missing_lines": [], "excluded_lines": []}, "route_query": {"executed_lines": [216, 218, 220, 222, 225, 228, 229, 232, 233, 234, 235, 237, 238, 240, 246, 248, 249, 256, 257, 258, 260], "summary": {"covered_lines": 21, "num_statements": 21, "percent_covered": 100.0, "percent_covered_display": "100", "missing_lines": 0, "excluded_lines": 0}, "missing_lines": [], "excluded_lines": []}, "": {"executed_lines": [1, 9, 10, 11, 13, 14, 15, 22, 23, 25, 28, 29, 31, 32, 33, 34, 35, 38, 39, 41, 78, 121, 127, 189, 192, 204, 264], "summary": {"covered_lines": 24, "num_statements": 24, "percent_covered": 100.0, "percent_covered_display": "100", "missing_lines": 0, "excluded_lines": 0}, "missing_lines": [], "excluded_lines": []}}, "classes": {"QueryIntent": {"executed_lines": [], "summary": {"covered_lines": 0, "num_statements": 0, "percent_covered": 100.0, "percent_covered_display": "100", "missing_lines": 0, "excluded_lines": 0}, "missing_lines": [], "excluded_lines": []}, "IntentClassifier": {"executed_lines": [60, 61, 62, 63, 64, 65, 68, 70, 91, 94, 95, 96, 97, 100, 101, 102, 114, 119, 142, 144, 146, 153, 163, 166, 168, 175, 177, 178, 185], "summary": {"covered_lines": 29, "num_statements": 36, "percent_covered": 80.55555555555556, "percent_covered_display": "81", "missing_lines": 7, "excluded_lines": 0}, "missing_lines": [103, 104, 105, 106, 109, 110, 111], "excluded_lines": []}, "": {"executed_lines": [1, 9, 10, 11, 13, 14, 15, 22, 23, 25, 28, 29, 31, 32, 33, 34, 35, 38, 39, 41, 78, 121, 127, 189, 192, 199, 200, 201, 204, 216, 218, 220, 222, 225, 228, 229, 232, 233, 234, 235, 237, 238, 240, 246, 248, 249, 256, 257, 258, 260, 264], "summary": {"covered_lines": 48, "num_statements": 48, "percent_covered": 100.0, "percent_covered_display": "100", "missing_lines": 0, "excluded_lines": 0}, "missing_lines": [], "excluded_lines": []}}}, "src\\agents\\state.py": {"executed_lines": [1, 10, 11, 13, 14, 17, 18, 20, 21, 22, 23, 24, 25, 26, 29, 32, 33, 35, 36, 37, 40, 41, 42, 43, 46, 47, 64, 65, 69, 73, 77, 83, 84, 94, 98, 103, 108, 112, 118, 128, 141, 156, 157, 159, 160, 163, 164, 167, 169], "summary": {"covered_lines": 44, "num_statements": 44, "percent_covered": 100.0, "percent_covered_display": "100", "missing_lines": 0, "excluded_lines": 0}, "missing_lines": [], "excluded_lines": [], "functions": {"create_initial_state": {"executed_lines": [128], "summary": {"covered_lines": 1, "num_statements": 1, "percent_covered": 100.0, "percent_covered_display": "100", "missing_lines": 0, "excluded_lines": 0}, "missing_lines": [], "excluded_lines": []}, "update_state_metadata": {"executed_lines": [156, 157, 159, 160, 163, 164, 167, 169], "summary": {"covered_lines": 8, "num_statements": 8, "percent_covered": 100.0, "percent_covered_display": "100", "missing_lines": 0, "excluded_lines": 0}, "missing_lines": [], "excluded_lines": []}, "": {"executed_lines": [1, 10, 11, 13, 14, 17, 18, 20, 21, 22, 23, 24, 25, 26, 29, 32, 33, 35, 36, 37, 40, 41, 42, 43, 46, 47, 64, 65, 69, 73, 77, 83, 84, 94, 98, 103, 108, 112, 118, 141], "summary": {"covered_lines": 35, "num_statements": 35, "percent_covered": 100.0, "percent_covered_display": "100", "missing_lines": 0, "excluded_lines": 0}, "missing_lines": [], "excluded_lines": []}}, "classes": {"RetrievedContext": {"executed_lines": [], "summary": {"covered_lines": 0, "num_statements": 0, "percent_covered": 100.0, "percent_covered_display": "100", "missing_lines": 0, "excluded_lines": 0}, "missing_lines": [], "excluded_lines": []}, "SearchMetadata": {"executed_lines": [], "summary": {"covered_lines": 0, "num_statements": 0, "percent_covered": 100.0, "percent_covered_display": "100", "missing_lines": 0, "excluded_lines": 0}, "missing_lines": [], "excluded_lines": []}, "AgentState": {"executed_lines": [], "summary": {"covered_lines": 0, "num_statements": 0, "percent_covered": 100.0, "percent_covered_display": "100", "missing_lines": 0, "excluded_lines": 0}, "missing_lines": [], "excluded_lines": []}, "QueryMetadata": {"executed_lines": [], "summary": {"covered_lines": 0, "num_statements": 0, "percent_covered": 100.0, "percent_covered_display": "100", "missing_lines": 0, "excluded_lines": 0}, "missing_lines": [], "excluded_lines": []}, "": {"executed_lines": [1, 10, 11, 13, 14, 17, 18, 20, 21, 22, 23, 24, 25, 26, 29, 32, 33, 35, 36, 37, 40, 41, 42, 43, 46, 47, 64, 65, 69, 73, 77, 83, 84, 94, 98, 103, 108, 112, 118, 128, 141, 156, 157, 159, 160, 163, 164, 167, 169], "summary": {"covered_lines": 44, "num_statements": 44, "percent_covered": 100.0, "percent_covered_display": "100", "missing_lines": 0, "excluded_lines": 0}, "missing_lines": [], "excluded_lines": []}}}, "src\\agents\\vector_search_agent.py": {"executed_lines": [1, 7, 9, 16, 17, 18, 19, 20, 21, 23, 26, 27, 33, 48, 49, 50, 51, 52, 54, 61, 73, 74, 75, 76, 78, 80, 81, 84, 86, 88, 90, 92, 94, 97, 102, 105, 116, 117, 119, 122, 130, 132, 133, 134, 137, 147, 148, 154, 156, 162, 174, 175, 180, 181, 186, 188, 197, 198, 200, 206, 209, 214, 215, 216, 219, 220, 221, 223, 233, 235, 243, 262, 266], "summary": {"covered_lines": 71, "num_statements": 75, "percent_covered": 94.66666666666667, "percent_covered_display": "95", "missing_lines": 4, "excluded_lines": 0}, "missing_lines": [77, 79, 85, 87], "excluded_lines": [], "functions": {"VectorSearchAgent.__init__": {"executed_lines": [48, 49, 50, 51, 52, 54], "summary": {"covered_lines": 6, "num_statements": 6, "percent_covered": 100.0, "percent_covered_display": "100", "missing_lines": 0, "excluded_lines": 0}, "missing_lines": [], "excluded_lines": []}, "VectorSearchAgent.process": {"executed_lines": [73, 74, 75, 76, 78, 80, 81, 84, 86, 88, 90, 92, 94, 97, 102, 105, 116, 117, 119, 122, 130, 132, 133, 134, 137, 147, 148, 154], "summary": {"covered_lines": 28, "num_statements": 32, "percent_covered": 87.5, "percent_covered_display": "88", "missing_lines": 4, "excluded_lines": 0}, "missing_lines": [77, 79, 85, 87], "excluded_lines": []}, "VectorSearchAgent._search_with_retry": {"executed_lines": [174, 175, 180, 181, 186], "summary": {"covered_lines": 5, "num_statements": 5, "percent_covered": 100.0, "percent_covered_display": "100", "missing_lines": 0, "excluded_lines": 0}, "missing_lines": [], "excluded_lines": []}, "VectorSearchAgent._convert_results": {"executed_lines": [197, 198, 200, 206, 209, 214, 215, 216, 219, 220, 221, 223, 233, 235], "summary": {"covered_lines": 14, "num_statements": 14, "percent_covered": 100.0, "percent_covered_display": "100", "missing_lines": 0, "excluded_lines": 0}, "missing_lines": [], "excluded_lines": []}, "vector_search_node": {"executed_lines": [262, 266], "summary": {"covered_lines": 2, "num_statements": 2, "percent_covered": 100.0, "percent_covered_display": "100", "missing_lines": 0, "excluded_lines": 0}, "missing_lines": [], "excluded_lines": []}, "": {"executed_lines": [1, 7, 9, 16, 17, 18, 19, 20, 21, 23, 26, 27, 33, 61, 156, 162, 188, 243], "summary": {"covered_lines": 16, "num_statements": 16, "percent_covered": 100.0, "percent_covered_display": "100", "missing_lines": 0, "excluded_lines": 0}, "missing_lines": [], "excluded_lines": []}}, "classes": {"VectorSearchAgent": {"executed_lines": [48, 49, 50, 51, 52, 54, 73, 74, 75, 76, 78, 80, 81, 84, 86, 88, 90, 92, 94, 97, 102, 105, 116, 117, 119, 122, 130, 132, 133, 134, 137, 147, 148, 154, 174, 175, 180, 181, 186, 197, 198, 200, 206, 209, 214, 215, 216, 219, 220, 221, 223, 233, 235], "summary": {"covered_lines": 53, "num_statements": 57, "percent_covered": 92.98245614035088, "percent_covered_display": "93", "missing_lines": 4, "excluded_lines": 0}, "missing_lines": [77, 79, 85, 87], "excluded_lines": []}, "": {"executed_lines": [1, 7, 9, 16, 17, 18, 19, 20, 21, 23, 26, 27, 33, 61, 156, 162, 188, 243, 262, 266], "summary": {"covered_lines": 18, "num_statements": 18, "percent_covered": 100.0, "percent_covered_display": "100", "missing_lines": 0, "excluded_lines": 0}, "missing_lines": [], "excluded_lines": []}}}, "src\\api\\__init__.py": {"executed_lines": [0], "summary": {"covered_lines": 0, "num_statements": 0, "percent_covered": 100.0, "percent_covered_display": "100", "missing_lines": 0, "excluded_lines": 0}, "missing_lines": [], "excluded_lines": [], "functions": {"": {"executed_lines": [], "summary": {"covered_lines": 0, "num_statements": 0, "percent_covered": 100.0, "percent_covered_display": "100", "missing_lines": 0, "excluded_lines": 0}, "missing_lines": [], "excluded_lines": []}}, "classes": {"": {"executed_lines": [], "summary": {"covered_lines": 0, "num_statements": 0, "percent_covered": 100.0, "percent_covered_display": "100", "missing_lines": 0, "excluded_lines": 0}, "missing_lines": [], "excluded_lines": []}}}, "src\\api\\auth\\__init__.py": {"executed_lines": [1, 3, 5], "summary": {"covered_lines": 2, "num_statements": 2, "percent_covered": 100.0, "percent_covered_display": "100", "missing_lines": 0, "excluded_lines": 0}, "missing_lines": [], "excluded_lines": [], "functions": {"": {"executed_lines": [1, 3, 5], "summary": {"covered_lines": 2, "num_statements": 2, "percent_covered": 100.0, "percent_covered_display": "100", "missing_lines": 0, "excluded_lines": 0}, "missing_lines": [], "excluded_lines": []}}, "classes": {"": {"executed_lines": [1, 3, 5], "summary": {"covered_lines": 2, "num_statements": 2, "percent_covered": 100.0, "percent_covered_display": "100", "missing_lines": 0, "excluded_lines": 0}, "missing_lines": [], "excluded_lines": []}}}, "src\\api\\auth\\jwt.py": {"executed_lines": [1, 7, 9, 10, 11, 12, 13, 15, 17, 20, 21, 24, 25, 28, 77, 148, 161], "summary": {"covered_lines": 16, "num_statements": 53, "percent_covered": 30.18867924528302, "percent_covered_display": "30", "missing_lines": 37, "excluded_lines": 0}, "missing_lines": [45, 48, 49, 51, 53, 56, 58, 59, 61, 67, 69, 70, 71, 100, 101, 102, 105, 106, 107, 113, 115, 117, 118, 121, 122, 123, 124, 130, 131, 133, 134, 135, 140, 141, 142, 158, 170], "excluded_lines": [], "functions": {"create_access_token": {"executed_lines": [], "summary": {"covered_lines": 0, "num_statements": 13, "percent_covered": 0.0, "percent_covered_display": "0", "missing_lines": 13, "excluded_lines": 0}, "missing_lines": [45, 48, 49, 51, 53, 56, 58, 59, 61, 67, 69, 70, 71], "excluded_lines": []}, "get_current_user": {"executed_lines": [], "summary": {"covered_lines": 0, "num_statements": 22, "percent_covered": 0.0, "percent_covered_display": "0", "missing_lines": 22, "excluded_lines": 0}, "missing_lines": [100, 101, 102, 105, 106, 107, 113, 115, 117, 118, 121, 122, 123, 124, 130, 131, 133, 134, 135, 140, 141, 142], "excluded_lines": []}, "verify_password": {"executed_lines": [], "summary": {"covered_lines": 0, "num_statements": 1, "percent_covered": 0.0, "percent_covered_display": "0", "missing_lines": 1, "excluded_lines": 0}, "missing_lines": [158], "excluded_lines": []}, "get_password_hash": {"executed_lines": [], "summary": {"covered_lines": 0, "num_statements": 1, "percent_covered": 0.0, "percent_covered_display": "0", "missing_lines": 1, "excluded_lines": 0}, "missing_lines": [170], "excluded_lines": []}, "": {"executed_lines": [1, 7, 9, 10, 11, 12, 13, 15, 17, 20, 21, 24, 25, 28, 77, 148, 161], "summary": {"covered_lines": 16, "num_statements": 16, "percent_covered": 100.0, "percent_covered_display": "100", "missing_lines": 0, "excluded_lines": 0}, "missing_lines": [], "excluded_lines": []}}, "classes": {"": {"executed_lines": [1, 7, 9, 10, 11, 12, 13, 15, 17, 20, 21, 24, 25, 28, 77, 148, 161], "summary": {"covered_lines": 16, "num_statements": 53, "percent_covered": 30.18867924528302, "percent_covered_display": "30", "missing_lines": 37, "excluded_lines": 0}, "missing_lines": [45, 48, 49, 51, 53, 56, 58, 59, 61, 67, 69, 70, 71, 100, 101, 102, 105, 106, 107, 113, 115, 117, 118, 121, 122, 123, 124, 130, 131, 133, 134, 135, 140, 141, 142, 158, 170], "excluded_lines": []}}}, "src\\api\\health.py": {"executed_lines": [1, 3, 4, 6, 7, 8, 9, 10, 12, 13, 14, 16, 17, 20, 42, 66, 84, 103, 110, 153, 159, 169, 175], "summary": {"covered_lines": 22, "num_statements": 96, "percent_covered": 22.916666666666668, "percent_covered_display": "23", "missing_lines": 74, "excluded_lines": 0}, "missing_lines": [22, 23, 25, 26, 32, 33, 35, 36, 37, 38, 39, 44, 45, 47, 48, 52, 53, 54, 56, 57, 59, 60, 61, 62, 63, 68, 69, 71, 72, 73, 74, 75, 77, 78, 79, 80, 81, 86, 87, 89, 90, 91, 92, 94, 96, 97, 98, 99, 100, 117, 120, 121, 122, 123, 125, 133, 134, 136, 137, 138, 139, 141, 143, 150, 166, 185, 186, 187, 189, 193, 195, 196, 197, 198], "excluded_lines": [], "functions": {"check_qdrant": {"executed_lines": [], "summary": {"covered_lines": 0, "num_statements": 11, "percent_covered": 0.0, "percent_covered_display": "0", "missing_lines": 11, "excluded_lines": 0}, "missing_lines": [22, 23, 25, 26, 32, 33, 35, 36, 37, 38, 39], "excluded_lines": []}, "check_neo4j": {"executed_lines": [], "summary": {"covered_lines": 0, "num_statements": 14, "percent_covered": 0.0, "percent_covered_display": "0", "missing_lines": 14, "excluded_lines": 0}, "missing_lines": [44, 45, 47, 48, 52, 53, 54, 56, 57, 59, 60, 61, 62, 63], "excluded_lines": []}, "check_redis": {"executed_lines": [], "summary": {"covered_lines": 0, "num_statements": 12, "percent_covered": 0.0, "percent_covered_display": "0", "missing_lines": 12, "excluded_lines": 0}, "missing_lines": [68, 69, 71, 72, 73, 74, 75, 77, 78, 79, 80, 81], "excluded_lines": []}, "check_ollama": {"executed_lines": [], "summary": {"covered_lines": 0, "num_statements": 12, "percent_covered": 0.0, "percent_covered_display": "0", "missing_lines": 12, "excluded_lines": 0}, "missing_lines": [86, 87, 89, 90, 91, 92, 94, 96, 97, 98, 99, 100], "excluded_lines": []}, "health_check": {"executed_lines": [], "summary": {"covered_lines": 0, "num_statements": 15, "percent_covered": 0.0, "percent_covered_display": "0", "missing_lines": 15, "excluded_lines": 0}, "missing_lines": [117, 120, 121, 122, 123, 125, 133, 134, 136, 137, 138, 139, 141, 143, 150], "excluded_lines": []}, "liveness": {"executed_lines": [], "summary": {"covered_lines": 0, "num_statements": 1, "percent_covered": 0.0, "percent_covered_display": "0", "missing_lines": 1, "excluded_lines": 0}, "missing_lines": [166], "excluded_lines": []}, "readiness": {"executed_lines": [], "summary": {"covered_lines": 0, "num_statements": 9, "percent_covered": 0.0, "percent_covered_display": "0", "missing_lines": 9, "excluded_lines": 0}, "missing_lines": [185, 186, 187, 189, 193, 195, 196, 197, 198], "excluded_lines": []}, "": {"executed_lines": [1, 3, 4, 6, 7, 8, 9, 10, 12, 13, 14, 16, 17, 20, 42, 66, 84, 103, 110, 153, 159, 169, 175], "summary": {"covered_lines": 22, "num_statements": 22, "percent_covered": 100.0, "percent_covered_display": "100", "missing_lines": 0, "excluded_lines": 0}, "missing_lines": [], "excluded_lines": []}}, "classes": {"": {"executed_lines": [1, 3, 4, 6, 7, 8, 9, 10, 12, 13, 14, 16, 17, 20, 42, 66, 84, 103, 110, 153, 159, 169, 175], "summary": {"covered_lines": 22, "num_statements": 96, "percent_covered": 22.916666666666668, "percent_covered_display": "23", "missing_lines": 74, "excluded_lines": 0}, "missing_lines": [22, 23, 25, 26, 32, 33, 35, 36, 37, 38, 39, 44, 45, 47, 48, 52, 53, 54, 56, 57, 59, 60, 61, 62, 63, 68, 69, 71, 72, 73, 74, 75, 77, 78, 79, 80, 81, 86, 87, 89, 90, 91, 92, 94, 96, 97, 98, 99, 100, 117, 120, 121, 122, 123, 125, 133, 134, 136, 137, 138, 139, 141, 143, 150, 166, 185, 186, 187, 189, 193, 195, 196, 197, 198], "excluded_lines": []}}}, "src\\api\\main.py": {"executed_lines": [1, 3, 4, 6, 7, 8, 9, 10, 11, 13, 14, 15, 16, 17, 18, 19, 20, 23, 24, 25, 28, 31, 36, 37, 71, 81, 82, 85, 95, 96, 114, 115, 145, 146, 166, 167, 169, 171, 173, 176, 177, 180, 183, 185, 189, 190, 191, 194, 195, 198, 199, 201], "summary": {"covered_lines": 51, "num_statements": 66, "percent_covered": 77.27272727272727, "percent_covered_display": "77", "missing_lines": 15, "excluded_lines": 0}, "missing_lines": [44, 52, 54, 55, 63, 66, 98, 106, 119, 122, 123, 125, 133, 148, 155], "excluded_lines": [], "functions": {"lifespan": {"executed_lines": [], "summary": {"covered_lines": 0, "num_statements": 6, "percent_covered": 0.0, "percent_covered_display": "0", "missing_lines": 6, "excluded_lines": 0}, "missing_lines": [44, 52, 54, 55, 63, 66], "excluded_lines": []}, "aegis_exception_handler": {"executed_lines": [], "summary": {"covered_lines": 0, "num_statements": 2, "percent_covered": 0.0, "percent_covered_display": "0", "missing_lines": 2, "excluded_lines": 0}, "missing_lines": [98, 106], "excluded_lines": []}, "validation_exception_handler": {"executed_lines": [], "summary": {"covered_lines": 0, "num_statements": 5, "percent_covered": 0.0, "percent_covered_display": "0", "missing_lines": 5, "excluded_lines": 0}, "missing_lines": [119, 122, 123, 125, 133], "excluded_lines": []}, "general_exception_handler": {"executed_lines": [], "summary": {"covered_lines": 0, "num_statements": 2, "percent_covered": 0.0, "percent_covered_display": "0", "missing_lines": 2, "excluded_lines": 0}, "missing_lines": [148, 155], "excluded_lines": []}, "track_requests": {"executed_lines": [169, 171, 173, 176, 177, 180, 183, 185], "summary": {"covered_lines": 8, "num_statements": 8, "percent_covered": 100.0, "percent_covered_display": "100", "missing_lines": 0, "excluded_lines": 0}, "missing_lines": [], "excluded_lines": []}, "root": {"executed_lines": [201], "summary": {"covered_lines": 1, "num_statements": 1, "percent_covered": 100.0, "percent_covered_display": "100", "missing_lines": 0, "excluded_lines": 0}, "missing_lines": [], "excluded_lines": []}, "": {"executed_lines": [1, 3, 4, 6, 7, 8, 9, 10, 11, 13, 14, 15, 16, 17, 18, 19, 20, 23, 24, 25, 28, 31, 36, 37, 71, 81, 82, 85, 95, 96, 114, 115, 145, 146, 166, 167, 189, 190, 191, 194, 195, 198, 199], "summary": {"covered_lines": 42, "num_statements": 42, "percent_covered": 100.0, "percent_covered_display": "100", "missing_lines": 0, "excluded_lines": 0}, "missing_lines": [], "excluded_lines": []}}, "classes": {"": {"executed_lines": [1, 3, 4, 6, 7, 8, 9, 10, 11, 13, 14, 15, 16, 17, 18, 19, 20, 23, 24, 25, 28, 31, 36, 37, 71, 81, 82, 85, 95, 96, 114, 115, 145, 146, 166, 167, 169, 171, 173, 176, 177, 180, 183, 185, 189, 190, 191, 194, 195, 198, 199, 201], "summary": {"covered_lines": 51, "num_statements": 66, "percent_covered": 77.27272727272727, "percent_covered_display": "77", "missing_lines": 15, "excluded_lines": 0}, "missing_lines": [44, 52, 54, 55, 63, 66, 98, 106, 119, 122, 123, 125, 133, 148, 155], "excluded_lines": []}}}, "src\\api\\middleware.py": {"executed_lines": [1, 6, 7, 8, 9, 10, 11, 13, 16, 23, 51], "summary": {"covered_lines": 10, "num_statements": 16, "percent_covered": 62.5, "percent_covered_display": "62", "missing_lines": 6, "excluded_lines": 0}, "missing_lines": [33, 39, 61, 68, 70, 77], "excluded_lines": [], "functions": {"rate_limit_handler": {"executed_lines": [], "summary": {"covered_lines": 0, "num_statements": 2, "percent_covered": 0.0, "percent_covered_display": "0", "missing_lines": 2, "excluded_lines": 0}, "missing_lines": [33, 39], "excluded_lines": []}, "log_request_middleware": {"executed_lines": [], "summary": {"covered_lines": 0, "num_statements": 4, "percent_covered": 0.0, "percent_covered_display": "0", "missing_lines": 4, "excluded_lines": 0}, "missing_lines": [61, 68, 70, 77], "excluded_lines": []}, "": {"executed_lines": [1, 6, 7, 8, 9, 10, 11, 13, 16, 23, 51], "summary": {"covered_lines": 10, "num_statements": 10, "percent_covered": 100.0, "percent_covered_display": "100", "missing_lines": 0, "excluded_lines": 0}, "missing_lines": [], "excluded_lines": []}}, "classes": {"": {"executed_lines": [1, 6, 7, 8, 9, 10, 11, 13, 16, 23, 51], "summary": {"covered_lines": 10, "num_statements": 16, "percent_covered": 62.5, "percent_covered_display": "62", "missing_lines": 6, "excluded_lines": 0}, "missing_lines": [33, 39, 61, 68, 70, 77], "excluded_lines": []}}}, "src\\api\\v1\\__init__.py": {"executed_lines": [0], "summary": {"covered_lines": 0, "num_statements": 0, "percent_covered": 100.0, "percent_covered_display": "100", "missing_lines": 0, "excluded_lines": 0}, "missing_lines": [], "excluded_lines": [], "functions": {"": {"executed_lines": [], "summary": {"covered_lines": 0, "num_statements": 0, "percent_covered": 100.0, "percent_covered_display": "100", "missing_lines": 0, "excluded_lines": 0}, "missing_lines": [], "excluded_lines": []}}, "classes": {"": {"executed_lines": [], "summary": {"covered_lines": 0, "num_statements": 0, "percent_covered": 100.0, "percent_covered_display": "100", "missing_lines": 0, "excluded_lines": 0}, "missing_lines": [], "excluded_lines": []}}}, "src\\api\\v1\\health.py": {"executed_lines": [1, 6, 8, 9, 10, 11, 13, 14, 16, 18, 21, 22, 24, 25, 26, 29, 30, 32, 33, 34, 35, 38, 39, 41, 42, 43, 44, 47, 48, 59, 66, 67, 158, 159, 169, 171, 172, 174, 185, 186, 196], "summary": {"covered_lines": 37, "num_statements": 66, "percent_covered": 56.06060606060606, "percent_covered_display": "56", "missing_lines": 29, "excluded_lines": 0}, "missing_lines": [83, 84, 87, 88, 90, 92, 93, 95, 97, 108, 109, 110, 116, 119, 120, 122, 124, 125, 127, 129, 140, 141, 142, 148, 150, 176, 177, 178, 180], "excluded_lines": [], "functions": {"health_check": {"executed_lines": [59], "summary": {"covered_lines": 1, "num_statements": 1, "percent_covered": 100.0, "percent_covered_display": "100", "missing_lines": 0, "excluded_lines": 0}, "missing_lines": [], "excluded_lines": []}, "detailed_health_check": {"executed_lines": [], "summary": {"covered_lines": 0, "num_statements": 25, "percent_covered": 0.0, "percent_covered_display": "0", "missing_lines": 25, "excluded_lines": 0}, "missing_lines": [83, 84, 87, 88, 90, 92, 93, 95, 97, 108, 109, 110, 116, 119, 120, 122, 124, 125, 127, 129, 140, 141, 142, 148, 150], "excluded_lines": []}, "readiness_check": {"executed_lines": [169, 171, 172, 174], "summary": {"covered_lines": 4, "num_statements": 8, "percent_covered": 50.0, "percent_covered_display": "50", "missing_lines": 4, "excluded_lines": 0}, "missing_lines": [176, 177, 178, 180], "excluded_lines": []}, "liveness_check": {"executed_lines": [196], "summary": {"covered_lines": 1, "num_statements": 1, "percent_covered": 100.0, "percent_covered_display": "100", "missing_lines": 0, "excluded_lines": 0}, "missing_lines": [], "excluded_lines": []}, "": {"executed_lines": [1, 6, 8, 9, 10, 11, 13, 14, 16, 18, 21, 22, 24, 25, 26, 29, 30, 32, 33, 34, 35, 38, 39, 41, 42, 43, 44, 47, 48, 66, 67, 158, 159, 185, 186], "summary": {"covered_lines": 31, "num_statements": 31, "percent_covered": 100.0, "percent_covered_display": "100", "missing_lines": 0, "excluded_lines": 0}, "missing_lines": [], "excluded_lines": []}}, "classes": {"HealthStatus": {"executed_lines": [], "summary": {"covered_lines": 0, "num_statements": 0, "percent_covered": 100.0, "percent_covered_display": "100", "missing_lines": 0, "excluded_lines": 0}, "missing_lines": [], "excluded_lines": []}, "DependencyHealth": {"executed_lines": [], "summary": {"covered_lines": 0, "num_statements": 0, "percent_covered": 100.0, "percent_covered_display": "100", "missing_lines": 0, "excluded_lines": 0}, "missing_lines": [], "excluded_lines": []}, "DetailedHealthResponse": {"executed_lines": [], "summary": {"covered_lines": 0, "num_statements": 0, "percent_covered": 100.0, "percent_covered_display": "100", "missing_lines": 0, "excluded_lines": 0}, "missing_lines": [], "excluded_lines": []}, "": {"executed_lines": [1, 6, 8, 9, 10, 11, 13, 14, 16, 18, 21, 22, 24, 25, 26, 29, 30, 32, 33, 34, 35, 38, 39, 41, 42, 43, 44, 47, 48, 59, 66, 67, 158, 159, 169, 171, 172, 174, 185, 186, 196], "summary": {"covered_lines": 37, "num_statements": 66, "percent_covered": 56.06060606060606, "percent_covered_display": "56", "missing_lines": 29, "excluded_lines": 0}, "missing_lines": [83, 84, 87, 88, 90, 92, 93, 95, 97, 108, 109, 110, 116, 119, 120, 122, 124, 125, 127, 129, 140, 141, 142, 148, 150, 176, 177, 178, 180], "excluded_lines": []}}}, "src\\api\\v1\\retrieval.py": {"executed_lines": [1, 6, 7, 8, 10, 11, 19, 21, 22, 23, 24, 29, 31, 35, 36, 38, 45, 46, 51, 58, 61, 68, 80, 82, 84, 87, 88, 90, 91, 92, 93, 94, 95, 96, 98, 99, 100, 101, 104, 105, 107, 108, 109, 110, 111, 114, 115, 117, 124, 125, 126, 132, 133, 134, 137, 138, 140, 141, 142, 143, 144, 145, 146, 150, 153, 161, 162, 163, 283, 284, 285, 369, 370, 371, 412, 413, 448, 449, 451, 452, 455, 456, 458, 459, 462, 463, 464], "summary": {"covered_lines": 79, "num_statements": 155, "percent_covered": 50.96774193548387, "percent_covered_display": "51", "missing_lines": 76, "excluded_lines": 0}, "missing_lines": [156, 157, 158, 189, 190, 193, 194, 195, 197, 198, 199, 202, 203, 206, 207, 211, 212, 213, 218, 220, 229, 237, 239, 246, 253, 255, 260, 268, 273, 274, 275, 276, 278, 312, 314, 315, 316, 321, 322, 328, 333, 339, 340, 342, 352, 354, 355, 356, 357, 358, 359, 363, 395, 396, 397, 399, 404, 405, 406, 424, 425, 426, 428, 429, 435, 442, 443, 444, 484, 485, 488, 492, 493, 494, 496, 497], "excluded_lines": [], "functions": {"get_hybrid_search": {"executed_lines": [], "summary": {"covered_lines": 0, "num_statements": 3, "percent_covered": 0.0, "percent_covered_display": "0", "missing_lines": 3, "excluded_lines": 0}, "missing_lines": [156, 157, 158], "excluded_lines": []}, "search": {"executed_lines": [], "summary": {"covered_lines": 0, "num_statements": 30, "percent_covered": 0.0, "percent_covered_display": "0", "missing_lines": 30, "excluded_lines": 0}, "missing_lines": [189, 190, 193, 194, 195, 197, 198, 199, 202, 203, 206, 207, 211, 212, 213, 218, 220, 229, 237, 239, 246, 253, 255, 260, 268, 273, 274, 275, 276, 278], "excluded_lines": []}, "ingest": {"executed_lines": [], "summary": {"covered_lines": 0, "num_statements": 19, "percent_covered": 0.0, "percent_covered_display": "0", "missing_lines": 19, "excluded_lines": 0}, "missing_lines": [312, 314, 315, 316, 321, 322, 328, 333, 339, 340, 342, 352, 354, 355, 356, 357, 358, 359, 363], "excluded_lines": []}, "prepare_bm25": {"executed_lines": [], "summary": {"covered_lines": 0, "num_statements": 7, "percent_covered": 0.0, "percent_covered_display": "0", "missing_lines": 7, "excluded_lines": 0}, "missing_lines": [395, 396, 397, 399, 404, 405, 406], "excluded_lines": []}, "get_stats": {"executed_lines": [], "summary": {"covered_lines": 0, "num_statements": 9, "percent_covered": 0.0, "percent_covered_display": "0", "missing_lines": 9, "excluded_lines": 0}, "missing_lines": [424, 425, 426, 428, 429, 435, 442, 443, 444], "excluded_lines": []}, "login": {"executed_lines": [], "summary": {"covered_lines": 0, "num_statements": 8, "percent_covered": 0.0, "percent_covered_display": "0", "missing_lines": 8, "excluded_lines": 0}, "missing_lines": [484, 485, 488, 492, 493, 494, 496, 497], "excluded_lines": []}, "": {"executed_lines": [1, 6, 7, 8, 10, 11, 19, 21, 22, 23, 24, 29, 31, 35, 36, 38, 45, 46, 51, 58, 61, 68, 80, 82, 84, 87, 88, 90, 91, 92, 93, 94, 95, 96, 98, 99, 100, 101, 104, 105, 107, 108, 109, 110, 111, 114, 115, 117, 124, 125, 126, 132, 133, 134, 137, 138, 140, 141, 142, 143, 144, 145, 146, 150, 153, 161, 162, 163, 283, 284, 285, 369, 370, 371, 412, 413, 448, 449, 451, 452, 455, 456, 458, 459, 462, 463, 464], "summary": {"covered_lines": 79, "num_statements": 79, "percent_covered": 100.0, "percent_covered_display": "100", "missing_lines": 0, "excluded_lines": 0}, "missing_lines": [], "excluded_lines": []}}, "classes": {"SearchRequest": {"executed_lines": [], "summary": {"covered_lines": 0, "num_statements": 0, "percent_covered": 100.0, "percent_covered_display": "100", "missing_lines": 0, "excluded_lines": 0}, "missing_lines": [], "excluded_lines": []}, "SearchRequest.Config": {"executed_lines": [], "summary": {"covered_lines": 0, "num_statements": 0, "percent_covered": 100.0, "percent_covered_display": "100", "missing_lines": 0, "excluded_lines": 0}, "missing_lines": [], "excluded_lines": []}, "SearchResult": {"executed_lines": [], "summary": {"covered_lines": 0, "num_statements": 0, "percent_covered": 100.0, "percent_covered_display": "100", "missing_lines": 0, "excluded_lines": 0}, "missing_lines": [], "excluded_lines": []}, "SearchResponse": {"executed_lines": [], "summary": {"covered_lines": 0, "num_statements": 0, "percent_covered": 100.0, "percent_covered_display": "100", "missing_lines": 0, "excluded_lines": 0}, "missing_lines": [], "excluded_lines": []}, "IngestionRequest": {"executed_lines": [], "summary": {"covered_lines": 0, "num_statements": 0, "percent_covered": 100.0, "percent_covered_display": "100", "missing_lines": 0, "excluded_lines": 0}, "missing_lines": [], "excluded_lines": []}, "IngestionRequest.Config": {"executed_lines": [], "summary": {"covered_lines": 0, "num_statements": 0, "percent_covered": 100.0, "percent_covered_display": "100", "missing_lines": 0, "excluded_lines": 0}, "missing_lines": [], "excluded_lines": []}, "IngestionResponse": {"executed_lines": [], "summary": {"covered_lines": 0, "num_statements": 0, "percent_covered": 100.0, "percent_covered_display": "100", "missing_lines": 0, "excluded_lines": 0}, "missing_lines": [], "excluded_lines": []}, "TokenRequest": {"executed_lines": [], "summary": {"covered_lines": 0, "num_statements": 0, "percent_covered": 100.0, "percent_covered_display": "100", "missing_lines": 0, "excluded_lines": 0}, "missing_lines": [], "excluded_lines": []}, "TokenResponse": {"executed_lines": [], "summary": {"covered_lines": 0, "num_statements": 0, "percent_covered": 100.0, "percent_covered_display": "100", "missing_lines": 0, "excluded_lines": 0}, "missing_lines": [], "excluded_lines": []}, "": {"executed_lines": [1, 6, 7, 8, 10, 11, 19, 21, 22, 23, 24, 29, 31, 35, 36, 38, 45, 46, 51, 58, 61, 68, 80, 82, 84, 87, 88, 90, 91, 92, 93, 94, 95, 96, 98, 99, 100, 101, 104, 105, 107, 108, 109, 110, 111, 114, 115, 117, 124, 125, 126, 132, 133, 134, 137, 138, 140, 141, 142, 143, 144, 145, 146, 150, 153, 161, 162, 163, 283, 284, 285, 369, 370, 371, 412, 413, 448, 449, 451, 452, 455, 456, 458, 459, 462, 463, 464], "summary": {"covered_lines": 79, "num_statements": 155, "percent_covered": 50.96774193548387, "percent_covered_display": "51", "missing_lines": 76, "excluded_lines": 0}, "missing_lines": [156, 157, 158, 189, 190, 193, 194, 195, 197, 198, 199, 202, 203, 206, 207, 211, 212, 213, 218, 220, 229, 237, 239, 246, 253, 255, 260, 268, 273, 274, 275, 276, 278, 312, 314, 315, 316, 321, 322, 328, 333, 339, 340, 342, 352, 354, 355, 356, 357, 358, 359, 363, 395, 396, 397, 399, 404, 405, 406, 424, 425, 426, 428, 429, 435, 442, 443, 444, 484, 485, 488, 492, 493, 494, 496, 497], "excluded_lines": []}}}, "src\\components\\__init__.py": {"executed_lines": [0], "summary": {"covered_lines": 0, "num_statements": 0, "percent_covered": 100.0, "percent_covered_display": "100", "missing_lines": 0, "excluded_lines": 0}, "missing_lines": [], "excluded_lines": [], "functions": {"": {"executed_lines": [], "summary": {"covered_lines": 0, "num_statements": 0, "percent_covered": 100.0, "percent_covered_display": "100", "missing_lines": 0, "excluded_lines": 0}, "missing_lines": [], "excluded_lines": []}}, "classes": {"": {"executed_lines": [], "summary": {"covered_lines": 0, "num_statements": 0, "percent_covered": 100.0, "percent_covered_display": "100", "missing_lines": 0, "excluded_lines": 0}, "missing_lines": [], "excluded_lines": []}}}, "src\\components\\graph_rag\\__init__.py": {"executed_lines": [], "summary": {"covered_lines": 0, "num_statements": 0, "percent_covered": 100.0, "percent_covered_display": "100", "missing_lines": 0, "excluded_lines": 0}, "missing_lines": [], "excluded_lines": [], "functions": {"": {"executed_lines": [], "summary": {"covered_lines": 0, "num_statements": 0, "percent_covered": 100.0, "percent_covered_display": "100", "missing_lines": 0, "excluded_lines": 0}, "missing_lines": [], "excluded_lines": []}}, "classes": {"": {"executed_lines": [], "summary": {"covered_lines": 0, "num_statements": 0, "percent_covered": 100.0, "percent_covered_display": "100", "missing_lines": 0, "excluded_lines": 0}, "missing_lines": [], "excluded_lines": []}}}, "src\\components\\mcp\\__init__.py": {"executed_lines": [], "summary": {"covered_lines": 0, "num_statements": 0, "percent_covered": 100.0, "percent_covered_display": "100", "missing_lines": 0, "excluded_lines": 0}, "missing_lines": [], "excluded_lines": [], "functions": {"": {"executed_lines": [], "summary": {"covered_lines": 0, "num_statements": 0, "percent_covered": 100.0, "percent_covered_display": "100", "missing_lines": 0, "excluded_lines": 0}, "missing_lines": [], "excluded_lines": []}}, "classes": {"": {"executed_lines": [], "summary": {"covered_lines": 0, "num_statements": 0, "percent_covered": 100.0, "percent_covered_display": "100", "missing_lines": 0, "excluded_lines": 0}, "missing_lines": [], "excluded_lines": []}}}, "src\\components\\memory\\__init__.py": {"executed_lines": [], "summary": {"covered_lines": 0, "num_statements": 0, "percent_covered": 100.0, "percent_covered_display": "100", "missing_lines": 0, "excluded_lines": 0}, "missing_lines": [], "excluded_lines": [], "functions": {"": {"executed_lines": [], "summary": {"covered_lines": 0, "num_statements": 0, "percent_covered": 100.0, "percent_covered_display": "100", "missing_lines": 0, "excluded_lines": 0}, "missing_lines": [], "excluded_lines": []}}, "classes": {"": {"executed_lines": [], "summary": {"covered_lines": 0, "num_statements": 0, "percent_covered": 100.0, "percent_covered_display": "100", "missing_lines": 0, "excluded_lines": 0}, "missing_lines": [], "excluded_lines": []}}}, "src\\components\\retrieval\\__init__.py": {"executed_lines": [1, 12, 13, 14, 21, 23], "summary": {"covered_lines": 5, "num_statements": 5, "percent_covered": 100.0, "percent_covered_display": "100", "missing_lines": 0, "excluded_lines": 0}, "missing_lines": [], "excluded_lines": [], "functions": {"": {"executed_lines": [1, 12, 13, 14, 21, 23], "summary": {"covered_lines": 5, "num_statements": 5, "percent_covered": 100.0, "percent_covered_display": "100", "missing_lines": 0, "excluded_lines": 0}, "missing_lines": [], "excluded_lines": []}}, "classes": {"": {"executed_lines": [1, 12, 13, 14, 21, 23], "summary": {"covered_lines": 5, "num_statements": 5, "percent_covered": 100.0, "percent_covered_display": "100", "missing_lines": 0, "excluded_lines": 0}, "missing_lines": [], "excluded_lines": []}}}, "src\\components\\retrieval\\chunking.py": {"executed_lines": [1, 16, 17, 18, 19, 21, 22, 23, 24, 26, 28, 31, 32, 34, 35, 36, 37, 40, 41, 47, 85, 163, 188, 263, 332, 417, 451, 495, 519, 547], "summary": {"covered_lines": 27, "num_statements": 180, "percent_covered": 15.0, "percent_covered_display": "15", "missing_lines": 153, "excluded_lines": 0}, "missing_lines": [64, 65, 66, 67, 68, 71, 76, 99, 100, 101, 104, 105, 106, 109, 110, 113, 114, 117, 132, 135, 136, 139, 142, 143, 146, 153, 154, 157, 158, 161, 172, 179, 180, 186, 202, 205, 208, 210, 211, 212, 214, 216, 219, 221, 222, 223, 224, 225, 228, 233, 234, 235, 236, 239, 241, 242, 243, 244, 247, 248, 251, 252, 253, 255, 261, 277, 281, 284, 285, 286, 287, 288, 289, 290, 293, 294, 295, 296, 298, 299, 301, 302, 304, 305, 306, 307, 310, 311, 313, 318, 319, 320, 322, 324, 330, 349, 352, 364, 365, 367, 368, 369, 372, 373, 374, 377, 378, 379, 380, 381, 384, 385, 386, 387, 389, 390, 391, 392, 395, 396, 398, 403, 404, 405, 407, 409, 415, 433, 438, 441, 442, 444, 449, 463, 466, 469, 475, 477, 486, 487, 488, 489, 490, 491, 493, 504, 506, 507, 508, 510, 517, 535, 553], "excluded_lines": [], "functions": {"AdaptiveChunker.__init__": {"executed_lines": [], "summary": {"covered_lines": 0, "num_statements": 7, "percent_covered": 0.0, "percent_covered_display": "0", "missing_lines": 7, "excluded_lines": 0}, "missing_lines": [64, 65, 66, 67, 68, 71, 76], "excluded_lines": []}, "AdaptiveChunker.detect_document_type": {"executed_lines": [], "summary": {"covered_lines": 0, "num_statements": 23, "percent_covered": 0.0, "percent_covered_display": "0", "missing_lines": 23, "excluded_lines": 0}, "missing_lines": [99, 100, 101, 104, 105, 106, 109, 110, 113, 114, 117, 132, 135, 136, 139, 142, 143, 146, 153, 154, 157, 158, 161], "excluded_lines": []}, "AdaptiveChunker.select_strategy": {"executed_lines": [], "summary": {"covered_lines": 0, "num_statements": 4, "percent_covered": 0.0, "percent_covered_display": "0", "missing_lines": 4, "excluded_lines": 0}, "missing_lines": [172, 179, 180, 186], "excluded_lines": []}, "AdaptiveChunker.chunk_by_paragraph": {"executed_lines": [], "summary": {"covered_lines": 0, "num_statements": 31, "percent_covered": 0.0, "percent_covered_display": "0", "missing_lines": 31, "excluded_lines": 0}, "missing_lines": [202, 205, 208, 210, 211, 212, 214, 216, 219, 221, 222, 223, 224, 225, 228, 233, 234, 235, 236, 239, 241, 242, 243, 244, 247, 248, 251, 252, 253, 255, 261], "excluded_lines": []}, "AdaptiveChunker.chunk_by_heading": {"executed_lines": [], "summary": {"covered_lines": 0, "num_statements": 30, "percent_covered": 0.0, "percent_covered_display": "0", "missing_lines": 30, "excluded_lines": 0}, "missing_lines": [277, 281, 284, 285, 286, 287, 288, 289, 290, 293, 294, 295, 296, 298, 299, 301, 302, 304, 305, 306, 307, 310, 311, 313, 318, 319, 320, 322, 324, 330], "excluded_lines": []}, "AdaptiveChunker.chunk_by_function": {"executed_lines": [], "summary": {"covered_lines": 0, "num_statements": 32, "percent_covered": 0.0, "percent_covered_display": "0", "missing_lines": 32, "excluded_lines": 0}, "missing_lines": [349, 352, 364, 365, 367, 368, 369, 372, 373, 374, 377, 378, 379, 380, 381, 384, 385, 386, 387, 389, 390, 391, 392, 395, 396, 398, 403, 404, 405, 407, 409, 415], "excluded_lines": []}, "AdaptiveChunker.chunk_by_sentence": {"executed_lines": [], "summary": {"covered_lines": 0, "num_statements": 6, "percent_covered": 0.0, "percent_covered_display": "0", "missing_lines": 6, "excluded_lines": 0}, "missing_lines": [433, 438, 441, 442, 444, 449], "excluded_lines": []}, "AdaptiveChunker.chunk_document": {"executed_lines": [], "summary": {"covered_lines": 0, "num_statements": 12, "percent_covered": 0.0, "percent_covered_display": "0", "missing_lines": 12, "excluded_lines": 0}, "missing_lines": [463, 466, 469, 475, 477, 486, 487, 488, 489, 490, 491, 493], "excluded_lines": []}, "AdaptiveChunker.chunk_documents": {"executed_lines": [], "summary": {"covered_lines": 0, "num_statements": 6, "percent_covered": 0.0, "percent_covered_display": "0", "missing_lines": 6, "excluded_lines": 0}, "missing_lines": [504, 506, 507, 508, 510, 517], "excluded_lines": []}, "AdaptiveChunker._create_node": {"executed_lines": [], "summary": {"covered_lines": 0, "num_statements": 1, "percent_covered": 0.0, "percent_covered_display": "0", "missing_lines": 1, "excluded_lines": 0}, "missing_lines": [535], "excluded_lines": []}, "AdaptiveChunker.get_chunker_info": {"executed_lines": [], "summary": {"covered_lines": 0, "num_statements": 1, "percent_covered": 0.0, "percent_covered_display": "0", "missing_lines": 1, "excluded_lines": 0}, "missing_lines": [553], "excluded_lines": []}, "": {"executed_lines": [1, 16, 17, 18, 19, 21, 22, 23, 24, 26, 28, 31, 32, 34, 35, 36, 37, 40, 41, 47, 85, 163, 188, 263, 332, 417, 451, 495, 519, 547], "summary": {"covered_lines": 27, "num_statements": 27, "percent_covered": 100.0, "percent_covered_display": "100", "missing_lines": 0, "excluded_lines": 0}, "missing_lines": [], "excluded_lines": []}}, "classes": {"ChunkingStrategy": {"executed_lines": [], "summary": {"covered_lines": 0, "num_statements": 0, "percent_covered": 100.0, "percent_covered_display": "100", "missing_lines": 0, "excluded_lines": 0}, "missing_lines": [], "excluded_lines": []}, "AdaptiveChunker": {"executed_lines": [], "summary": {"covered_lines": 0, "num_statements": 153, "percent_covered": 0.0, "percent_covered_display": "0", "missing_lines": 153, "excluded_lines": 0}, "missing_lines": [64, 65, 66, 67, 68, 71, 76, 99, 100, 101, 104, 105, 106, 109, 110, 113, 114, 117, 132, 135, 136, 139, 142, 143, 146, 153, 154, 157, 158, 161, 172, 179, 180, 186, 202, 205, 208, 210, 211, 212, 214, 216, 219, 221, 222, 223, 224, 225, 228, 233, 234, 235, 236, 239, 241, 242, 243, 244, 247, 248, 251, 252, 253, 255, 261, 277, 281, 284, 285, 286, 287, 288, 289, 290, 293, 294, 295, 296, 298, 299, 301, 302, 304, 305, 306, 307, 310, 311, 313, 318, 319, 320, 322, 324, 330, 349, 352, 364, 365, 367, 368, 369, 372, 373, 374, 377, 378, 379, 380, 381, 384, 385, 386, 387, 389, 390, 391, 392, 395, 396, 398, 403, 404, 405, 407, 409, 415, 433, 438, 441, 442, 444, 449, 463, 466, 469, 475, 477, 486, 487, 488, 489, 490, 491, 493, 504, 506, 507, 508, 510, 517, 535, 553], "excluded_lines": []}, "": {"executed_lines": [1, 16, 17, 18, 19, 21, 22, 23, 24, 26, 28, 31, 32, 34, 35, 36, 37, 40, 41, 47, 85, 163, 188, 263, 332, 417, 451, 495, 519, 547], "summary": {"covered_lines": 27, "num_statements": 27, "percent_covered": 100.0, "percent_covered_display": "100", "missing_lines": 0, "excluded_lines": 0}, "missing_lines": [], "excluded_lines": []}}}, "src\\components\\retrieval\\filters.py": {"executed_lines": [1, 17, 19, 20, 21, 29, 32, 33, 46, 49, 52, 55, 56, 59, 63, 64, 65, 75, 76, 77, 83, 94, 108, 109, 121, 125, 241, 266], "summary": {"covered_lines": 25, "num_statements": 93, "percent_covered": 26.881720430107528, "percent_covered_display": "27", "missing_lines": 68, "excluded_lines": 0}, "missing_lines": [67, 68, 69, 70, 71, 72, 73, 79, 80, 81, 89, 100, 101, 102, 103, 104, 105, 123, 141, 142, 143, 145, 148, 149, 157, 162, 163, 171, 177, 178, 184, 186, 189, 192, 193, 199, 202, 203, 204, 210, 213, 214, 215, 221, 224, 225, 227, 232, 239, 251, 256, 259, 260, 261, 262, 264, 279, 280, 283, 286, 287, 290, 291, 294, 295, 298, 299, 301], "excluded_lines": [], "functions": {"MetadataFilters.validate_doc_types": {"executed_lines": [], "summary": {"covered_lines": 0, "num_statements": 7, "percent_covered": 0.0, "percent_covered_display": "0", "missing_lines": 7, "excluded_lines": 0}, "missing_lines": [67, 68, 69, 70, 71, 72, 73], "excluded_lines": []}, "MetadataFilters.validate_dates": {"executed_lines": [], "summary": {"covered_lines": 0, "num_statements": 3, "percent_covered": 0.0, "percent_covered_display": "0", "missing_lines": 3, "excluded_lines": 0}, "missing_lines": [79, 80, 81], "excluded_lines": []}, "MetadataFilters.is_empty": {"executed_lines": [], "summary": {"covered_lines": 0, "num_statements": 1, "percent_covered": 0.0, "percent_covered_display": "0", "missing_lines": 1, "excluded_lines": 0}, "missing_lines": [89], "excluded_lines": []}, "MetadataFilters.get_active_filters": {"executed_lines": [], "summary": {"covered_lines": 0, "num_statements": 6, "percent_covered": 0.0, "percent_covered_display": "0", "missing_lines": 6, "excluded_lines": 0}, "missing_lines": [100, 101, 102, 103, 104, 105], "excluded_lines": []}, "MetadataFilterEngine.__init__": {"executed_lines": [], "summary": {"covered_lines": 0, "num_statements": 1, "percent_covered": 0.0, "percent_covered_display": "0", "missing_lines": 1, "excluded_lines": 0}, "missing_lines": [123], "excluded_lines": []}, "MetadataFilterEngine.build_qdrant_filter": {"executed_lines": [], "summary": {"covered_lines": 0, "num_statements": 31, "percent_covered": 0.0, "percent_covered_display": "0", "missing_lines": 31, "excluded_lines": 0}, "missing_lines": [141, 142, 143, 145, 148, 149, 157, 162, 163, 171, 177, 178, 184, 186, 189, 192, 193, 199, 202, 203, 204, 210, 213, 214, 215, 221, 224, 225, 227, 232, 239], "excluded_lines": []}, "MetadataFilterEngine.validate_filter": {"executed_lines": [], "summary": {"covered_lines": 0, "num_statements": 7, "percent_covered": 0.0, "percent_covered_display": "0", "missing_lines": 7, "excluded_lines": 0}, "missing_lines": [251, 256, 259, 260, 261, 262, 264], "excluded_lines": []}, "MetadataFilterEngine.estimate_selectivity": {"executed_lines": [], "summary": {"covered_lines": 0, "num_statements": 12, "percent_covered": 0.0, "percent_covered_display": "0", "missing_lines": 12, "excluded_lines": 0}, "missing_lines": [279, 280, 283, 286, 287, 290, 291, 294, 295, 298, 299, 301], "excluded_lines": []}, "": {"executed_lines": [1, 17, 19, 20, 21, 29, 32, 33, 46, 49, 52, 55, 56, 59, 63, 64, 65, 75, 76, 77, 83, 94, 108, 109, 121, 125, 241, 266], "summary": {"covered_lines": 25, "num_statements": 25, "percent_covered": 100.0, "percent_covered_display": "100", "missing_lines": 0, "excluded_lines": 0}, "missing_lines": [], "excluded_lines": []}}, "classes": {"MetadataFilters": {"executed_lines": [], "summary": {"covered_lines": 0, "num_statements": 17, "percent_covered": 0.0, "percent_covered_display": "0", "missing_lines": 17, "excluded_lines": 0}, "missing_lines": [67, 68, 69, 70, 71, 72, 73, 79, 80, 81, 89, 100, 101, 102, 103, 104, 105], "excluded_lines": []}, "MetadataFilterEngine": {"executed_lines": [], "summary": {"covered_lines": 0, "num_statements": 51, "percent_covered": 0.0, "percent_covered_display": "0", "missing_lines": 51, "excluded_lines": 0}, "missing_lines": [123, 141, 142, 143, 145, 148, 149, 157, 162, 163, 171, 177, 178, 184, 186, 189, 192, 193, 199, 202, 203, 204, 210, 213, 214, 215, 221, 224, 225, 227, 232, 239, 251, 256, 259, 260, 261, 262, 264, 279, 280, 283, 286, 287, 290, 291, 294, 295, 298, 299, 301], "excluded_lines": []}, "": {"executed_lines": [1, 17, 19, 20, 21, 29, 32, 33, 46, 49, 52, 55, 56, 59, 63, 64, 65, 75, 76, 77, 83, 94, 108, 109, 121, 125, 241, 266], "summary": {"covered_lines": 25, "num_statements": 25, "percent_covered": 100.0, "percent_covered_display": "100", "missing_lines": 0, "excluded_lines": 0}, "missing_lines": [], "excluded_lines": []}}}, "src\\components\\retrieval\\query_decomposition.py": {"executed_lines": [1, 20, 21, 23, 24, 25, 27, 29, 32, 33, 35, 36, 37, 40, 41, 43, 44, 45, 50, 51, 53, 54, 55, 58, 59, 61, 62, 63, 64, 68, 80, 100, 101, 112, 136, 192, 259, 298, 378], "summary": {"covered_lines": 32, "num_statements": 127, "percent_covered": 25.19685039370079, "percent_covered_display": "25", "missing_lines": 95, "excluded_lines": 1}, "missing_lines": [125, 126, 127, 128, 130, 145, 147, 148, 158, 161, 162, 163, 164, 165, 166, 168, 169, 171, 177, 183, 184, 186, 202, 204, 207, 209, 213, 214, 224, 227, 228, 230, 232, 233, 234, 235, 237, 239, 242, 243, 244, 246, 252, 254, 255, 257, 269, 272, 273, 275, 279, 282, 283, 284, 285, 288, 289, 291, 317, 320, 322, 323, 327, 329, 331, 336, 337, 340, 341, 348, 352, 357, 358, 360, 363, 364, 365, 368, 369, 376, 389, 390, 392, 394, 395, 396, 398, 405, 407, 408, 412, 416, 418, 419, 421], "excluded_lines": [80], "functions": {"QueryDecomposer.__init__": {"executed_lines": [], "summary": {"covered_lines": 0, "num_statements": 5, "percent_covered": 0.0, "percent_covered_display": "0", "missing_lines": 5, "excluded_lines": 0}, "missing_lines": [125, 126, 127, 128, 130], "excluded_lines": []}, "QueryDecomposer.classify_query": {"executed_lines": [], "summary": {"covered_lines": 0, "num_statements": 17, "percent_covered": 0.0, "percent_covered_display": "0", "missing_lines": 17, "excluded_lines": 0}, "missing_lines": [145, 147, 148, 158, 161, 162, 163, 164, 165, 166, 168, 169, 171, 177, 183, 184, 186], "excluded_lines": []}, "QueryDecomposer.decompose_query": {"executed_lines": [], "summary": {"covered_lines": 0, "num_statements": 24, "percent_covered": 0.0, "percent_covered_display": "0", "missing_lines": 24, "excluded_lines": 0}, "missing_lines": [202, 204, 207, 209, 213, 214, 224, 227, 228, 230, 232, 233, 234, 235, 237, 239, 242, 243, 244, 246, 252, 254, 255, 257], "excluded_lines": []}, "QueryDecomposer.decompose": {"executed_lines": [], "summary": {"covered_lines": 0, "num_statements": 12, "percent_covered": 0.0, "percent_covered_display": "0", "missing_lines": 12, "excluded_lines": 0}, "missing_lines": [269, 272, 273, 275, 279, 282, 283, 284, 285, 288, 289, 291], "excluded_lines": []}, "QueryDecomposer.decompose_and_search": {"executed_lines": [], "summary": {"covered_lines": 0, "num_statements": 22, "percent_covered": 0.0, "percent_covered_display": "0", "missing_lines": 22, "excluded_lines": 0}, "missing_lines": [317, 320, 322, 323, 327, 329, 331, 336, 337, 340, 341, 348, 352, 357, 358, 360, 363, 364, 365, 368, 369, 376], "excluded_lines": []}, "QueryDecomposer._merge_results": {"executed_lines": [], "summary": {"covered_lines": 0, "num_statements": 15, "percent_covered": 0.0, "percent_covered_display": "0", "missing_lines": 15, "excluded_lines": 0}, "missing_lines": [389, 390, 392, 394, 395, 396, 398, 405, 407, 408, 412, 416, 418, 419, 421], "excluded_lines": []}, "": {"executed_lines": [1, 20, 21, 23, 24, 25, 27, 29, 32, 33, 35, 36, 37, 40, 41, 43, 44, 45, 50, 51, 53, 54, 55, 58, 59, 61, 62, 63, 64, 68, 80, 100, 101, 112, 136, 192, 259, 298, 378], "summary": {"covered_lines": 32, "num_statements": 32, "percent_covered": 100.0, "percent_covered_display": "100", "missing_lines": 0, "excluded_lines": 1}, "missing_lines": [], "excluded_lines": [80]}}, "classes": {"QueryType": {"executed_lines": [], "summary": {"covered_lines": 0, "num_statements": 0, "percent_covered": 100.0, "percent_covered_display": "100", "missing_lines": 0, "excluded_lines": 0}, "missing_lines": [], "excluded_lines": []}, "SubQuery": {"executed_lines": [], "summary": {"covered_lines": 0, "num_statements": 0, "percent_covered": 100.0, "percent_covered_display": "100", "missing_lines": 0, "excluded_lines": 0}, "missing_lines": [], "excluded_lines": []}, "QueryClassification": {"executed_lines": [], "summary": {"covered_lines": 0, "num_statements": 0, "percent_covered": 100.0, "percent_covered_display": "100", "missing_lines": 0, "excluded_lines": 0}, "missing_lines": [], "excluded_lines": []}, "DecompositionResult": {"executed_lines": [], "summary": {"covered_lines": 0, "num_statements": 0, "percent_covered": 100.0, "percent_covered_display": "100", "missing_lines": 0, "excluded_lines": 0}, "missing_lines": [], "excluded_lines": []}, "QueryDecomposer": {"executed_lines": [], "summary": {"covered_lines": 0, "num_statements": 95, "percent_covered": 0.0, "percent_covered_display": "0", "missing_lines": 95, "excluded_lines": 0}, "missing_lines": [125, 126, 127, 128, 130, 145, 147, 148, 158, 161, 162, 163, 164, 165, 166, 168, 169, 171, 177, 183, 184, 186, 202, 204, 207, 209, 213, 214, 224, 227, 228, 230, 232, 233, 234, 235, 237, 239, 242, 243, 244, 246, 252, 254, 255, 257, 269, 272, 273, 275, 279, 282, 283, 284, 285, 288, 289, 291, 317, 320, 322, 323, 327, 329, 331, 336, 337, 340, 341, 348, 352, 357, 358, 360, 363, 364, 365, 368, 369, 376, 389, 390, 392, 394, 395, 396, 398, 405, 407, 408, 412, 416, 418, 419, 421], "excluded_lines": []}, "": {"executed_lines": [1, 20, 21, 23, 24, 25, 27, 29, 32, 33, 35, 36, 37, 40, 41, 43, 44, 45, 50, 51, 53, 54, 55, 58, 59, 61, 62, 63, 64, 68, 80, 100, 101, 112, 136, 192, 259, 298, 378], "summary": {"covered_lines": 32, "num_statements": 32, "percent_covered": 100.0, "percent_covered_display": "100", "missing_lines": 0, "excluded_lines": 1}, "missing_lines": [], "excluded_lines": [80]}}}, "src\\components\\retrieval\\reranker.py": {"executed_lines": [1, 16, 17, 19, 20, 21, 23, 25, 28, 29, 41, 42, 43, 44, 45, 46, 47, 48, 51, 52, 70, 98, 99, 130, 233], "summary": {"covered_lines": 22, "num_statements": 59, "percent_covered": 37.28813559322034, "percent_covered_display": "37", "missing_lines": 37, "excluded_lines": 0}, "missing_lines": [84, 85, 86, 87, 89, 91, 109, 110, 112, 113, 119, 121, 127, 128, 162, 163, 164, 166, 174, 178, 182, 184, 187, 188, 191, 201, 204, 207, 208, 211, 212, 213, 221, 222, 224, 231, 239], "excluded_lines": [], "functions": {"CrossEncoderReranker.__init__": {"executed_lines": [], "summary": {"co
[...]
"missing_lines": 0, "excluded_lines": 0}, "missing_lines": [], "excluded_lines": []}, "setup_logging": {"executed_lines": [26, 35, 44, 51, 60, 67, 68, 69, 70], "summary": {"covered_lines": 9, "num_statements": 10, "percent_covered": 90.0, "percent_covered_display": "90", "missing_lines": 1, "excluded_lines": 0}, "missing_lines": [37], "excluded_lines": []}, "get_logger": {"executed_lines": [83], "summary": {"covered_lines": 1, "num_statements": 1, "percent_covered": 100.0, "percent_covered_display": "100", "missing_lines": 0, "excluded_lines": 0}, "missing_lines": [], "excluded_lines": []}, "": {"executed_lines": [1, 3, 4, 6, 7, 10, 17, 73], "summary": {"covered_lines": 7, "num_statements": 7, "percent_covered": 100.0, "percent_covered_display": "100", "missing_lines": 0, "excluded_lines": 0}, "missing_lines": [], "excluded_lines": []}}, "classes": {"": {"executed_lines": [1, 3, 4, 6, 7, 10, 12, 13, 14, 17, 26, 35, 44, 51, 60, 67, 68, 69, 70, 73, 83], "summary": {"covered_lines": 20, "num_statements": 21, "percent_covered": 95.23809523809524, "percent_covered_display": "95", "missing_lines": 1, "excluded_lines": 0}, "missing_lines": [37], "excluded_lines": []}}}, "src\\core\\models.py": {"executed_lines": [1, 3, 4, 5, 7, 10, 11, 13, 14, 15, 16, 19, 20, 22, 23, 24, 25, 28, 29, 31, 32, 33, 34, 36, 37, 39, 49, 50, 52, 53, 54, 55, 58, 59, 61, 62, 63, 70, 71, 73, 85, 86, 88, 89, 90, 91, 92, 93, 95, 96, 98, 117, 118, 120, 121, 122, 125, 126, 128, 129, 130, 133, 134, 136, 137, 138, 139, 143, 144, 146, 161, 162, 164, 165, 166, 167, 169, 170, 172], "summary": {"covered_lines": 64, "num_statements": 68, "percent_covered": 94.11764705882354, "percent_covered_display": "94", "missing_lines": 4, "excluded_lines": 0}, "missing_lines": [65, 66, 67, 68], "excluded_lines": [], "functions": {"QueryRequest.validate_query": {"executed_lines": [], "summary": {"covered_lines": 0, "num_statements": 4, "percent_covered": 0.0, "percent_covered_display": "0", "missing_lines": 4, "excluded_lines": 0}, "missing_lines": [65, 66, 67, 68], "excluded_lines": []}, "": {"executed_lines": [1, 3, 4, 5, 7, 10, 11, 13, 14, 15, 16, 19, 20, 22, 23, 24, 25, 28, 29, 31, 32, 33, 34, 36, 37, 39, 49, 50, 52, 53, 54, 55, 58, 59, 61, 62, 63, 70, 71, 73, 85, 86, 88, 89, 90, 91, 92, 93, 95, 96, 98, 117, 118, 120, 121, 122, 125, 126, 128, 129, 130, 133, 134, 136, 137, 138, 139, 143, 144, 146, 161, 162, 164, 165, 166, 167, 169, 170, 172], "summary": {"covered_lines": 64, "num_statements": 64, "percent_covered": 100.0, "percent_covered_display": "100", "missing_lines": 0, "excluded_lines": 0}, "missing_lines": [], "excluded_lines": []}}, "classes": {"QueryIntent": {"executed_lines": [], "summary": {"covered_lines": 0, "num_statements": 0, "percent_covered": 100.0, "percent_covered_display": "100", "missing_lines": 0, "excluded_lines": 0}, "missing_lines": [], "excluded_lines": []}, "QueryMode": {"executed_lines": [], "summary": {"covered_lines": 0, "num_statements": 0, "percent_covered": 100.0, "percent_covered_display": "100", "missing_lines": 0, "excluded_lines": 0}, "missing_lines": [], "excluded_lines": []}, "DocumentChunk": {"executed_lines": [], "summary": {"covered_lines": 0, "num_statements": 0, "percent_covered": 100.0, "percent_covered_display": "100", "missing_lines": 0, "excluded_lines": 0}, "missing_lines": [], "excluded_lines": []}, "DocumentChunk.Config": {"executed_lines": [], "summary": {"covered_lines": 0, "num_statements": 0, "percent_covered": 100.0, "percent_covered_display": "100", "missing_lines": 0, "excluded_lines": 0}, "missing_lines": [], "excluded_lines": []}, "QueryRequest": {"executed_lines": [], "summary": {"covered_lines": 0, "num_statements": 4, "percent_covered": 0.0, "percent_covered_display": "0", "missing_lines": 4, "excluded_lines": 0}, "missing_lines": [65, 66, 67, 68], "excluded_lines": []}, "QueryRequest.Config": {"executed_lines": [], "summary": {"covered_lines": 0, "num_statements": 0, "percent_covered": 100.0, "percent_covered_display": "100", "missing_lines": 0, "excluded_lines": 0}, "missing_lines": [], "excluded_lines": []}, "QueryResponse": {"executed_lines": [], "summary": {"covered_lines": 0, "num_statements": 0, "percent_covered": 100.0, "percent_covered_display": "100", "missing_lines": 0, "excluded_lines": 0}, "missing_lines": [], "excluded_lines": []}, "QueryResponse.Config": {"executed_lines": [], "summary": {"covered_lines": 0, "num_statements": 0, "percent_covered": 100.0, "percent_covered_display": "100", "missing_lines": 0, "excluded_lines": 0}, "missing_lines": [], "excluded_lines": []}, "HealthStatus": {"executed_lines": [], "summary": {"covered_lines": 0, "num_statements": 0, "percent_covered": 100.0, "percent_covered_display": "100", "missing_lines": 0, "excluded_lines": 0}, "missing_lines": [], "excluded_lines": []}, "ServiceHealth": {"executed_lines": [], "summary": {"covered_lines": 0, "num_statements": 0, "percent_covered": 100.0, "percent_covered_display": "100", "missing_lines": 0, "excluded_lines": 0}, "missing_lines": [], "excluded_lines": []}, "HealthResponse": {"executed_lines": [], "summary": {"covered_lines": 0, "num_statements": 0, "percent_covered": 100.0, "percent_covered_display": "100", "missing_lines": 0, "excluded_lines": 0}, "missing_lines": [], "excluded_lines": []}, "HealthResponse.Config": {"executed_lines": [], "summary": {"covered_lines": 0, "num_statements": 0, "percent_covered": 100.0, "percent_covered_display": "100", "missing_lines": 0, "excluded_lines": 0}, "missing_lines": [], "excluded_lines": []}, "ErrorResponse": {"executed_lines": [], "summary": {"covered_lines": 0, "num_statements": 0, "percent_covered": 100.0, "percent_covered_display": "100", "missing_lines": 0, "excluded_lines": 0}, "missing_lines": [], "excluded_lines": []}, "ErrorResponse.Config": {"executed_lines": [], "summary": {"covered_lines": 0, "num_statements": 0, "percent_covered": 100.0, "percent_covered_display": "100", "missing_lines": 0, "excluded_lines": 0}, "missing_lines": [], "excluded_lines": []}, "": {"executed_lines": [1, 3, 4, 5, 7, 10, 11, 13, 14, 15, 16, 19, 20, 22, 23, 24, 25, 28, 29, 31, 32, 33, 34, 36, 37, 39, 49, 50, 52, 53, 54, 55, 58, 59, 61, 62, 63, 70, 71, 73, 85, 86, 88, 89, 90, 91, 92, 93, 95, 96, 98, 117, 118, 120, 121, 122, 125, 126, 128, 129, 130, 133, 134, 136, 137, 138, 139, 143, 144, 146, 161, 162, 164, 165, 166, 167, 169, 170, 172], "summary": {"covered_lines": 64, "num_statements": 64, "percent_covered": 100.0, "percent_covered_display": "100", "missing_lines": 0, "excluded_lines": 0}, "missing_lines": [], "excluded_lines": []}}}, "src\\core\\tracing.py": {"executed_lines": [1, 9, 11, 13, 15, 18, 41, 42, 46, 49, 50, 54, 56, 58, 59, 60, 65, 71, 73, 74, 78, 81, 92, 93, 94, 95, 96, 98, 107, 117, 120, 133, 134, 138], "summary": {"covered_lines": 33, "num_statements": 35, "percent_covered": 94.28571428571429, "percent_covered_display": "94", "missing_lines": 2, "excluded_lines": 0}, "missing_lines": [100, 101], "excluded_lines": [], "functions": {"setup_langsmith_tracing": {"executed_lines": [41, 42, 46, 49, 50, 54, 56, 58, 59, 60, 65, 71, 73, 74, 78], "summary": {"covered_lines": 15, "num_statements": 15, "percent_covered": 100.0, "percent_covered_display": "100", "missing_lines": 0, "excluded_lines": 0}, "missing_lines": [], "excluded_lines": []}, "disable_langsmith_tracing": {"executed_lines": [92, 93, 94, 95, 96, 98], "summary": {"covered_lines": 6, "num_statements": 8, "percent_covered": 75.0, "percent_covered_display": "75", "missing_lines": 2, "excluded_lines": 0}, "missing_lines": [100, 101], "excluded_lines": []}, "is_tracing_enabled": {"executed_lines": [117], "summary": {"covered_lines": 1, "num_statements": 1, "percent_covered": 100.0, "percent_covered_display": "100", "missing_lines": 0, "excluded_lines": 0}, "missing_lines": [], "excluded_lines": []}, "get_trace_url": {"executed_lines": [133, 134], "summary": {"covered_lines": 2, "num_statements": 2, "percent_covered": 100.0, "percent_covered_display": "100", "missing_lines": 0, "excluded_lines": 0}, "missing_lines": [], "excluded_lines": []}, "": {"executed_lines": [1, 9, 11, 13, 15, 18, 81, 107, 120, 138], "summary": {"covered_lines": 9, "num_statements": 9, "percent_covered": 100.0, "percent_covered_display": "100", "missing_lines": 0, "excluded_lines": 0}, "missing_lines": [], "excluded_lines": []}}, "classes": {"": {"executed_lines": [1, 9, 11, 13, 15, 18, 41, 42, 46, 49, 50, 54, 56, 58, 59, 60, 65, 71, 73, 74, 78, 81, 92, 93, 94, 95, 96, 98, 107, 117, 120, 133, 134, 138], "summary": {"covered_lines": 33, "num_statements": 35, "percent_covered": 94.28571428571429, "percent_covered_display": "94", "missing_lines": 2, "excluded_lines": 0}, "missing_lines": [100, 101], "excluded_lines": []}}}, "src\\evaluation\\__init__.py": {"executed_lines": [], "summary": {"covered_lines": 0, "num_statements": 2, "percent_covered": 0.0, "percent_covered_display": "0", "missing_lines": 2, "excluded_lines": 0}, "missing_lines": [6, 8], "excluded_lines": [], "functions": {"": {"executed_lines": [], "summary": {"covered_lines": 0, "num_statements": 2, "percent_covered": 0.0, "percent_covered_display": "0", "missing_lines": 2, "excluded_lines": 0}, "missing_lines": [6, 8], "excluded_lines": []}}, "classes": {"": {"executed_lines": [], "summary": {"covered_lines": 0, "num_statements": 2, "percent_covered": 0.0, "percent_covered_display": "0", "missing_lines": 2, "excluded_lines": 0}, "missing_lines": [6, 8], "excluded_lines": []}}}, "src\\evaluation\\ragas_eval.py": {"executed_lines": [], "summary": {"covered_lines": 0, "num_statements": 121, "percent_covered": 0.0, "percent_covered_display": "0", "missing_lines": 121, "excluded_lines": 0}, "missing_lines": [11, 12, 13, 14, 15, 17, 18, 19, 20, 21, 22, 24, 26, 29, 39, 40, 41, 42, 43, 46, 59, 60, 61, 62, 63, 64, 65, 68, 71, 89, 102, 103, 104, 106, 113, 122, 124, 131, 133, 139, 145, 146, 147, 148, 150, 152, 153, 155, 168, 170, 171, 173, 175, 176, 177, 178, 179, 180, 181, 182, 183, 189, 191, 192, 194, 196, 218, 220, 223, 232, 234, 241, 242, 246, 247, 257, 258, 261, 262, 265, 287, 296, 298, 320, 321, 330, 332, 333, 334, 335, 336, 338, 340, 342, 366, 368, 369, 370, 371, 373, 376, 377, 378, 379, 380, 382, 384, 386, 395, 397, 399, 410, 411, 417, 429, 431, 433, 434, 435, 447, 558], "excluded_lines": [], "functions": {"RAGASEvaluator.__init__": {"executed_lines": [], "summary": {"covered_lines": 0, "num_statements": 4, "percent_covered": 0.0, "percent_covered_display": "0", "missing_lines": 4, "excluded_lines": 0}, "missing_lines": [102, 103, 104, 106], "excluded_lines": []}, "RAGASEvaluator._get_langchain_llm": {"executed_lines": [], "summary": {"covered_lines": 0, "num_statements": 3, "percent_covered": 0.0, "percent_covered_display": "0", "missing_lines": 3, "excluded_lines": 0}, "missing_lines": [122, 124, 131], "excluded_lines": []}, "RAGASEvaluator._get_metrics": {"executed_lines": [], "summary": {"covered_lines": 0, "num_statements": 8, "percent_covered": 0.0, "percent_covered_display": "0", "missing_lines": 8, "excluded_lines": 0}, "missing_lines": [139, 145, 146, 147, 148, 150, 152, 153], "excluded_lines": []}, "RAGASEvaluator.load_dataset": {"executed_lines": [], "summary": {"covered_lines": 0, "num_statements": 17, "percent_covered": 0.0, "percent_covered_display": "0", "missing_lines": 17, "excluded_lines": 0}, "missing_lines": [168, 170, 171, 173, 175, 176, 177, 178, 179, 180, 181, 182, 183, 189, 191, 192, 194], "excluded_lines": []}, "RAGASEvaluator.evaluate_retrieval": {"executed_lines": [], "summary": {"covered_lines": 0, "num_statements": 16, "percent_covered": 0.0, "percent_covered_display": "0", "missing_lines": 16, "excluded_lines": 0}, "missing_lines": [218, 220, 223, 232, 234, 241, 242, 246, 247, 257, 258, 261, 262, 265, 287, 296], "excluded_lines": []}, "RAGASEvaluator.run_benchmark": {"executed_lines": [], "summary": {"covered_lines": 0, "num_statements": 10, "percent_covered": 0.0, "percent_covered_display": "0", "missing_lines": 10, "excluded_lines": 0}, "missing_lines": [320, 321, 330, 332, 333, 334, 335, 336, 338, 340], "excluded_lines": []}, "RAGASEvaluator.generate_report": {"executed_lines": [], "summary": {"covered_lines": 0, "num_statements": 12, "percent_covered": 0.0, "percent_covered_display": "0", "missing_lines": 12, "excluded_lines": 0}, "missing_lines": [366, 368, 369, 370, 371, 373, 376, 377, 378, 379, 380, 382], "excluded_lines": []}, "RAGASEvaluator._generate_json_report": {"executed_lines": [], "summary": {"covered_lines": 0, "num_statements": 2, "percent_covered": 0.0, "percent_covered_display": "0", "missing_lines": 2, "excluded_lines": 0}, "missing_lines": [386, 395], "excluded_lines": []}, "RAGASEvaluator._generate_markdown_report": {"executed_lines": [], "summary": {"covered_lines": 0, "num_statements": 5, "percent_covered": 0.0, "percent_covered_display": "0", "missing_lines": 5, "excluded_lines": 0}, "missing_lines": [399, 410, 411, 417, 429], "excluded_lines": []}, "RAGASEvaluator._generate_html_report": {"executed_lines": [], "summary": {"covered_lines": 0, "num_statements": 5, "percent_covered": 0.0, "percent_covered_display": "0", "missing_lines": 5, "excluded_lines": 0}, "missing_lines": [433, 434, 435, 447, 558], "excluded_lines": []}, "": {"executed_lines": [], "summary": {"covered_lines": 0, "num_statements": 39, "percent_covered": 0.0, "percent_covered_display": "0", "missing_lines": 39, "excluded_lines": 0}, "missing_lines": [11, 12, 13, 14, 15, 17, 18, 19, 20, 21, 22, 24, 26, 29, 39, 40, 41, 42, 43, 46, 59, 60, 61, 62, 63, 64, 65, 68, 71, 89, 113, 133, 155, 196, 298, 342, 384, 397, 431], "excluded_lines": []}}, "classes": {"EvaluationDataset": {"executed_lines": [], "summary": {"covered_lines": 0, "num_statements": 0, "percent_covered": 100.0, "percent_covered_display": "100", "missing_lines": 0, "excluded_lines": 0}, "missing_lines": [], "excluded_lines": []}, "EvaluationResult": {"executed_lines": [], "summary": {"covered_lines": 0, "num_statements": 0, "percent_covered": 100.0, "percent_covered_display": "100", "missing_lines": 0, "excluded_lines": 0}, "missing_lines": [], "excluded_lines": []}, "RAGASEvaluator": {"executed_lines": [], "summary": {"covered_lines": 0, "num_statements": 82, "percent_covered": 0.0, "percent_covered_display": "0", "missing_lines": 82, "excluded_lines": 0}, "missing_lines": [102, 103, 104, 106, 122, 124, 131, 139, 145, 146, 147, 148, 150, 152, 153, 168, 170, 171, 173, 175, 176, 177, 178, 179, 180, 181, 182, 183, 189, 191, 192, 194, 218, 220, 223, 232, 234, 241, 242, 246, 247, 257, 258, 261, 262, 265, 287, 296, 320, 321, 330, 332, 333, 334, 335, 336, 338, 340, 366, 368, 369, 370, 371, 373, 376, 377, 378, 379, 380, 382, 386, 395, 399, 410, 411, 417, 429, 433, 434, 435, 447, 558], "excluded_lines": []}, "": {"executed_lines": [], "summary": {"covered_lines": 0, "num_statements": 39, "percent_covered": 0.0, "percent_covered_display": "0", "missing_lines": 39, "excluded_lines": 0}, "missing_lines": [11, 12, 13, 14, 15, 17, 18, 19, 20, 21, 22, 24, 26, 29, 39, 40, 41, 42, 43, 46, 59, 60, 61, 62, 63, 64, 65, 68, 71, 89, 113, 133, 155, 196, 298, 342, 384, 397, 431], "excluded_lines": []}}}, "src\\prompts\\__init__.py": {"executed_lines": [0], "summary": {"covered_lines": 0, "num_statements": 0, "percent_covered": 100.0, "percent_covered_display": "100", "missing_lines": 0, "excluded_lines": 0}, "missing_lines": [], "excluded_lines": [], "functions": {"": {"executed_lines": [], "summary": {"covered_lines": 0, "num_statements": 0, "percent_covered": 100.0, "percent_covered_display": "100", "missing_lines": 0, "excluded_lines": 0}, "missing_lines": [], "excluded_lines": []}}, "classes": {"": {"executed_lines": [], "summary": {"covered_lines": 0, "num_statements": 0, "percent_covered": 100.0, "percent_covered_display": "100", "missing_lines": 0, "excluded_lines": 0}, "missing_lines": [], "excluded_lines": []}}}, "src\\prompts\\router_prompts.py": {"executed_lines": [1, 9], "summary": {"covered_lines": 1, "num_statements": 1, "percent_covered": 100.0, "percent_covered_display": "100", "missing_lines": 0, "excluded_lines": 0}, "missing_lines": [], "excluded_lines": [], "functions": {"": {"executed_lines": [1, 9], "summary": {"covered_lines": 1, "num_statements": 1, "percent_covered": 100.0, "percent_covered_display": "100", "missing_lines": 0, "excluded_lines": 0}, "missing_lines": [], "excluded_lines": []}}, "classes": {"": {"executed_lines": [1, 9], "summary": {"covered_lines": 1, "num_statements": 1, "percent_covered": 100.0, "percent_covered_display": "100", "missing_lines": 0, "excluded_lines": 0}, "missing_lines": [], "excluded_lines": []}}}, "src\\utils\\__init__.py": {"executed_lines": [0], "summary": {"covered_lines": 0, "num_statements": 0, "percent_covered": 100.0, "percent_covered_display": "100", "missing_lines": 0, "excluded_lines": 0}, "missing_lines": [], "excluded_lines": [], "functions": {"": {"executed_lines": [], "summary": {"covered_lines": 0, "num_statements": 0, "percent_covered": 100.0, "percent_covered_display": "100", "missing_lines": 0, "excluded_lines": 0}, "missing_lines": [], "excluded_lines": []}}, "classes": {"": {"executed_lines": [], "summary": {"covered_lines": 0, "num_statements": 0, "percent_covered": 100.0, "percent_covered_display": "100", "missing_lines": 0, "excluded_lines": 0}, "missing_lines": [], "excluded_lines": []}}}, "src\\utils\\fusion.py": {"executed_lines": [1, 10, 11, 13, 15, 18, 86, 163], "summary": {"covered_lines": 7, "num_statements": 67, "percent_covered": 10.447761194029852, "percent_covered_display": "10", "missing_lines": 60, "excluded_lines": 0}, "missing_lines": [41, 42, 45, 46, 48, 49, 51, 54, 55, 58, 59, 62, 69, 70, 71, 72, 73, 74, 76, 83, 110, 111, 114, 115, 118, 119, 122, 123, 125, 128, 129, 132, 133, 135, 136, 139, 146, 147, 148, 149, 150, 151, 153, 160, 178, 179, 182, 183, 184, 185, 188, 189, 191, 192, 193, 194, 195, 196, 198, 200], "excluded_lines": [], "functions": {"reciprocal_rank_fusion": {"executed_lines": [], "summary": {"covered_lines": 0, "num_statements": 20, "percent_covered": 0.0, "percent_covered_display": "0", "missing_lines": 20, "excluded_lines": 0}, "missing_lines": [41, 42, 45, 46, 48, 49, 51, 54, 55, 58, 59, 62, 69, 70, 71, 72, 73, 74, 76, 83], "excluded_lines": []}, "weighted_reciprocal_rank_fusion": {"executed_lines": [], "summary": {"covered_lines": 0, "num_statements": 24, "percent_covered": 0.0, "percent_covered_display": "0", "missing_lines": 24, "excluded_lines": 0}, "missing_lines": [110, 111, 114, 115, 118, 119, 122, 123, 125, 128, 129, 132, 133, 135, 136, 139, 146, 147, 148, 149, 150, 151, 153, 160], "excluded_lines": []}, "analyze_ranking_diversity": {"executed_lines": [], "summary": {"covered_lines": 0, "num_statements": 16, "percent_covered": 0.0, "percent_covered_display": "0", "missing_lines": 16, "excluded_lines": 0}, "missing_lines": [178, 179, 182, 183, 184, 185, 188, 189, 191, 192, 193, 194, 195, 196, 198, 200], "excluded_lines": []}, "": {"executed_lines": [1, 10, 11, 13, 15, 18, 86, 163], "summary": {"covered_lines": 7, "num_statements": 7, "percent_covered": 100.0, "percent_covered_display": "100", "missing_lines": 0, "excluded_lines": 0}, "missing_lines": [], "excluded_lines": []}}, "classes": {"": {"executed_lines": [1, 10, 11, 13, 15, 18, 86, 163], "summary": {"covered_lines": 7, "num_statements": 67, "percent_covered": 10.447761194029852, "percent_covered_display": "10", "missing_lines": 60, "excluded_lines": 0}, "missing_lines": [41, 42, 45, 46, 48, 49, 51, 54, 55, 58, 59, 62, 69, 70, 71, 72, 73, 74, 76, 83, 110, 111, 114, 115, 118, 119, 122, 123, 125, 128, 129, 132, 133, 135, 136, 139, 146, 147, 148, 149, 150, 151, 153, 160, 178, 179, 182, 183, 184, 185, 188, 189, 191, 192, 193, 194, 195, 196, 198, 200], "excluded_lines": []}}}}, "totals": {"covered_lines": 1185, "num_statements": 2472, "percent_covered": 47.93689320388349, "percent_covered_display": "48", "missing_lines": 1287, "excluded_lines": 2}}