ğŸ” Code Quality	Run MyPy Type Checker (Strict Mode)	2025-11-18T18:12:00.0321717Z src/components/mcp/types.py:42:9: error: Returning Any from function declared
ğŸ” Code Quality	Run MyPy Type Checker (Strict Mode)	2025-11-18T18:12:01.1926714Z src/components/mcp/result_parser.py:69:13: error: Returning Any from function
ğŸ” Code Quality	Run MyPy Type Checker (Strict Mode)	2025-11-18T18:12:01.1929226Z src/components/mcp/result_parser.py:152:13: error: Returning Any from function
ğŸ” Code Quality	Run MyPy Type Checker (Strict Mode)	2025-11-18T18:12:06.1171913Z src/components/vector_search/bm25_search.py:33:9: error: Type of variable
ğŸ” Code Quality	Run MyPy Type Checker (Strict Mode)	2025-11-18T18:12:06.1173646Z src/components/vector_search/bm25_search.py:105:23: error: Missing positional
ğŸ” Code Quality	Run MyPy Type Checker (Strict Mode)	2025-11-18T18:12:06.1175161Z src/components/vector_search/bm25_search.py:125:19: error: Missing positional
ğŸ” Code Quality	Run MyPy Type Checker (Strict Mode)	2025-11-18T18:12:06.1176930Z src/components/vector_search/bm25_search.py:145:19: error: Missing positional
ğŸ” Code Quality	Run MyPy Type Checker (Strict Mode)	2025-11-18T18:12:06.1178676Z src/components/vector_search/bm25_search.py:180:19: error: Missing positional
ğŸ” Code Quality	Run MyPy Type Checker (Strict Mode)	2025-11-18T18:12:06.1180361Z src/components/vector_search/bm25_search.py:269:19: error: Missing positional
ğŸ” Code Quality	Run MyPy Type Checker (Strict Mode)	2025-11-18T18:12:06.1240951Z src/components/memory/routing_strategy.py:141:5: error: Function is missing a
ğŸ” Code Quality	Run MyPy Type Checker (Strict Mode)	2025-11-18T18:12:06.1244529Z src/components/memory/routing_strategy.py:254:36: error: Call to untyped
ğŸ” Code Quality	Run MyPy Type Checker (Strict Mode)	2025-11-18T18:12:06.1319760Z src/components/memory/relevance_scorer.py:34:5: error: Function is missing a
ğŸ” Code Quality	Run MyPy Type Checker (Strict Mode)	2025-11-18T18:12:06.1322874Z src/components/memory/relevance_scorer.py:218:19: error: Missing type
ğŸ” Code Quality	Run MyPy Type Checker (Strict Mode)	2025-11-18T18:12:06.1426760Z src/components/llm_proxy/cost_tracker.py:42:9: error: Call to untyped function
ğŸ” Code Quality	Run MyPy Type Checker (Strict Mode)	2025-11-18T18:12:06.1428447Z src/components/llm_proxy/cost_tracker.py:46:5: error: Function is missing a
ğŸ” Code Quality	Run MyPy Type Checker (Strict Mode)	2025-11-18T18:12:06.1431012Z src/components/llm_proxy/cost_tracker.py:182:16: error: Incompatible return
ğŸ” Code Quality	Run MyPy Type Checker (Strict Mode)	2025-11-18T18:12:06.1432423Z src/components/llm_proxy/cost_tracker.py:291:20: error: Function "builtins.any"
ğŸ” Code Quality	Run MyPy Type Checker (Strict Mode)	2025-11-18T18:12:06.1434460Z src/components/llm_proxy/cost_tracker.py:401:5: error: Function is missing a
ğŸ” Code Quality	Run MyPy Type Checker (Strict Mode)	2025-11-18T18:12:06.1500001Z src/components/llm_proxy/config.py:116:36: error: Missing type parameters for
ğŸ” Code Quality	Run MyPy Type Checker (Strict Mode)	2025-11-18T18:12:06.1502262Z src/components/llm_proxy/config.py:169:9: error: Returning Any from function
ğŸ” Code Quality	Run MyPy Type Checker (Strict Mode)	2025-11-18T18:12:06.1504381Z src/components/llm_proxy/config.py:211:13: error: Returning Any from function
ğŸ” Code Quality	Run MyPy Type Checker (Strict Mode)	2025-11-18T18:12:06.1588000Z src/components/graph_rag/temporal_query_builder.py:18:5: error: Function is
ğŸ” Code Quality	Run MyPy Type Checker (Strict Mode)	2025-11-18T18:12:06.1591783Z src/components/graph_rag/temporal_query_builder.py:162:5: error: Function is
ğŸ” Code Quality	Run MyPy Type Checker (Strict Mode)	2025-11-18T18:12:06.1594751Z src/components/graph_rag/temporal_query_builder.py:164:9: error: Call to
ğŸ” Code Quality	Run MyPy Type Checker (Strict Mode)	2025-11-18T18:12:06.1596130Z src/components/graph_rag/temporal_query_builder.py:358:35: error: Call to
ğŸ” Code Quality	Run MyPy Type Checker (Strict Mode)	2025-11-18T18:12:06.1676448Z src/components/graph_rag/semantic_deduplicator.py:30:1: error: Cannot find
ğŸ” Code Quality	Run MyPy Type Checker (Strict Mode)	2025-11-18T18:12:06.1678852Z src/components/graph_rag/semantic_deduplicator.py:37:1: error: Cannot find
ğŸ” Code Quality	Run MyPy Type Checker (Strict Mode)	2025-11-18T18:12:06.1681159Z src/components/graph_rag/semantic_deduplicator.py:52:1: error: Type of variable
ğŸ” Code Quality	Run MyPy Type Checker (Strict Mode)	2025-11-18T18:12:06.1682835Z src/components/graph_rag/semantic_deduplicator.py:56:1: error: Return type
ğŸ” Code Quality	Run MyPy Type Checker (Strict Mode)	2025-11-18T18:12:06.1684100Z src/components/graph_rag/semantic_deduplicator.py:212:9: error: Need type
ğŸ” Code Quality	Run MyPy Type Checker (Strict Mode)	2025-11-18T18:12:06.1685606Z src/components/graph_rag/semantic_deduplicator.py:319:1: error: Function is
ğŸ” Code Quality	Run MyPy Type Checker (Strict Mode)	2025-11-18T18:12:06.1687327Z src/components/graph_rag/semantic_deduplicator.py:341:16: error: Incompatible
ğŸ” Code Quality	Run MyPy Type Checker (Strict Mode)	2025-11-18T18:12:06.4736347Z src/components/graph_rag/query_templates.py:33:5: error: Function is missing a
ğŸ” Code Quality	Run MyPy Type Checker (Strict Mode)	2025-11-18T18:12:06.4753981Z src/api/middleware/request_id.py:111:5: error: Function is missing a type
ğŸ” Code Quality	Run MyPy Type Checker (Strict Mode)	2025-11-18T18:12:06.4756174Z src/api/middleware/request_id.py:187:9: error: Returning Any from function
ğŸ” Code Quality	Run MyPy Type Checker (Strict Mode)	2025-11-18T18:12:06.4789427Z src/agents/base_agent.py:115:9: error: Returning Any from function declared to
ğŸ” Code Quality	Run MyPy Type Checker (Strict Mode)	2025-11-18T18:12:06.8995846Z src/core/chunking_service.py:98:5: error: Return type becomes
ğŸ” Code Quality	Run MyPy Type Checker (Strict Mode)	2025-11-18T18:12:06.8998457Z src/core/chunking_service.py:165:19: error: Missing type parameters for generic
ğŸ” Code Quality	Run MyPy Type Checker (Strict Mode)	2025-11-18T18:12:06.9000902Z src/core/chunking_service.py:237:19: error: Missing type parameters for generic
ğŸ” Code Quality	Run MyPy Type Checker (Strict Mode)	2025-11-18T18:12:06.9003007Z src/core/chunking_service.py:313:19: error: Missing type parameters for generic
ğŸ” Code Quality	Run MyPy Type Checker (Strict Mode)	2025-11-18T18:12:06.9005042Z src/core/chunking_service.py:364:9: error: Type of variable becomes "list[Any]"
ğŸ” Code Quality	Run MyPy Type Checker (Strict Mode)	2025-11-18T18:12:06.9007879Z src/core/chunking_service.py:400:19: error: Missing type parameters for generic
ğŸ” Code Quality	Run MyPy Type Checker (Strict Mode)	2025-11-18T18:12:06.9009878Z src/core/chunking_service.py:449:9: error: Type of variable becomes "list[Any]"
ğŸ” Code Quality	Run MyPy Type Checker (Strict Mode)	2025-11-18T18:12:06.9013568Z src/core/chunking_service.py:485:19: error: Missing type parameters for generic
ğŸ” Code Quality	Run MyPy Type Checker (Strict Mode)	2025-11-18T18:12:06.9015567Z src/core/chunking_service.py:506:9: error: Need type annotation for
ğŸ” Code Quality	Run MyPy Type Checker (Strict Mode)	2025-11-18T18:12:06.9017927Z src/core/chunking_service.py:538:17: error: Need type annotation for
ğŸ” Code Quality	Run MyPy Type Checker (Strict Mode)	2025-11-18T18:12:06.9141899Z src/components/retrieval/reranker.py:29:1: error: Cannot find implementation or
ğŸ” Code Quality	Run MyPy Type Checker (Strict Mode)	2025-11-18T18:12:06.9145005Z src/components/retrieval/reranker.py:54:15: error: Missing type parameters for
ğŸ” Code Quality	Run MyPy Type Checker (Strict Mode)	2025-11-18T18:12:06.9147589Z src/components/retrieval/reranker.py:95:9: error: Type of variable becomes
ğŸ” Code Quality	Run MyPy Type Checker (Strict Mode)	2025-11-18T18:12:06.9150136Z src/components/retrieval/reranker.py:105:5: error: Return type becomes "Any"
ğŸ” Code Quality	Run MyPy Type Checker (Strict Mode)	2025-11-18T18:12:06.9152688Z src/components/retrieval/reranker.py:139: error: Unused "type: ignore" comment 
ğŸ” Code Quality	Run MyPy Type Checker (Strict Mode)	2025-11-18T18:12:06.9155164Z src/components/retrieval/reranker.py:151:29: error: Missing type parameters for
ğŸ” Code Quality	Run MyPy Type Checker (Strict Mode)	2025-11-18T18:12:06.9157415Z src/components/retrieval/reranker.py:251:33: error: Missing type parameters for
ğŸ” Code Quality	Run MyPy Type Checker (Strict Mode)	2025-11-18T18:12:06.9310112Z src/components/retrieval/chunking.py:276:5: error: Argument 2 to
ğŸ” Code Quality	Run MyPy Type Checker (Strict Mode)	2025-11-18T18:12:06.9313344Z src/components/retrieval/chunking.py:383:5: error: Return type becomes
ğŸ” Code Quality	Run MyPy Type Checker (Strict Mode)	2025-11-18T18:12:06.9315552Z src/components/retrieval/chunking.py:383:5: error: Argument 2 to
ğŸ” Code Quality	Run MyPy Type Checker (Strict Mode)	2025-11-18T18:12:06.9318605Z src/components/retrieval/chunking.py:412:16: error: Missing type parameters for
ğŸ” Code Quality	Run MyPy Type Checker (Strict Mode)	2025-11-18T18:12:06.9321224Z src/components/retrieval/chunking.py:465:5: error: Return type becomes
ğŸ” Code Quality	Run MyPy Type Checker (Strict Mode)	2025-11-18T18:12:06.9323403Z src/components/retrieval/chunking.py:465:5: error: Argument 2 to
ğŸ” Code Quality	Run MyPy Type Checker (Strict Mode)	2025-11-18T18:12:06.9325953Z src/components/retrieval/chunking.py:512:16: error: Missing type parameters for
ğŸ” Code Quality	Run MyPy Type Checker (Strict Mode)	2025-11-18T18:12:06.9328322Z src/components/retrieval/chunking.py:540:5: error: Return type becomes
ğŸ” Code Quality	Run MyPy Type Checker (Strict Mode)	2025-11-18T18:12:06.9330691Z src/components/retrieval/chunking.py:540:5: error: Argument 2 to
ğŸ” Code Quality	Run MyPy Type Checker (Strict Mode)	2025-11-18T18:12:06.9333271Z src/components/retrieval/chunking.py:588:13: error: Returning Any from function
ğŸ” Code Quality	Run MyPy Type Checker (Strict Mode)	2025-11-18T18:12:06.9336156Z src/components/retrieval/chunking.py:603:16: error: Missing type parameters for
ğŸ” Code Quality	Run MyPy Type Checker (Strict Mode)	2025-11-18T18:12:06.9338288Z src/components/retrieval/chunking.py:631:5: error: Return type becomes
ğŸ” Code Quality	Run MyPy Type Checker (Strict Mode)	2025-11-18T18:12:06.9340667Z src/components/retrieval/chunking.py:631:5: error: Argument 2 to
ğŸ” Code Quality	Run MyPy Type Checker (Strict Mode)	2025-11-18T18:12:06.9343337Z src/components/retrieval/chunking.py:669:9: error: Returning Any from function
ğŸ” Code Quality	Run MyPy Type Checker (Strict Mode)	2025-11-18T18:12:06.9345583Z src/components/retrieval/chunking.py:671:5: error: Return type becomes
ğŸ” Code Quality	Run MyPy Type Checker (Strict Mode)	2025-11-18T18:12:06.9348053Z src/components/retrieval/chunking.py:671:5: error: Argument 2 to
ğŸ” Code Quality	Run MyPy Type Checker (Strict Mode)	2025-11-18T18:12:06.9351291Z src/components/retrieval/chunking.py:715:5: error: Return type becomes
ğŸ” Code Quality	Run MyPy Type Checker (Strict Mode)	2025-11-18T18:12:06.9353881Z src/components/retrieval/chunking.py:715:5: error: Argument 2 to
ğŸ” Code Quality	Run MyPy Type Checker (Strict Mode)	2025-11-18T18:12:06.9356996Z src/components/retrieval/chunking.py:739:5: error: Return type becomes "Any"
ğŸ” Code Quality	Run MyPy Type Checker (Strict Mode)	2025-11-18T18:12:06.9359227Z src/components/retrieval/chunking.py:739:5: error: Argument 2 to "_create_node"
ğŸ” Code Quality	Run MyPy Type Checker (Strict Mode)	2025-11-18T18:12:06.9416005Z src/components/graph_rag/query_cache.py:110:9: error: Returning Any from
ğŸ” Code Quality	Run MyPy Type Checker (Strict Mode)	2025-11-18T18:12:07.3532459Z src/components/memory/redis_memory.py:78:23: error: Missing positional argument
ğŸ” Code Quality	Run MyPy Type Checker (Strict Mode)	2025-11-18T18:12:07.3535357Z src/components/memory/redis_memory.py:129:19: error: Missing positional
ğŸ” Code Quality	Run MyPy Type Checker (Strict Mode)	2025-11-18T18:12:07.3538126Z src/components/memory/redis_memory.py:186:19: error: Missing positional
ğŸ” Code Quality	Run MyPy Type Checker (Strict Mode)	2025-11-18T18:12:07.3804585Z src/components/memory/redis_manager.py:112:19: error: Missing positional
ğŸ” Code Quality	Run MyPy Type Checker (Strict Mode)	2025-11-18T18:12:07.3807402Z src/components/memory/redis_manager.py:163:19: error: Item "None" of
ğŸ” Code Quality	Run MyPy Type Checker (Strict Mode)	2025-11-18T18:12:07.3810238Z src/components/memory/redis_manager.py:182:19: error: Missing positional
ğŸ” Code Quality	Run MyPy Type Checker (Strict Mode)	2025-11-18T18:12:07.3813663Z src/components/memory/redis_manager.py:208:32: error: Item "None" of
ğŸ” Code Quality	Run MyPy Type Checker (Strict Mode)	2025-11-18T18:12:07.3816334Z src/components/memory/redis_manager.py:223:29: error: Item "None" of
ğŸ” Code Quality	Run MyPy Type Checker (Strict Mode)	2025-11-18T18:12:07.3818858Z src/components/memory/redis_manager.py:225:27: error: Item "None" of
ğŸ” Code Quality	Run MyPy Type Checker (Strict Mode)	2025-11-18T18:12:07.3821786Z src/components/memory/redis_manager.py:231:35: error: Item "None" of
ğŸ” Code Quality	Run MyPy Type Checker (Strict Mode)	2025-11-18T18:12:07.3824821Z src/components/memory/redis_manager.py:250:19: error: Missing positional
ğŸ” Code Quality	Run MyPy Type Checker (Strict Mode)	2025-11-18T18:12:07.3827638Z src/components/memory/redis_manager.py:272:20: error: Incompatible types in
ğŸ” Code Quality	Run MyPy Type Checker (Strict Mode)	2025-11-18T18:12:07.3830952Z src/components/memory/redis_manager.py:272:26: error: Item "None" of
ğŸ” Code Quality	Run MyPy Type Checker (Strict Mode)	2025-11-18T18:12:07.3833576Z src/components/memory/redis_manager.py:277:34: error: Item "None" of
ğŸ” Code Quality	Run MyPy Type Checker (Strict Mode)	2025-11-18T18:12:07.3836400Z src/components/memory/redis_manager.py:278:40: error: Item "None" of
ğŸ” Code Quality	Run MyPy Type Checker (Strict Mode)	2025-11-18T18:12:07.3838968Z src/components/memory/redis_manager.py:320:17: error: Returning Any from
ğŸ” Code Quality	Run MyPy Type Checker (Strict Mode)	2025-11-18T18:12:07.3841596Z src/components/memory/redis_manager.py:325:26: error: Item "None" of
ğŸ” Code Quality	Run MyPy Type Checker (Strict Mode)	2025-11-18T18:12:07.3844201Z src/components/memory/redis_manager.py:375:30: error: Item "None" of
ğŸ” Code Quality	Run MyPy Type Checker (Strict Mode)	2025-11-18T18:12:07.3846888Z src/components/memory/redis_manager.py:379:36: error: Item "None" of
ğŸ” Code Quality	Run MyPy Type Checker (Strict Mode)	2025-11-18T18:12:07.3849410Z src/components/memory/redis_manager.py:384:29: error: Item "None" of
ğŸ” Code Quality	Run MyPy Type Checker (Strict Mode)	2025-11-18T18:12:07.3852402Z src/components/memory/redis_manager.py:409:27: error: Item "None" of
ğŸ” Code Quality	Run MyPy Type Checker (Strict Mode)	2025-11-18T18:12:07.3854784Z src/components/memory/redis_manager.py:443:29: error: Item "None" of
ğŸ” Code Quality	Run MyPy Type Checker (Strict Mode)	2025-11-18T18:12:07.3857421Z src/components/memory/redis_manager.py:469:30: error: Item "None" of
ğŸ” Code Quality	Run MyPy Type Checker (Strict Mode)	2025-11-18T18:12:07.3860215Z src/components/memory/redis_manager.py:474:36: error: Item "None" of
ğŸ” Code Quality	Run MyPy Type Checker (Strict Mode)	2025-11-18T18:12:07.3862977Z src/components/memory/redis_manager.py:478:33: error: Item "None" of
ğŸ” Code Quality	Run MyPy Type Checker (Strict Mode)	2025-11-18T18:12:07.3865560Z src/components/memory/redis_manager.py:509:17: error: Incompatible types in
ğŸ” Code Quality	Run MyPy Type Checker (Strict Mode)	2025-11-18T18:12:07.3868714Z src/components/memory/redis_manager.py:509:23: error: Item "None" of
ğŸ” Code Quality	Run MyPy Type Checker (Strict Mode)	2025-11-18T18:12:07.3871567Z src/components/memory/redis_manager.py:511:23: error: Item "None" of
ğŸ” Code Quality	Run MyPy Type Checker (Strict Mode)	2025-11-18T18:12:07.3874550Z src/components/memory/redis_manager.py:526:30: error: Item "None" of
ğŸ” Code Quality	Run MyPy Type Checker (Strict Mode)	2025-11-18T18:12:07.3877282Z src/components/memory/redis_manager.py:540:30: error: Item "None" of
ğŸ” Code Quality	Run MyPy Type Checker (Strict Mode)	2025-11-18T18:12:07.3880005Z src/components/memory/redis_manager.py:541:23: error: Item "None" of
ğŸ” Code Quality	Run MyPy Type Checker (Strict Mode)	2025-11-18T18:12:07.3883063Z src/components/memory/redis_manager.py:553:26: error: Item "None" of
ğŸ” Code Quality	Run MyPy Type Checker (Strict Mode)	2025-11-18T18:12:07.7654622Z src/components/graph_rag/neo4j_client.py:288:5: error: Function is missing a
ğŸ” Code Quality	Run MyPy Type Checker (Strict Mode)	2025-11-18T18:12:07.7657474Z src/components/graph_rag/neo4j_client.py:316:1: error: Function is missing a
ğŸ” Code Quality	Run MyPy Type Checker (Strict Mode)	2025-11-18T18:12:07.7702659Z src/api/middleware/exception_handler.py:101:15: error: Missing named argument
ğŸ” Code Quality	Run MyPy Type Checker (Strict Mode)	2025-11-18T18:12:07.7901997Z src/components/memory/temporal_queries.py:31:5: error: Function is missing a
ğŸ” Code Quality	Run MyPy Type Checker (Strict Mode)	2025-11-18T18:12:07.7905490Z src/components/memory/temporal_queries.py:120:13: error: Returning Any from
ğŸ” Code Quality	Run MyPy Type Checker (Strict Mode)	2025-11-18T18:12:07.7907951Z src/components/memory/temporal_queries.py:128:19: error: Missing positional
ğŸ” Code Quality	Run MyPy Type Checker (Strict Mode)	2025-11-18T18:12:07.7910979Z src/components/memory/temporal_queries.py:206:19: error: Missing positional
ğŸ” Code Quality	Run MyPy Type Checker (Strict Mode)	2025-11-18T18:12:07.7914018Z src/components/memory/temporal_queries.py:284:19: error: Missing positional
ğŸ” Code Quality	Run MyPy Type Checker (Strict Mode)	2025-11-18T18:12:07.7916823Z src/components/memory/temporal_queries.py:372:19: error: Missing positional
ğŸ” Code Quality	Run MyPy Type Checker (Strict Mode)	2025-11-18T18:12:07.7919508Z src/components/memory/temporal_queries.py:387:27: error: Call to untyped
ğŸ” Code Quality	Run MyPy Type Checker (Strict Mode)	2025-11-18T18:12:07.8048683Z src/components/memory/monitoring.py:39:5: error: Function is missing a return
ğŸ” Code Quality	Run MyPy Type Checker (Strict Mode)	2025-11-18T18:12:07.8052094Z src/components/memory/monitoring.py:150:5: error: Function is missing a type
ğŸ” Code Quality	Run MyPy Type Checker (Strict Mode)	2025-11-18T18:12:07.8054787Z src/components/memory/monitoring.py:198:5: error: Function is missing a type
ğŸ” Code Quality	Run MyPy Type Checker (Strict Mode)	2025-11-18T18:12:07.8057437Z src/components/memory/monitoring.py:253:5: error: Function is missing a type
ğŸ” Code Quality	Run MyPy Type Checker (Strict Mode)	2025-11-18T18:12:07.8060004Z src/components/memory/monitoring.py:272:24: error: "Neo4jClient" has no
ğŸ” Code Quality	Run MyPy Type Checker (Strict Mode)	2025-11-18T18:12:07.8062582Z src/components/memory/monitoring.py:308:5: error: Function is missing a type
ğŸ” Code Quality	Run MyPy Type Checker (Strict Mode)	2025-11-18T18:12:07.8064873Z src/components/memory/monitoring.py:332:13: error: Unsupported target for
ğŸ” Code Quality	Run MyPy Type Checker (Strict Mode)	2025-11-18T18:12:07.8067304Z src/components/memory/monitoring.py:337:13: error: Unsupported target for
ğŸ” Code Quality	Run MyPy Type Checker (Strict Mode)	2025-11-18T18:12:07.8069811Z src/components/memory/monitoring.py:342:13: error: Unsupported target for
ğŸ” Code Quality	Run MyPy Type Checker (Strict Mode)	2025-11-18T18:12:07.8073041Z src/components/memory/monitoring.py:447:23: error: Call to untyped function
ğŸ” Code Quality	Run MyPy Type Checker (Strict Mode)	2025-11-18T18:12:07.8479826Z src/components/graph_rag/version_manager.py:514:9: error: Returning Any from
ğŸ” Code Quality	Run MyPy Type Checker (Strict Mode)	2025-11-18T18:12:07.8577689Z src/components/graph_rag/recommendation_engine.py:123:22: error: Missing named
ğŸ” Code Quality	Run MyPy Type Checker (Strict Mode)	2025-11-18T18:12:07.8580294Z src/components/graph_rag/recommendation_engine.py:123:22: error: Missing named
ğŸ” Code Quality	Run MyPy Type Checker (Strict Mode)	2025-11-18T18:12:07.8583302Z src/components/graph_rag/recommendation_engine.py:123:22: error: Missing named
ğŸ” Code Quality	Run MyPy Type Checker (Strict Mode)	2025-11-18T18:12:07.8585603Z src/components/graph_rag/recommendation_engine.py:123:22: error: Missing named
ğŸ” Code Quality	Run MyPy Type Checker (Strict Mode)	2025-11-18T18:12:07.8587921Z src/components/graph_rag/recommendation_engine.py:123:22: error: Missing named
ğŸ” Code Quality	Run MyPy Type Checker (Strict Mode)	2025-11-18T18:12:07.8590339Z src/components/graph_rag/recommendation_engine.py:123:22: error: Missing named
ğŸ” Code Quality	Run MyPy Type Checker (Strict Mode)	2025-11-18T18:12:07.8592862Z src/components/graph_rag/recommendation_engine.py:184:22: error: Missing named
ğŸ” Code Quality	Run MyPy Type Checker (Strict Mode)	2025-11-18T18:12:07.8595215Z src/components/graph_rag/recommendation_engine.py:184:22: error: Missing named
ğŸ” Code Quality	Run MyPy Type Checker (Strict Mode)	2025-11-18T18:12:07.8597506Z src/components/graph_rag/recommendation_engine.py:184:22: error: Missing named
ğŸ” Code Quality	Run MyPy Type Checker (Strict Mode)	2025-11-18T18:12:07.8599717Z src/components/graph_rag/recommendation_engine.py:184:22: error: Missing named
ğŸ” Code Quality	Run MyPy Type Checker (Strict Mode)	2025-11-18T18:12:07.8602088Z src/components/graph_rag/recommendation_engine.py:184:22: error: Missing named
ğŸ” Code Quality	Run MyPy Type Checker (Strict Mode)	2025-11-18T18:12:07.8604835Z src/components/graph_rag/recommendation_engine.py:184:22: error: Missing named
ğŸ” Code Quality	Run MyPy Type Checker (Strict Mode)	2025-11-18T18:12:07.8607188Z src/components/graph_rag/recommendation_engine.py:231:22: error: Missing named
ğŸ” Code Quality	Run MyPy Type Checker (Strict Mode)	2025-11-18T18:12:07.8609669Z src/components/graph_rag/recommendation_engine.py:231:22: error: Missing named
ğŸ” Code Quality	Run MyPy Type Checker (Strict Mode)	2025-11-18T18:12:07.8612216Z src/components/graph_rag/recommendation_engine.py:231:22: error: Missing named
ğŸ” Code Quality	Run MyPy Type Checker (Strict Mode)	2025-11-18T18:12:07.8614919Z src/components/graph_rag/recommendation_engine.py:231:22: error: Missing named
ğŸ” Code Quality	Run MyPy Type Checker (Strict Mode)	2025-11-18T18:12:07.8617218Z src/components/graph_rag/recommendation_engine.py:231:22: error: Missing named
ğŸ” Code Quality	Run MyPy Type Checker (Strict Mode)	2025-11-18T18:12:07.8619629Z src/components/graph_rag/recommendation_engine.py:231:22: error: Missing named
ğŸ” Code Quality	Run MyPy Type Checker (Strict Mode)	2025-11-18T18:12:07.8622262Z src/components/graph_rag/recommendation_engine.py:285:22: error: Missing named
ğŸ” Code Quality	Run MyPy Type Checker (Strict Mode)	2025-11-18T18:12:07.8624641Z src/components/graph_rag/recommendation_engine.py:285:22: error: Missing named
ğŸ” Code Quality	Run MyPy Type Checker (Strict Mode)	2025-11-18T18:12:07.8626942Z src/components/graph_rag/recommendation_engine.py:285:22: error: Missing named
ğŸ” Code Quality	Run MyPy Type Checker (Strict Mode)	2025-11-18T18:12:07.8629231Z src/components/graph_rag/recommendation_engine.py:285:22: error: Missing named
ğŸ” Code Quality	Run MyPy Type Checker (Strict Mode)	2025-11-18T18:12:07.8631745Z src/components/graph_rag/recommendation_engine.py:285:22: error: Missing named
ğŸ” Code Quality	Run MyPy Type Checker (Strict Mode)	2025-11-18T18:12:07.8634154Z src/components/graph_rag/recommendation_engine.py:285:22: error: Missing named
ğŸ” Code Quality	Run MyPy Type Checker (Strict Mode)	2025-11-18T18:12:07.8935064Z src/components/graph_rag/community_detector.py:45:1: error: Argument 1 to
ğŸ” Code Quality	Run MyPy Type Checker (Strict Mode)	2025-11-18T18:12:07.8938008Z src/components/graph_rag/community_detector.py:455:5: error: Argument 2 to
ğŸ” Code Quality	Run MyPy Type Checker (Strict Mode)	2025-11-18T18:12:07.8941370Z src/components/graph_rag/community_detector.py:469:9: error: Returning Any from
ğŸ” Code Quality	Run MyPy Type Checker (Strict Mode)	2025-11-18T18:12:07.8944060Z src/components/graph_rag/community_detector.py:498:28: error: Invalid index
ğŸ” Code Quality	Run MyPy Type Checker (Strict Mode)	2025-11-18T18:12:07.8946623Z src/components/graph_rag/community_detector.py:564:17: error: Returning Any
ğŸ” Code Quality	Run MyPy Type Checker (Strict Mode)	2025-11-18T18:12:07.8949137Z src/components/graph_rag/community_detector.py:616:33: error: Missing type
ğŸ” Code Quality	Run MyPy Type Checker (Strict Mode)	2025-11-18T18:12:07.9221762Z src/components/graph_rag/analytics_engine.py:118:13: error: Returning Any from
ğŸ” Code Quality	Run MyPy Type Checker (Strict Mode)	2025-11-18T18:12:07.9224288Z src/components/graph_rag/analytics_engine.py:199:9: error: Returning Any from
ğŸ” Code Quality	Run MyPy Type Checker (Strict Mode)	2025-11-18T18:12:07.9226828Z src/components/graph_rag/analytics_engine.py:212:9: error: Returning Any from
ğŸ” Code Quality	Run MyPy Type Checker (Strict Mode)	2025-11-18T18:12:07.9229335Z src/components/graph_rag/analytics_engine.py:226:13: error: Returning Any from
ğŸ” Code Quality	Run MyPy Type Checker (Strict Mode)	2025-11-18T18:12:07.9232183Z src/components/graph_rag/analytics_engine.py:246:13: error: Returning Any from
ğŸ” Code Quality	Run MyPy Type Checker (Strict Mode)	2025-11-18T18:12:07.9234646Z src/components/graph_rag/analytics_engine.py:324:13: error: Returning Any from
ğŸ” Code Quality	Run MyPy Type Checker (Strict Mode)	2025-11-18T18:12:07.9237341Z src/components/graph_rag/analytics_engine.py:386:13: error: Returning Any from
ğŸ” Code Quality	Run MyPy Type Checker (Strict Mode)	2025-11-18T18:12:07.9239805Z src/components/graph_rag/analytics_engine.py:460:5: error: Return type becomes
ğŸ” Code Quality	Run MyPy Type Checker (Strict Mode)	2025-11-18T18:12:07.9289873Z src/api/auth/jwt.py:29:11: error: Missing type parameters for generic type
ğŸ” Code Quality	Run MyPy Type Checker (Strict Mode)	2025-11-18T18:12:08.9969580Z src/components/mcp/client.py:55:5: error: Function is missing a return type
ğŸ” Code Quality	Run MyPy Type Checker (Strict Mode)	2025-11-18T18:12:08.9972477Z src/components/mcp/client.py:513:9: error: Item "None" of "StreamWriter | None"
ğŸ” Code Quality	Run MyPy Type Checker (Strict Mode)	2025-11-18T18:12:08.9973884Z src/components/mcp/client.py:514:15: error: Item "None" of
ğŸ” Code Quality	Run MyPy Type Checker (Strict Mode)	2025-11-18T18:12:08.9975282Z src/components/mcp/client.py:526:31: error: Item "None" of
ğŸ” Code Quality	Run MyPy Type Checker (Strict Mode)	2025-11-18T18:12:08.9976823Z src/components/mcp/client.py:527:9: error: Returning Any from function declared
ğŸ” Code Quality	Run MyPy Type Checker (Strict Mode)	2025-11-18T18:12:09.0037490Z src/components/llm_proxy/dashscope_vlm.py:75:21: error: Missing type parameters
ğŸ” Code Quality	Run MyPy Type Checker (Strict Mode)	2025-11-18T18:12:09.0039907Z src/components/llm_proxy/dashscope_vlm.py:195:5: error: Function is missing a
ğŸ” Code Quality	Run MyPy Type Checker (Strict Mode)	2025-11-18T18:12:09.0042248Z src/components/llm_proxy/dashscope_vlm.py:202:21: error: Missing type
ğŸ” Code Quality	Run MyPy Type Checker (Strict Mode)	2025-11-18T18:12:09.0043790Z src/components/llm_proxy/dashscope_vlm.py:263:5: error: Function is missing a
ğŸ” Code Quality	Run MyPy Type Checker (Strict Mode)	2025-11-18T18:12:09.0445801Z src/components/ingestion/docling_client.py:621:5: error: Function is missing a
ğŸ” Code Quality	Run MyPy Type Checker (Strict Mode)	2025-11-18T18:12:09.0450305Z src/components/ingestion/docling_client.py:626:5: error: Function is missing a
ğŸ” Code Quality	Run MyPy Type Checker (Strict Mode)	2025-11-18T18:12:11.2657536Z src/components/mcp/connection_manager.py:39:23: error: Call to untyped function
ğŸ” Code Quality	Run MyPy Type Checker (Strict Mode)	2025-11-18T18:12:11.2659536Z src/components/mcp/connection_manager.py:43:42: error: Missing type parameters
ğŸ” Code Quality	Run MyPy Type Checker (Strict Mode)	2025-11-18T18:12:11.2662192Z src/components/mcp/connection_manager.py:74:51: error: Incompatible types in
ğŸ” Code Quality	Run MyPy Type Checker (Strict Mode)	2025-11-18T18:12:11.2664524Z src/components/mcp/connection_manager.py:238:47: error: Function "builtins.any"
ğŸ” Code Quality	Run MyPy Type Checker (Strict Mode)	2025-11-18T18:12:11.2720070Z src/components/ingestion/format_router.py:434:15: error: "DoclingClient" has no
ğŸ” Code Quality	Run MyPy Type Checker (Strict Mode)	2025-11-18T18:12:11.3268369Z src/components/shared/embedding_service.py:208:23: error: Missing positional
ğŸ” Code Quality	Run MyPy Type Checker (Strict Mode)	2025-11-18T18:12:11.3271112Z src/components/shared/embedding_service.py:221:13: error: Returning Any from
ğŸ” Code Quality	Run MyPy Type Checker (Strict Mode)	2025-11-18T18:12:11.3273021Z src/components/shared/embedding_service.py:225:19: error: Missing positional
ğŸ” Code Quality	Run MyPy Type Checker (Strict Mode)	2025-11-18T18:12:11.3906378Z src/ui/gradio_app.py:29:1: error: Library stubs not installed for "pandas" 
ğŸ” Code Quality	Run MyPy Type Checker (Strict Mode)	2025-11-18T18:12:11.3908938Z src/ui/gradio_app.py:33:1: error: Cannot find implementation or library stub
ğŸ” Code Quality	Run MyPy Type Checker (Strict Mode)	2025-11-18T18:12:11.3910768Z src/ui/gradio_app.py:57:5: error: Function is missing a return type annotation 
ğŸ” Code Quality	Run MyPy Type Checker (Strict Mode)	2025-11-18T18:12:11.3912388Z src/ui/gradio_app.py:66:54: error: Missing type parameters for generic type
ğŸ” Code Quality	Run MyPy Type Checker (Strict Mode)	2025-11-18T18:12:11.3913825Z src/ui/gradio_app.py:132:42: error: Missing type parameters for generic type
ğŸ” Code Quality	Run MyPy Type Checker (Strict Mode)	2025-11-18T18:12:11.3915167Z src/ui/gradio_app.py:187:5: error: Function is missing a type annotation for
ğŸ” Code Quality	Run MyPy Type Checker (Strict Mode)	2025-11-18T18:12:11.3916691Z src/ui/gradio_app.py:229:17: error: Function is missing a return type
ğŸ” Code Quality	Run MyPy Type Checker (Strict Mode)	2025-11-18T18:12:11.3917946Z src/ui/gradio_app.py:323:35: error: Missing type parameters for generic type
ğŸ” Code Quality	Run MyPy Type Checker (Strict Mode)	2025-11-18T18:12:11.3919164Z src/ui/gradio_app.py:361:17: error: Returning Any from function declared to
ğŸ” Code Quality	Run MyPy Type Checker (Strict Mode)	2025-11-18T18:12:11.3920537Z src/ui/gradio_app.py:369:5: error: Return type becomes
ğŸ” Code Quality	Run MyPy Type Checker (Strict Mode)	2025-11-18T18:12:11.3922046Z src/ui/gradio_app.py:371:16: error: Missing type parameters for generic type
ğŸ” Code Quality	Run MyPy Type Checker (Strict Mode)	2025-11-18T18:12:11.3923115Z src/ui/gradio_app.py:389:35: error: Call to untyped function "MCPClient" in
ğŸ” Code Quality	Run MyPy Type Checker (Strict Mode)	2025-11-18T18:12:11.3924345Z src/ui/gradio_app.py:419:21: error: Incompatible types in "await" (actual type
ğŸ” Code Quality	Run MyPy Type Checker (Strict Mode)	2025-11-18T18:12:11.3925728Z src/ui/gradio_app.py:443:64: error: Missing type parameters for generic type
ğŸ” Code Quality	Run MyPy Type Checker (Strict Mode)	2025-11-18T18:12:11.3926984Z src/ui/gradio_app.py:462:5: error: Return type becomes
ğŸ” Code Quality	Run MyPy Type Checker (Strict Mode)	2025-11-18T18:12:11.3928674Z src/ui/gradio_app.py:462:48: error: Missing type parameters for generic type
ğŸ” Code Quality	Run MyPy Type Checker (Strict Mode)	2025-11-18T18:12:11.3929916Z src/ui/gradio_app.py:503:5: error: Return type becomes "Any" due to an
ğŸ” Code Quality	Run MyPy Type Checker (Strict Mode)	2025-11-18T18:12:11.3931176Z src/ui/gradio_app.py:747:5: error: Function is missing a return type annotation
ğŸ” Code Quality	Run MyPy Type Checker (Strict Mode)	2025-11-18T18:12:11.3932266Z src/ui/gradio_app.py:766:1: error: Function is missing a return type annotation
ğŸ” Code Quality	Run MyPy Type Checker (Strict Mode)	2025-11-18T18:12:11.3933681Z src/ui/gradio_app.py:781:11: error: Call to untyped function "GradioApp" in
ğŸ” Code Quality	Run MyPy Type Checker (Strict Mode)	2025-11-18T18:12:11.3934758Z src/ui/gradio_app.py:786:5: error: Call to untyped function "main" in typed
ğŸ” Code Quality	Run MyPy Type Checker (Strict Mode)	2025-11-18T18:12:11.7347474Z src/components/vector_search/qdrant_client.py:37:1: error: Name "QdrantClient"
ğŸ” Code Quality	Run MyPy Type Checker (Strict Mode)	2025-11-18T18:12:11.7349967Z src/components/vector_search/qdrant_client.py:133:19: error: Missing positional
ğŸ” Code Quality	Run MyPy Type Checker (Strict Mode)	2025-11-18T18:12:11.7353444Z src/components/vector_search/qdrant_client.py:198:19: error: Missing positional
ğŸ” Code Quality	Run MyPy Type Checker (Strict Mode)	2025-11-18T18:12:11.7356385Z src/components/vector_search/qdrant_client.py:242:19: error: Missing positional
ğŸ” Code Quality	Run MyPy Type Checker (Strict Mode)	2025-11-18T18:12:11.7359174Z src/components/vector_search/qdrant_client.py:300:19: error: Missing positional
ğŸ” Code Quality	Run MyPy Type Checker (Strict Mode)	2025-11-18T18:12:11.7362200Z src/components/vector_search/qdrant_client.py:342:5: error: Function is missing
ğŸ” Code Quality	Run MyPy Type Checker (Strict Mode)	2025-11-18T18:12:11.7365918Z src/components/vector_search/qdrant_client.py:369:1: error: Function is missing
ğŸ” Code Quality	Run MyPy Type Checker (Strict Mode)	2025-11-18T18:12:11.7502831Z src/components/retrieval/filters.py:121:5: error: Function is missing a return
ğŸ” Code Quality	Run MyPy Type Checker (Strict Mode)	2025-11-18T18:12:11.7506109Z src/components/retrieval/filters.py:228:18: error: Argument "must" to "Filter"
ğŸ” Code Quality	Run MyPy Type Checker (Strict Mode)	2025-11-18T18:12:11.7511906Z src/components/retrieval/filters.py:229:22: error: Argument "must_not" to
ğŸ” Code Quality	Run MyPy Type Checker (Strict Mode)	2025-11-18T18:12:11.7672806Z src/components/llm_proxy/aegis_llm_proxy.py:375:22: error: Argument "messages"
ğŸ” Code Quality	Run MyPy Type Checker (Strict Mode)	2025-11-18T18:12:11.7678821Z src/components/llm_proxy/aegis_llm_proxy.py:442:21: error: Item
ğŸ” Code Quality	Run MyPy Type Checker (Strict Mode)	2025-11-18T18:12:11.7682704Z src/components/llm_proxy/aegis_llm_proxy.py:442:21: error: Argument "content"
ğŸ” Code Quality	Run MyPy Type Checker (Strict Mode)	2025-11-18T18:12:11.7685783Z src/components/llm_proxy/aegis_llm_proxy.py:546:5: error: Function is missing a
ğŸ” Code Quality	Run MyPy Type Checker (Strict Mode)	2025-11-18T18:12:11.7688574Z src/components/llm_proxy/aegis_llm_proxy.py:631:33: error: Unsupported operand
ğŸ” Code Quality	Run MyPy Type Checker (Strict Mode)	2025-11-18T18:12:11.7692198Z src/components/llm_proxy/aegis_llm_proxy.py:647:38: error: Missing type
ğŸ” Code Quality	Run MyPy Type Checker (Strict Mode)	2025-11-18T18:12:11.8864569Z src/components/vector_search/ingestion.py:147:41: error: Missing type
ğŸ” Code Quality	Run MyPy Type Checker (Strict Mode)	2025-11-18T18:12:11.8867647Z src/components/vector_search/ingestion.py:221:36: error: Incompatible types in
ğŸ” Code Quality	Run MyPy Type Checker (Strict Mode)	2025-11-18T18:12:11.8870830Z src/components/vector_search/ingestion.py:223:36: error: Incompatible types in
ğŸ” Code Quality	Run MyPy Type Checker (Strict Mode)	2025-11-18T18:12:11.8873441Z src/components/vector_search/ingestion.py:229:5: error: Argument 2 to
ğŸ” Code Quality	Run MyPy Type Checker (Strict Mode)	2025-11-18T18:12:11.8876079Z src/components/vector_search/ingestion.py:232:15: error: Missing type
ğŸ” Code Quality	Run MyPy Type Checker (Strict Mode)	2025-11-18T18:12:11.8878149Z src/components/vector_search/ingestion.py:288:20: error: Incompatible return
ğŸ” Code Quality	Run MyPy Type Checker (Strict Mode)	2025-11-18T18:12:11.8880847Z src/components/vector_search/ingestion.py:292:19: error: Missing positional
ğŸ” Code Quality	Run MyPy Type Checker (Strict Mode)	2025-11-18T18:12:11.8883664Z src/components/vector_search/ingestion.py:296:17: error: Missing type
ğŸ” Code Quality	Run MyPy Type Checker (Strict Mode)	2025-11-18T18:12:11.8885785Z src/components/vector_search/ingestion.py:328:19: error: Missing positional
ğŸ” Code Quality	Run MyPy Type Checker (Strict Mode)	2025-11-18T18:12:11.8889021Z src/components/vector_search/ingestion.py:375:26: error: "QdrantClient" has no
ğŸ” Code Quality	Run MyPy Type Checker (Strict Mode)	2025-11-18T18:12:11.9058676Z src/components/vector_search/hybrid_search.py:107:30: error: Call to untyped
ğŸ” Code Quality	Run MyPy Type Checker (Strict Mode)	2025-11-18T18:12:11.9061674Z src/components/vector_search/hybrid_search.py:154:37: error:
ğŸ” Code Quality	Run MyPy Type Checker (Strict Mode)	2025-11-18T18:12:11.9064870Z src/components/vector_search/hybrid_search.py:168:23: error: Incompatible types
ğŸ” Code Quality	Run MyPy Type Checker (Strict Mode)	2025-11-18T18:12:11.9067817Z src/components/vector_search/hybrid_search.py:202:19: error: Missing positional
ğŸ” Code Quality	Run MyPy Type Checker (Strict Mode)	2025-11-18T18:12:11.9070869Z src/components/vector_search/hybrid_search.py:246:19: error: Missing positional
ğŸ” Code Quality	Run MyPy Type Checker (Strict Mode)	2025-11-18T18:12:11.9073651Z src/components/vector_search/hybrid_search.py:289:27: error: Missing positional
ğŸ” Code Quality	Run MyPy Type Checker (Strict Mode)	2025-11-18T18:12:11.9076407Z src/components/vector_search/hybrid_search.py:402:19: error: Missing positional
ğŸ” Code Quality	Run MyPy Type Checker (Strict Mode)	2025-11-18T18:12:11.9079186Z src/components/vector_search/hybrid_search.py:423:39: error: "QdrantClient" has
ğŸ” Code Quality	Run MyPy Type Checker (Strict Mode)	2025-11-18T18:12:11.9081978Z src/components/vector_search/hybrid_search.py:488:23: error: Missing positional
ğŸ” Code Quality	Run MyPy Type Checker (Strict Mode)	2025-11-18T18:12:11.9084439Z src/components/vector_search/hybrid_search.py:508:19: error: Missing positional
ğŸ” Code Quality	Run MyPy Type Checker (Strict Mode)	2025-11-18T18:12:11.9175334Z src/components/ingestion/image_processor.py:24:1: error: Cannot find
ğŸ” Code Quality	Run MyPy Type Checker (Strict Mode)	2025-11-18T18:12:11.9177833Z src/components/ingestion/image_processor.py:75:5: error: Function is missing a
ğŸ” Code Quality	Run MyPy Type Checker (Strict Mode)	2025-11-18T18:12:11.9181447Z src/components/ingestion/image_processor.py:101:1: error: Argument 1 to
ğŸ” Code Quality	Run MyPy Type Checker (Strict Mode)	2025-11-18T18:12:11.9184335Z src/components/ingestion/image_processor.py:216:15: error: Call to untyped
ğŸ” Code Quality	Run MyPy Type Checker (Strict Mode)	2025-11-18T18:12:11.9186596Z src/components/ingestion/image_processor.py:343:33: error: Call to untyped
ğŸ” Code Quality	Run MyPy Type Checker (Strict Mode)	2025-11-18T18:12:11.9189326Z src/components/ingestion/image_processor.py:356:5: error: Argument 2 to
ğŸ” Code Quality	Run MyPy Type Checker (Strict Mode)	2025-11-18T18:12:11.9192000Z src/components/ingestion/image_processor.py:454:5: error: Function is missing a
ğŸ” Code Quality	Run MyPy Type Checker (Strict Mode)	2025-11-18T18:12:11.9195206Z src/components/ingestion/image_processor.py:503:1: error: Argument 1 to
ğŸ” Code Quality	Run MyPy Type Checker (Strict Mode)	2025-11-18T18:12:11.9197878Z src/components/ingestion/image_processor.py:529:14: error: Call to untyped
ğŸ” Code Quality	Run MyPy Type Checker (Strict Mode)	2025-11-18T18:12:11.9200712Z src/components/ingestion/image_processor.py:542:9: error: Call to untyped
ğŸ” Code Quality	Run MyPy Type Checker (Strict Mode)	2025-11-18T18:12:11.9358757Z src/components/graph_rag/extraction_service.py:308:30: error: Missing named
ğŸ” Code Quality	Run MyPy Type Checker (Strict Mode)	2025-11-18T18:12:11.9360770Z src/components/graph_rag/extraction_service.py:308:30: error: Missing named
ğŸ” Code Quality	Run MyPy Type Checker (Strict Mode)	2025-11-18T18:12:11.9362423Z src/components/graph_rag/extraction_service.py:308:30: error: Missing named
ğŸ” Code Quality	Run MyPy Type Checker (Strict Mode)	2025-11-18T18:12:11.9363971Z src/components/graph_rag/extraction_service.py:308:30: error: Missing named
ğŸ” Code Quality	Run MyPy Type Checker (Strict Mode)	2025-11-18T18:12:11.9365558Z src/components/graph_rag/extraction_service.py:308:30: error: Missing named
ğŸ” Code Quality	Run MyPy Type Checker (Strict Mode)	2025-11-18T18:12:11.9592858Z src/api/v1/annotations.py:118:20: error: Missing type parameters for generic
ğŸ” Code Quality	Run MyPy Type Checker (Strict Mode)	2025-11-18T18:12:11.9594681Z src/api/v1/annotations.py:177:21: error: Incompatible types in "await" (actual
ğŸ” Code Quality	Run MyPy Type Checker (Strict Mode)	2025-11-18T18:12:11.9596720Z src/api/v1/annotations.py:278:20: error: Missing type parameters for generic
ğŸ” Code Quality	Run MyPy Type Checker (Strict Mode)	2025-11-18T18:12:11.9598311Z src/api/v1/annotations.py:300:17: error: Incompatible types in "await" (actual
ğŸ” Code Quality	Run MyPy Type Checker (Strict Mode)	2025-11-18T18:12:11.9988822Z src/api/routers/graph_viz.py:22:1: error: Module
ğŸ” Code Quality	Run MyPy Type Checker (Strict Mode)	2025-11-18T18:12:11.9992422Z src/api/routers/graph_viz.py:191:20: error: "Neo4jClient" has no attribute
ğŸ” Code Quality	Run MyPy Type Checker (Strict Mode)	2025-11-18T18:12:11.9994307Z src/api/routers/graph_viz.py:217:13: error: List item 0 has incompatible type
ğŸ” Code Quality	Run MyPy Type Checker (Strict Mode)	2025-11-18T18:12:11.9996286Z src/api/routers/graph_viz.py:218:13: error: List item 1 has incompatible type
ğŸ” Code Quality	Run MyPy Type Checker (Strict Mode)	2025-11-18T18:12:11.9998475Z src/api/routers/graph_viz.py:219:13: error: List item 2 has incompatible type
ğŸ” Code Quality	Run MyPy Type Checker (Strict Mode)	2025-11-18T18:12:12.0000636Z src/api/routers/graph_viz.py:264:20: error: "Neo4jClient" has no attribute
ğŸ” Code Quality	Run MyPy Type Checker (Strict Mode)	2025-11-18T18:12:12.0002252Z src/api/routers/graph_viz.py:316:20: error: "Neo4jClient" has no attribute
ğŸ” Code Quality	Run MyPy Type Checker (Strict Mode)	2025-11-18T18:12:12.0003823Z src/api/routers/graph_viz.py:360:20: error: "Neo4jClient" has no attribute
ğŸ” Code Quality	Run MyPy Type Checker (Strict Mode)	2025-11-18T18:12:12.0005248Z src/api/routers/graph_viz.py:391:20: error: "Neo4jClient" has no attribute
ğŸ” Code Quality	Run MyPy Type Checker (Strict Mode)	2025-11-18T18:12:12.0006708Z src/api/routers/graph_viz.py:460:30: error: "UnifiedEmbeddingService" has no
ğŸ” Code Quality	Run MyPy Type Checker (Strict Mode)	2025-11-18T18:12:12.0008285Z src/api/routers/graph_viz.py:464:19: error: Incompatible types in "await"
ğŸ” Code Quality	Run MyPy Type Checker (Strict Mode)	2025-11-18T18:12:12.0009797Z src/api/routers/graph_viz.py:520:20: error: "Neo4jClient" has no attribute
ğŸ” Code Quality	Run MyPy Type Checker (Strict Mode)	2025-11-18T18:12:12.0011383Z src/api/routers/graph_viz.py:542:34: error: "UnifiedEmbeddingService" has no
ğŸ” Code Quality	Run MyPy Type Checker (Strict Mode)	2025-11-18T18:12:12.0012830Z src/api/routers/graph_viz.py:545:23: error: Incompatible types in "await"
ğŸ” Code Quality	Run MyPy Type Checker (Strict Mode)	2025-11-18T18:12:12.0014181Z src/api/routers/graph_viz.py:602:32: error: Missing type parameters for generic
ğŸ” Code Quality	Run MyPy Type Checker (Strict Mode)	2025-11-18T18:12:12.0015519Z src/api/routers/graph_viz.py:639:35: error: Missing type parameters for generic
ğŸ” Code Quality	Run MyPy Type Checker (Strict Mode)	2025-11-18T18:12:12.0016982Z src/api/routers/graph_viz.py:658:37: error: Missing type parameters for generic
ğŸ” Code Quality	Run MyPy Type Checker (Strict Mode)	2025-11-18T18:12:12.0019608Z src/api/middleware/rate_limit.py:137:1: error: Function is missing a return
ğŸ” Code Quality	Run MyPy Type Checker (Strict Mode)	2025-11-18T18:12:12.0021199Z src/api/middleware/rate_limit.py:137:1: error: Function is missing a type
ğŸ” Code Quality	Run MyPy Type Checker (Strict Mode)	2025-11-18T18:12:12.0206684Z src/api/health/memory_health.py:262:29: error: "QdrantClient" has no attribute
ğŸ” Code Quality	Run MyPy Type Checker (Strict Mode)	2025-11-18T18:12:12.0208740Z src/api/health/memory_health.py:270:26: error: "QdrantClient" has no attribute
ğŸ” Code Quality	Run MyPy Type Checker (Strict Mode)	2025-11-18T18:12:12.0211168Z src/api/health/memory_health.py:324:20: error: "Neo4jClient" has no attribute
ğŸ” Code Quality	Run MyPy Type Checker (Strict Mode)	2025-11-18T18:12:12.1133665Z src/evaluation/ragas_eval.py:119:5: error: Function is missing a return type
ğŸ” Code Quality	Run MyPy Type Checker (Strict Mode)	2025-11-18T18:12:12.1135208Z src/evaluation/ragas_eval.py:133:1: error: Cannot find implementation or
ğŸ” Code Quality	Run MyPy Type Checker (Strict Mode)	2025-11-18T18:12:12.1137213Z src/evaluation/ragas_eval.py:133:13: error: Name "ChatOllama" already defined
ğŸ” Code Quality	Run MyPy Type Checker (Strict Mode)	2025-11-18T18:12:12.1138946Z src/evaluation/ragas_eval.py:145:31: error: Missing type parameters for generic
ğŸ” Code Quality	Run MyPy Type Checker (Strict Mode)	2025-11-18T18:12:12.1140369Z src/evaluation/ragas_eval.py:257:15: error: Call to untyped function
ğŸ” Code Quality	Run MyPy Type Checker (Strict Mode)	2025-11-18T18:12:12.1142197Z src/evaluation/ragas_eval.py:359:28: error: Unexpected keyword argument
ğŸ” Code Quality	Run MyPy Type Checker (Strict Mode)	2025-11-18T18:12:12.1373124Z src/components/retrieval/query_decomposition.py:311:5: error: Function is
ğŸ” Code Quality	Run MyPy Type Checker (Strict Mode)	2025-11-18T18:12:12.1376228Z src/components/retrieval/query_decomposition.py:317:10: error: Missing type
ğŸ” Code Quality	Run MyPy Type Checker (Strict Mode)	2025-11-18T18:12:12.1378688Z src/components/retrieval/query_decomposition.py:391:44: error: Missing type
ğŸ” Code Quality	Run MyPy Type Checker (Strict Mode)	2025-11-18T18:12:12.1434277Z src/components/graph_rag/relation_extractor.py:250:51: error: Argument 2 to
ğŸ” Code Quality	Run MyPy Type Checker (Strict Mode)	2025-11-18T18:12:12.1437091Z src/components/graph_rag/relation_extractor.py:253:9: error: Function is
ğŸ” Code Quality	Run MyPy Type Checker (Strict Mode)	2025-11-18T18:12:12.1438802Z src/components/graph_rag/relation_extractor.py:275:9: error: Returning Any from
ğŸ” Code Quality	Run MyPy Type Checker (Strict Mode)	2025-11-18T18:12:12.1440991Z src/components/graph_rag/relation_extractor.py:275:22: error: Call to untyped
ğŸ” Code Quality	Run MyPy Type Checker (Strict Mode)	2025-11-18T18:12:12.1442860Z src/components/graph_rag/relation_extractor.py:277:54: error: Missing type
ğŸ” Code Quality	Run MyPy Type Checker (Strict Mode)	2025-11-18T18:12:12.1444804Z src/components/graph_rag/relation_extractor.py:296:13: error: Returning Any
ğŸ” Code Quality	Run MyPy Type Checker (Strict Mode)	2025-11-18T18:12:12.1446502Z src/components/graph_rag/relation_extractor.py:302:21: error: Returning Any
ğŸ” Code Quality	Run MyPy Type Checker (Strict Mode)	2025-11-18T18:12:12.1448210Z src/components/graph_rag/relation_extractor.py:310:1: error: Function is
ğŸ” Code Quality	Run MyPy Type Checker (Strict Mode)	2025-11-18T18:12:12.1803841Z src/components/graph_rag/lightrag_wrapper.py:39:1: error: Cannot find
ğŸ” Code Quality	Run MyPy Type Checker (Strict Mode)	2025-11-18T18:12:12.1806668Z src/components/graph_rag/lightrag_wrapper.py:208:17: error: Function is missing
ğŸ” Code Quality	Run MyPy Type Checker (Strict Mode)	2025-11-18T18:12:12.1808373Z src/components/graph_rag/lightrag_wrapper.py:979:17: error: Need type
ğŸ” Code Quality	Run MyPy Type Checker (Strict Mode)	2025-11-18T18:12:12.2113065Z src/components/graph_rag/dual_level_search.py:163:26: error: Missing named
ğŸ” Code Quality	Run MyPy Type Checker (Strict Mode)	2025-11-18T18:12:12.2115319Z src/components/graph_rag/dual_level_search.py:163:26: error: Missing named
ğŸ” Code Quality	Run MyPy Type Checker (Strict Mode)	2025-11-18T18:12:12.2117068Z src/components/graph_rag/dual_level_search.py:163:26: error: Missing named
ğŸ” Code Quality	Run MyPy Type Checker (Strict Mode)	2025-11-18T18:12:12.2118799Z src/components/graph_rag/dual_level_search.py:163:26: error: Missing named
ğŸ” Code Quality	Run MyPy Type Checker (Strict Mode)	2025-11-18T18:12:12.2120819Z src/components/graph_rag/dual_level_search.py:163:26: error: Missing named
ğŸ” Code Quality	Run MyPy Type Checker (Strict Mode)	2025-11-18T18:12:12.2209006Z src/components/graph_rag/community_labeler.py:101:26: error: Missing named
ğŸ” Code Quality	Run MyPy Type Checker (Strict Mode)	2025-11-18T18:12:12.2211242Z src/components/graph_rag/community_labeler.py:101:26: error: Missing named
ğŸ” Code Quality	Run MyPy Type Checker (Strict Mode)	2025-11-18T18:12:12.2213012Z src/components/graph_rag/community_labeler.py:101:26: error: Missing named
ğŸ” Code Quality	Run MyPy Type Checker (Strict Mode)	2025-11-18T18:12:12.2214749Z src/components/graph_rag/community_labeler.py:101:26: error: Missing named
ğŸ” Code Quality	Run MyPy Type Checker (Strict Mode)	2025-11-18T18:12:12.2216284Z src/components/graph_rag/community_labeler.py:101:26: error: Missing named
ğŸ” Code Quality	Run MyPy Type Checker (Strict Mode)	2025-11-18T18:12:12.2217932Z src/components/graph_rag/community_labeler.py:303:36: error: Invalid index type
ğŸ” Code Quality	Run MyPy Type Checker (Strict Mode)	2025-11-18T18:12:12.3445771Z src/components/ingestion/langgraph_nodes.py:95:1: error: Library stubs not
ğŸ” Code Quality	Run MyPy Type Checker (Strict Mode)	2025-11-18T18:12:12.3448952Z src/components/ingestion/langgraph_nodes.py:214:19: error: Missing positional
ğŸ” Code Quality	Run MyPy Type Checker (Strict Mode)	2025-11-18T18:12:12.3451195Z src/components/ingestion/langgraph_nodes.py:244:33: error:
ğŸ” Code Quality	Run MyPy Type Checker (Strict Mode)	2025-11-18T18:12:12.3452901Z src/components/ingestion/langgraph_nodes.py:541:42: error: Value of
ğŸ” Code Quality	Run MyPy Type Checker (Strict Mode)	2025-11-18T18:12:12.3455047Z src/components/ingestion/langgraph_nodes.py:563:46: error: Value of
ğŸ” Code Quality	Run MyPy Type Checker (Strict Mode)	2025-11-18T18:12:12.3457172Z src/components/ingestion/langgraph_nodes.py:659:13: error: Call to untyped
ğŸ” Code Quality	Run MyPy Type Checker (Strict Mode)	2025-11-18T18:12:12.3458668Z src/components/ingestion/langgraph_nodes.py:733:23: error: Missing positional
ğŸ” Code Quality	Run MyPy Type Checker (Strict Mode)	2025-11-18T18:12:12.3460509Z src/components/ingestion/langgraph_nodes.py:748:32: error: List comprehension
ğŸ” Code Quality	Run MyPy Type Checker (Strict Mode)	2025-11-18T18:12:12.3462283Z src/components/ingestion/langgraph_nodes.py:756:1: error: Cannot find
ğŸ” Code Quality	Run MyPy Type Checker (Strict Mode)	2025-11-18T18:12:12.3464160Z src/components/ingestion/langgraph_nodes.py:757:1: error: Cannot find
ğŸ” Code Quality	Run MyPy Type Checker (Strict Mode)	2025-11-18T18:12:12.3466271Z src/components/ingestion/langgraph_nodes.py:758:1: error: Cannot find
ğŸ” Code Quality	Run MyPy Type Checker (Strict Mode)	2025-11-18T18:12:12.3468017Z src/components/ingestion/langgraph_nodes.py:805:27: error: Value of "chunks"
ğŸ” Code Quality	Run MyPy Type Checker (Strict Mode)	2025-11-18T18:12:12.3469819Z src/components/ingestion/langgraph_nodes.py:874:19: error: Missing positional
ğŸ” Code Quality	Run MyPy Type Checker (Strict Mode)	2025-11-18T18:12:12.3471506Z src/components/ingestion/langgraph_nodes.py:900:9: error: Incompatible types in
ğŸ” Code Quality	Run MyPy Type Checker (Strict Mode)	2025-11-18T18:12:12.3480986Z src/components/ingestion/langgraph_nodes.py:900:15: error: Missing positional
ğŸ” Code Quality	Run MyPy Type Checker (Strict Mode)	2025-11-18T18:12:12.3482618Z src/components/ingestion/langgraph_nodes.py:923:17: error: Need type annotation
ğŸ” Code Quality	Run MyPy Type Checker (Strict Mode)	2025-11-18T18:12:12.3484044Z src/components/ingestion/langgraph_nodes.py:984:15: error: "QdrantClient" has
ğŸ” Code Quality	Run MyPy Type Checker (Strict Mode)	2025-11-18T18:12:12.3485451Z src/components/ingestion/langgraph_nodes.py:1000:36: error: Generator has
ğŸ” Code Quality	Run MyPy Type Checker (Strict Mode)	2025-11-18T18:12:12.3486925Z src/components/ingestion/langgraph_nodes.py:1000:57: error: Item "None" of
ğŸ” Code Quality	Run MyPy Type Checker (Strict Mode)	2025-11-18T18:12:12.3488476Z src/components/ingestion/langgraph_nodes.py:1061:19: error: Missing positional
ğŸ” Code Quality	Run MyPy Type Checker (Strict Mode)	2025-11-18T18:12:12.3490224Z src/components/ingestion/langgraph_nodes.py:1078:17: error: Need type
ğŸ” Code Quality	Run MyPy Type Checker (Strict Mode)	2025-11-18T18:12:12.3491876Z src/components/ingestion/langgraph_nodes.py:1136:17: error: Generator has
ğŸ” Code Quality	Run MyPy Type Checker (Strict Mode)	2025-11-18T18:12:12.3493266Z src/components/ingestion/langgraph_nodes.py:1136:47: error: Item "str" of
ğŸ” Code Quality	Run MyPy Type Checker (Strict Mode)	2025-11-18T18:12:12.3531573Z src/components/graph_rag/extraction_factory.py:21:45: error: Incompatible
ğŸ” Code Quality	Run MyPy Type Checker (Strict Mode)	2025-11-18T18:12:12.3536383Z src/components/graph_rag/extraction_factory.py:52:5: error: Function is missing
ğŸ” Code Quality	Run MyPy Type Checker (Strict Mode)	2025-11-18T18:12:12.3538069Z src/components/graph_rag/extraction_factory.py:92:5: error: Function is missing
ğŸ” Code Quality	Run MyPy Type Checker (Strict Mode)	2025-11-18T18:12:12.3539485Z src/components/graph_rag/extraction_factory.py:119:13: error: Function is
ğŸ” Code Quality	Run MyPy Type Checker (Strict Mode)	2025-11-18T18:12:12.3540845Z src/components/graph_rag/extraction_factory.py:139:53: error: Incompatible
ğŸ” Code Quality	Run MyPy Type Checker (Strict Mode)	2025-11-18T18:12:12.3544576Z src/components/graph_rag/extraction_factory.py:198:16: error: Call to untyped
ğŸ” Code Quality	Run MyPy Type Checker (Strict Mode)	2025-11-18T18:12:12.3546250Z src/components/graph_rag/extraction_factory.py:201:5: error: Function is
ğŸ” Code Quality	Run MyPy Type Checker (Strict Mode)	2025-11-18T18:12:12.3547674Z src/components/graph_rag/extraction_factory.py:222:13: error: Function is
ğŸ” Code Quality	Run MyPy Type Checker (Strict Mode)	2025-11-18T18:12:12.3548872Z src/components/graph_rag/extraction_factory.py:233:53: error: Incompatible
ğŸ” Code Quality	Run MyPy Type Checker (Strict Mode)	2025-11-18T18:12:12.3552776Z src/components/graph_rag/extraction_factory.py:252:16: error: Call to untyped
ğŸ” Code Quality	Run MyPy Type Checker (Strict Mode)	2025-11-18T18:12:12.3554253Z src/components/graph_rag/extraction_factory.py:255:1: error: Function is
ğŸ” Code Quality	Run MyPy Type Checker (Strict Mode)	2025-11-18T18:12:12.3656482Z src/components/graph_rag/community_search.py:132:26: error: Missing named
ğŸ” Code Quality	Run MyPy Type Checker (Strict Mode)	2025-11-18T18:12:12.3658383Z src/components/graph_rag/community_search.py:132:26: error: Missing named
ğŸ” Code Quality	Run MyPy Type Checker (Strict Mode)	2025-11-18T18:12:12.3659919Z src/components/graph_rag/community_search.py:132:26: error: Missing named
ğŸ” Code Quality	Run MyPy Type Checker (Strict Mode)	2025-11-18T18:12:12.3661666Z src/components/graph_rag/community_search.py:132:26: error: Missing named
ğŸ” Code Quality	Run MyPy Type Checker (Strict Mode)	2025-11-18T18:12:12.3663227Z src/components/graph_rag/community_search.py:132:26: error: Missing named
ğŸ” Code Quality	Run MyPy Type Checker (Strict Mode)	2025-11-18T18:12:12.3664782Z src/components/graph_rag/community_search.py:312:13: error: Need type
ğŸ” Code Quality	Run MyPy Type Checker (Strict Mode)	2025-11-18T18:12:12.3742443Z src/api/v1/health.py:48:1: error: Function is missing a return type annotation 
ğŸ” Code Quality	Run MyPy Type Checker (Strict Mode)	2025-11-18T18:12:12.3743880Z src/api/v1/health.py:67:1: error: Function is missing a return type annotation 
ğŸ” Code Quality	Run MyPy Type Checker (Strict Mode)	2025-11-18T18:12:12.3745181Z src/api/v1/health.py:93:29: error: "QdrantClient" has no attribute
ğŸ” Code Quality	Run MyPy Type Checker (Strict Mode)	2025-11-18T18:12:12.3746786Z src/api/v1/health.py:125:32: error: "UnifiedEmbeddingService" has no attribute
ğŸ” Code Quality	Run MyPy Type Checker (Strict Mode)	2025-11-18T18:12:12.3748663Z src/api/v1/health.py:159:1: error: Function is missing a return type annotation
ğŸ” Code Quality	Run MyPy Type Checker (Strict Mode)	2025-11-18T18:12:12.3749760Z src/api/v1/health.py:172:15: error: "QdrantClient" has no attribute
ğŸ” Code Quality	Run MyPy Type Checker (Strict Mode)	2025-11-18T18:12:12.3751205Z src/api/v1/health.py:186:1: error: Function is missing a return type annotation
ğŸ” Code Quality	Run MyPy Type Checker (Strict Mode)	2025-11-18T18:12:12.3925422Z src/agents/graph_query_agent.py:27:1: error: Skipping analyzing
ğŸ” Code Quality	Run MyPy Type Checker (Strict Mode)	2025-11-18T18:12:12.3929449Z src/agents/graph_query_agent.py:27:5: error: Name "DualLevelSearch" already
ğŸ” Code Quality	Run MyPy Type Checker (Strict Mode)	2025-11-18T18:12:12.3931201Z src/agents/graph_query_agent.py:27:5: error: Name "GraphSearchResult" already
ğŸ” Code Quality	Run MyPy Type Checker (Strict Mode)	2025-11-18T18:12:12.3932735Z src/agents/graph_query_agent.py:27:5: error: Name "SearchMode" already defined
ğŸ” Code Quality	Run MyPy Type Checker (Strict Mode)	2025-11-18T18:12:12.3934212Z src/agents/graph_query_agent.py:27:5: error: Name "get_dual_level_search"
ğŸ” Code Quality	Run MyPy Type Checker (Strict Mode)	2025-11-18T18:12:12.3935803Z src/agents/graph_query_agent.py:300:17: error: Incompatible types in assignment
ğŸ” Code Quality	Run MyPy Type Checker (Strict Mode)	2025-11-18T18:12:12.3937774Z src/agents/graph_query_agent.py:302:31: error: "GraphEntity" has no attribute
ğŸ” Code Quality	Run MyPy Type Checker (Strict Mode)	2025-11-18T18:12:12.3939129Z src/agents/graph_query_agent.py:304:32: error: "GraphEntity" has no attribute
ğŸ” Code Quality	Run MyPy Type Checker (Strict Mode)	2025-11-18T18:12:12.3940323Z src/agents/graph_query_agent.py:305:32: error: "GraphEntity" has no attribute
ğŸ” Code Quality	Run MyPy Type Checker (Strict Mode)	2025-11-18T18:12:12.3941723Z src/agents/graph_query_agent.py:307:34: error: "GraphEntity" has no attribute
ğŸ” Code Quality	Run MyPy Type Checker (Strict Mode)	2025-11-18T18:12:12.3942911Z src/agents/graph_query_agent.py:309:40: error: "GraphEntity" has no attribute
ğŸ” Code Quality	Run MyPy Type Checker (Strict Mode)	2025-11-18T18:12:12.3980127Z src/agents/checkpointer.py:103:46: error: Argument 1 to "list" of
ğŸ” Code Quality	Run MyPy Type Checker (Strict Mode)	2025-11-18T18:12:12.3982770Z src/agents/checkpointer.py:111:16: error: Incompatible return value type (got
ğŸ” Code Quality	Run MyPy Type Checker (Strict Mode)	2025-11-18T18:12:12.3984473Z src/agents/checkpointer.py:159:1: error: Function is missing a return type
ğŸ” Code Quality	Run MyPy Type Checker (Strict Mode)	2025-11-18T18:12:12.3985879Z src/agents/checkpointer.py:199:1: error: Function is missing a return type
ğŸ” Code Quality	Run MyPy Type Checker (Strict Mode)	2025-11-18T18:12:12.3987184Z src/agents/checkpointer.py:213:16: error: Call to untyped function
ğŸ” Code Quality	Run MyPy Type Checker (Strict Mode)	2025-11-18T18:12:12.3988783Z src/agents/checkpointer.py:221:28: error: Missing type parameters for generic
ğŸ” Code Quality	Run MyPy Type Checker (Strict Mode)	2025-11-18T18:12:12.3990058Z src/agents/checkpointer.py:230:5: error: Function is missing a return type
ğŸ” Code Quality	Run MyPy Type Checker (Strict Mode)	2025-11-18T18:12:12.3991962Z src/agents/checkpointer.py:265:20: error: Call to untyped function "from_url"
ğŸ” Code Quality	Run MyPy Type Checker (Strict Mode)	2025-11-18T18:12:12.4937550Z src/components/memory/graphiti_wrapper.py:78:5: error: Signature of
ğŸ” Code Quality	Run MyPy Type Checker (Strict Mode)	2025-11-18T18:12:12.4944031Z src/components/memory/graphiti_wrapper.py:308:29: error: Unexpected keyword
ğŸ” Code Quality	Run MyPy Type Checker (Strict Mode)	2025-11-18T18:12:12.4946515Z src/components/memory/graphiti_wrapper.py:308:29: error: Unexpected keyword
ğŸ” Code Quality	Run MyPy Type Checker (Strict Mode)	2025-11-18T18:12:12.4948134Z src/components/memory/graphiti_wrapper.py:308:29: error: Unexpected keyword
ğŸ” Code Quality	Run MyPy Type Checker (Strict Mode)	2025-11-18T18:12:12.4949713Z src/components/memory/graphiti_wrapper.py:311:24: error: Argument "source" to
ğŸ” Code Quality	Run MyPy Type Checker (Strict Mode)	2025-11-18T18:12:12.4951705Z src/components/memory/graphiti_wrapper.py:317:28: error: "AddEpisodeResults"
ğŸ” Code Quality	Run MyPy Type Checker (Strict Mode)	2025-11-18T18:12:12.4952980Z src/components/memory/graphiti_wrapper.py:320:36: error: "AddEpisodeResults"
ğŸ” Code Quality	Run MyPy Type Checker (Strict Mode)	2025-11-18T18:12:12.4954283Z src/components/memory/graphiti_wrapper.py:321:41: error: "AddEpisodeResults"
ğŸ” Code Quality	Run MyPy Type Checker (Strict Mode)	2025-11-18T18:12:12.4955784Z src/components/memory/graphiti_wrapper.py:325:31: error: "AddEpisodeResults"
ğŸ” Code Quality	Run MyPy Type Checker (Strict Mode)	2025-11-18T18:12:12.4957052Z src/components/memory/graphiti_wrapper.py:327:29: error: "AddEpisodeResults"
ğŸ” Code Quality	Run MyPy Type Checker (Strict Mode)	2025-11-18T18:12:12.4958310Z src/components/memory/graphiti_wrapper.py:328:34: error: "AddEpisodeResults"
ğŸ” Code Quality	Run MyPy Type Checker (Strict Mode)	2025-11-18T18:12:12.4959624Z src/components/memory/graphiti_wrapper.py:359:29: error: Unexpected keyword
ğŸ” Code Quality	Run MyPy Type Checker (Strict Mode)	2025-11-18T18:12:12.4961283Z src/components/memory/graphiti_wrapper.py:367:17: error: "SearchConfig" has no
ğŸ” Code Quality	Run MyPy Type Checker (Strict Mode)	2025-11-18T18:12:12.4962601Z src/components/memory/graphiti_wrapper.py:369:29: error: Unexpected keyword
ğŸ” Code Quality	Run MyPy Type Checker (Strict Mode)	2025-11-18T18:12:12.4964649Z src/components/memory/graphiti_wrapper.py:383:27: error: "EntityEdge" has no
ğŸ” Code Quality	Run MyPy Type Checker (Strict Mode)	2025-11-18T18:12:12.4965835Z src/components/memory/graphiti_wrapper.py:384:29: error: "EntityEdge" has no
ğŸ” Code Quality	Run MyPy Type Checker (Strict Mode)	2025-11-18T18:12:12.4967100Z src/components/memory/graphiti_wrapper.py:385:32: error: "EntityEdge" has no
ğŸ” Code Quality	Run MyPy Type Checker (Strict Mode)	2025-11-18T18:12:12.4968312Z src/components/memory/graphiti_wrapper.py:386:30: error: "EntityEdge" has no
ğŸ” Code Quality	Run MyPy Type Checker (Strict Mode)	2025-11-18T18:12:12.4969488Z src/components/memory/graphiti_wrapper.py:387:34: error: "EntityEdge" has no
ğŸ” Code Quality	Run MyPy Type Checker (Strict Mode)	2025-11-18T18:12:12.4970854Z src/components/memory/graphiti_wrapper.py:388:33: error: "EntityEdge" has no
ğŸ” Code Quality	Run MyPy Type Checker (Strict Mode)	2025-11-18T18:12:12.4972482Z src/components/memory/graphiti_wrapper.py:422:28: error: "Graphiti" has no
ğŸ” Code Quality	Run MyPy Type Checker (Strict Mode)	2025-11-18T18:12:12.4974166Z src/components/memory/graphiti_wrapper.py:475:26: error: "Graphiti" has no
ğŸ” Code Quality	Run MyPy Type Checker (Strict Mode)	2025-11-18T18:12:12.4975399Z src/components/memory/graphiti_wrapper.py:523:23: error: Call to untyped
ğŸ” Code Quality	Run MyPy Type Checker (Strict Mode)	2025-11-18T18:12:12.4976717Z src/components/temporal_memory/retention.py:14:1: error: Function is missing a
ğŸ” Code Quality	Run MyPy Type Checker (Strict Mode)	2025-11-18T18:12:12.4978691Z src/components/temporal_memory/retention.py:28:5: error: Incompatible types in
ğŸ” Code Quality	Run MyPy Type Checker (Strict Mode)	2025-11-18T18:12:12.4980098Z src/components/temporal_memory/retention.py:39:1: error: Function is missing a
ğŸ” Code Quality	Run MyPy Type Checker (Strict Mode)	2025-11-18T18:12:12.4982143Z src/components/temporal_memory/retention.py:49:15: error: Call to untyped
ğŸ” Code Quality	Run MyPy Type Checker (Strict Mode)	2025-11-18T18:12:12.5095299Z src/components/memory/memory_router.py:429:13: error: Dict entry 1 has
ğŸ” Code Quality	Run MyPy Type Checker (Strict Mode)	2025-11-18T18:12:12.5287691Z src/components/memory/enhanced_router.py:175:9: error: Need type annotation for
ğŸ” Code Quality	Run MyPy Type Checker (Strict Mode)	2025-11-18T18:12:12.5290682Z src/components/memory/enhanced_router.py:188:29: error: Generator has
ğŸ” Code Quality	Run MyPy Type Checker (Strict Mode)	2025-11-18T18:12:12.5292488Z src/components/memory/enhanced_router.py:188:33: error: Argument 1 to "len" has
ğŸ” Code Quality	Run MyPy Type Checker (Strict Mode)	2025-11-18T18:12:12.5294540Z src/components/memory/enhanced_router.py:200:19: error: Missing positional
ğŸ” Code Quality	Run MyPy Type Checker (Strict Mode)	2025-11-18T18:12:12.5296084Z src/components/memory/enhanced_router.py:202:16: error: Incompatible return
ğŸ” Code Quality	Run MyPy Type Checker (Strict Mode)	2025-11-18T18:12:12.5297852Z src/components/memory/enhanced_router.py:481:34: error: Dict entry 0 has
ğŸ” Code Quality	Run MyPy Type Checker (Strict Mode)	2025-11-18T18:12:12.5299403Z src/components/memory/enhanced_router.py:483:34: error: Dict entry 0 has
ğŸ” Code Quality	Run MyPy Type Checker (Strict Mode)	2025-11-18T18:12:12.5553148Z src/components/memory/consolidation.py:17:1: error: Skipping analyzing
ğŸ” Code Quality	Run MyPy Type Checker (Strict Mode)	2025-11-18T18:12:12.5557153Z src/components/memory/consolidation.py:64:9: error: Returning Any from function
ğŸ” Code Quality	Run MyPy Type Checker (Strict Mode)	2025-11-18T18:12:12.5559251Z src/components/memory/consolidation.py:233:19: error: Missing positional
ğŸ” Code Quality	Run MyPy Type Checker (Strict Mode)	2025-11-18T18:12:12.5561930Z src/components/memory/consolidation.py:296:9: error: Need type annotation for
ğŸ” Code Quality	Run MyPy Type Checker (Strict Mode)	2025-11-18T18:12:12.5563451Z src/components/memory/consolidation.py:297:9: error: Need type annotation for
ğŸ” Code Quality	Run MyPy Type Checker (Strict Mode)	2025-11-18T18:12:12.5565214Z src/components/memory/consolidation.py:449:19: error: Missing positional
ğŸ” Code Quality	Run MyPy Type Checker (Strict Mode)	2025-11-18T18:12:12.5566926Z src/components/memory/consolidation.py:580:19: error: Missing positional
ğŸ” Code Quality	Run MyPy Type Checker (Strict Mode)	2025-11-18T18:12:12.5568870Z src/components/memory/consolidation.py:598:19: error: Need type annotation for
ğŸ” Code Quality	Run MyPy Type Checker (Strict Mode)	2025-11-18T18:12:12.5570126Z src/components/memory/consolidation.py:607:51: error: Incompatible types in
ğŸ” Code Quality	Run MyPy Type Checker (Strict Mode)	2025-11-18T18:12:12.5572340Z src/components/memory/consolidation.py:610:51: error: Incompatible types in
ğŸ” Code Quality	Run MyPy Type Checker (Strict Mode)	2025-11-18T18:12:12.5574827Z src/components/memory/consolidation.py:619:21: error: Item "str" of
ğŸ” Code Quality	Run MyPy Type Checker (Strict Mode)	2025-11-18T18:12:12.5576213Z src/components/memory/consolidation.py:619:21: error: Item "None" of
ğŸ” Code Quality	Run MyPy Type Checker (Strict Mode)	2025-11-18T18:12:12.5577880Z src/components/memory/consolidation.py:628:21: error: Item "str" of
ğŸ” Code Quality	Run MyPy Type Checker (Strict Mode)	2025-11-18T18:12:12.5579265Z src/components/memory/consolidation.py:628:21: error: Item "None" of
ğŸ” Code Quality	Run MyPy Type Checker (Strict Mode)	2025-11-18T18:12:12.5580749Z src/components/memory/consolidation.py:637:41: error: Argument 1 to "len" has
ğŸ” Code Quality	Run MyPy Type Checker (Strict Mode)	2025-11-18T18:12:12.5582350Z src/components/memory/consolidation.py:694:47: error: Missing type parameters
ğŸ” Code Quality	Run MyPy Type Checker (Strict Mode)	2025-11-18T18:12:12.5583730Z src/components/memory/consolidation.py:706:16: error: Incompatible return value
ğŸ” Code Quality	Run MyPy Type Checker (Strict Mode)	2025-11-18T18:12:12.5694962Z src/components/memory/unified_api.py:222:40: error: Incompatible types in
ğŸ” Code Quality	Run MyPy Type Checker (Strict Mode)	2025-11-18T18:12:12.5698824Z src/components/memory/unified_api.py:223:47: error: Argument 1 to "list" has
ğŸ” Code Quality	Run MyPy Type Checker (Strict Mode)	2025-11-18T18:12:12.5701265Z src/components/memory/unified_api.py:224:32: error: Incompatible types in
ğŸ” Code Quality	Run MyPy Type Checker (Strict Mode)	2025-11-18T18:12:12.5703046Z src/components/memory/unified_api.py:225:43: error: Argument 1 to "round" has
ğŸ” Code Quality	Run MyPy Type Checker (Strict Mode)	2025-11-18T18:12:12.5708933Z src/components/memory/unified_api.py:499:50: error: Dict entry 1 has
ğŸ” Code Quality	Run MyPy Type Checker (Strict Mode)	2025-11-18T18:12:12.5710329Z src/components/memory/unified_api.py:502:46: error: Dict entry 1 has
ğŸ” Code Quality	Run MyPy Type Checker (Strict Mode)	2025-11-18T18:12:12.5827123Z src/agents/memory_agent.py:22:5: error: Name "MemoryRouter" already defined
ğŸ” Code Quality	Run MyPy Type Checker (Strict Mode)	2025-11-18T18:12:12.5829399Z src/agents/memory_agent.py:28:21: error: Missing type parameters for generic
ğŸ” Code Quality	Run MyPy Type Checker (Strict Mode)	2025-11-18T18:12:12.5831609Z src/agents/memory_agent.py:34:5: error: All conditional function variants must
ğŸ” Code Quality	Run MyPy Type Checker (Strict Mode)	2025-11-18T18:12:12.6105166Z src/components/ingestion/langgraph_pipeline.py:122:1: error: Function is
ğŸ” Code Quality	Run MyPy Type Checker (Strict Mode)	2025-11-18T18:12:12.6109391Z src/components/ingestion/langgraph_pipeline.py:154:77: error: Missing type
ğŸ” Code Quality	Run MyPy Type Checker (Strict Mode)	2025-11-18T18:12:12.6112153Z src/components/ingestion/langgraph_pipeline.py:225:12: error: Incompatible
ğŸ” Code Quality	Run MyPy Type Checker (Strict Mode)	2025-11-18T18:12:12.6114336Z src/components/ingestion/langgraph_pipeline.py:329:25: error:
ğŸ” Code Quality	Run MyPy Type Checker (Strict Mode)	2025-11-18T18:12:12.6116049Z src/components/ingestion/langgraph_pipeline.py:340:5: error: Returning Any from
ğŸ” Code Quality	Run MyPy Type Checker (Strict Mode)	2025-11-18T18:12:12.6117448Z src/components/ingestion/langgraph_pipeline.py:343:1: error: Function is
ğŸ” Code Quality	Run MyPy Type Checker (Strict Mode)	2025-11-18T18:12:12.6118740Z src/components/ingestion/langgraph_pipeline.py:446:24: error:
ğŸ” Code Quality	Run MyPy Type Checker (Strict Mode)	2025-11-18T18:12:12.6120505Z src/components/ingestion/langgraph_pipeline.py:477:1: error: Function is
ğŸ” Code Quality	Run MyPy Type Checker (Strict Mode)	2025-11-18T18:12:12.6416917Z src/agents/state.py:65:5: error: Right hand side values are not supported in
ğŸ” Code Quality	Run MyPy Type Checker (Strict Mode)	2025-11-18T18:12:12.6419874Z src/agents/state.py:66:5: error: Right hand side values are not supported in
ğŸ” Code Quality	Run MyPy Type Checker (Strict Mode)	2025-11-18T18:12:12.6421815Z src/agents/state.py:70:5: error: Right hand side values are not supported in
ğŸ” Code Quality	Run MyPy Type Checker (Strict Mode)	2025-11-18T18:12:12.6423653Z src/agents/state.py:74:5: error: Right hand side values are not supported in
ğŸ” Code Quality	Run MyPy Type Checker (Strict Mode)	2025-11-18T18:12:12.6425197Z src/agents/state.py:78:5: error: Right hand side values are not supported in
ğŸ” Code Quality	Run MyPy Type Checker (Strict Mode)	2025-11-18T18:12:12.6426450Z src/agents/state.py:82:5: error: Right hand side values are not supported in
ğŸ” Code Quality	Run MyPy Type Checker (Strict Mode)	2025-11-18T18:12:12.6427683Z src/agents/state.py:86:5: error: Right hand side values are not supported in
ğŸ” Code Quality	Run MyPy Type Checker (Strict Mode)	2025-11-18T18:12:12.6581014Z src/agents/action_agent.py:71:31: error: Missing type parameters for generic
ğŸ” Code Quality	Run MyPy Type Checker (Strict Mode)	2025-11-18T18:12:12.6583579Z src/agents/action_agent.py:90:16: error: Incompatible return value type (got
ğŸ” Code Quality	Run MyPy Type Checker (Strict Mode)	2025-11-18T18:12:12.6586258Z src/agents/action_agent.py:218:33: error:
ğŸ” Code Quality	Run MyPy Type Checker (Strict Mode)	2025-11-18T18:12:12.6745914Z src/components/profiling/conversation_archiver.py:82:37: error: "QdrantClient"
ğŸ” Code Quality	Run MyPy Type Checker (Strict Mode)	2025-11-18T18:12:12.6750080Z src/components/profiling/conversation_archiver.py:93:13: error: Incompatible
ğŸ” Code Quality	Run MyPy Type Checker (Strict Mode)	2025-11-18T18:12:12.6752335Z src/components/profiling/conversation_archiver.py:93:19: error: Missing
ğŸ” Code Quality	Run MyPy Type Checker (Strict Mode)	2025-11-18T18:12:12.6754522Z src/components/profiling/conversation_archiver.py:112:19: error: Missing
ğŸ” Code Quality	Run MyPy Type Checker (Strict Mode)	2025-11-18T18:12:12.6756559Z src/components/profiling/conversation_archiver.py:144:23: error: Missing
ğŸ” Code Quality	Run MyPy Type Checker (Strict Mode)	2025-11-18T18:12:12.6758320Z src/components/profiling/conversation_archiver.py:152:23: error: Missing
ğŸ” Code Quality	Run MyPy Type Checker (Strict Mode)	2025-11-18T18:12:12.6760025Z src/components/profiling/conversation_archiver.py:164:75: error:
ğŸ” Code Quality	Run MyPy Type Checker (Strict Mode)	2025-11-18T18:12:12.6761956Z src/components/profiling/conversation_archiver.py:165:40: error:
ğŸ” Code Quality	Run MyPy Type Checker (Strict Mode)	2025-11-18T18:12:12.6763542Z src/components/profiling/conversation_archiver.py:188:19: error: "QdrantClient"
ğŸ” Code Quality	Run MyPy Type Checker (Strict Mode)	2025-11-18T18:12:12.6765140Z src/components/profiling/conversation_archiver.py:210:19: error: Missing
ğŸ” Code Quality	Run MyPy Type Checker (Strict Mode)	2025-11-18T18:12:12.6766755Z src/components/profiling/conversation_archiver.py:247:40: error: Argument
ğŸ” Code Quality	Run MyPy Type Checker (Strict Mode)	2025-11-18T18:12:12.6771619Z src/components/profiling/conversation_archiver.py:250:30: error: Incompatible
ğŸ” Code Quality	Run MyPy Type Checker (Strict Mode)	2025-11-18T18:12:12.6773232Z src/components/profiling/conversation_archiver.py:291:47: error:
ğŸ” Code Quality	Run MyPy Type Checker (Strict Mode)	2025-11-18T18:12:12.6774813Z src/components/profiling/conversation_archiver.py:296:19: error: Missing
ğŸ” Code Quality	Run MyPy Type Checker (Strict Mode)	2025-11-18T18:12:12.6776439Z src/components/profiling/conversation_archiver.py:329:40: error:
ğŸ” Code Quality	Run MyPy Type Checker (Strict Mode)	2025-11-18T18:12:12.7305613Z src/api/v1/memory.py:643:41: error: "Neo4jClient" has no attribute
ğŸ” Code Quality	Run MyPy Type Checker (Strict Mode)	2025-11-18T18:12:12.7308772Z src/api/v1/memory.py:663:43: error: Incompatible types in assignment
ğŸ” Code Quality	Run MyPy Type Checker (Strict Mode)	2025-11-18T18:12:12.7311046Z src/api/v1/memory.py:665:38: error: Incompatible types in assignment
ğŸ” Code Quality	Run MyPy Type Checker (Strict Mode)	2025-11-18T18:12:12.7517830Z src/api/v1/admin.py:82:19: error: Missing positional argument "reason" in call
ğŸ” Code Quality	Run MyPy Type Checker (Strict Mode)	2025-11-18T18:12:12.7521165Z src/api/v1/admin.py:88:19: error: Missing positional argument "reason" in call
ğŸ” Code Quality	Run MyPy Type Checker (Strict Mode)	2025-11-18T18:12:12.7523360Z src/api/v1/admin.py:98:13: error: Incompatible types in "await" (actual type
ğŸ” Code Quality	Run MyPy Type Checker (Strict Mode)	2025-11-18T18:12:12.7525359Z src/api/v1/admin.py:103:13: error: Incompatible types in "await" (actual type
ğŸ” Code Quality	Run MyPy Type Checker (Strict Mode)	2025-11-18T18:12:12.7526761Z src/api/v1/admin.py:103:19: error: Missing positional argument "vectors_config"
ğŸ” Code Quality	Run MyPy Type Checker (Strict Mode)	2025-11-18T18:12:12.7528239Z src/api/v1/admin.py:176:27: error: Missing positional argument "reason" in call
ğŸ” Code Quality	Run MyPy Type Checker (Strict Mode)	2025-11-18T18:12:12.7529832Z src/api/v1/admin.py:227:37: error: "QdrantClient" has no attribute
ğŸ” Code Quality	Run MyPy Type Checker (Strict Mode)	2025-11-18T18:12:12.7532006Z src/api/v1/admin.py:234:23: error: Missing positional argument "reason" in call
ğŸ” Code Quality	Run MyPy Type Checker (Strict Mode)	2025-11-18T18:12:12.7533546Z src/api/v1/admin.py:435:31: error: Incompatible types in "await" (actual type
ğŸ” Code Quality	Run MyPy Type Checker (Strict Mode)	2025-11-18T18:12:12.7535668Z src/api/v1/admin.py:448:1: error: Skipping analyzing
ğŸ” Code Quality	Run MyPy Type Checker (Strict Mode)	2025-11-18T18:12:12.7546670Z src/api/v1/admin.py:476:37: error: "LightRAGClient" has no attribute
ğŸ” Code Quality	Run MyPy Type Checker (Strict Mode)	2025-11-18T18:12:12.7548050Z src/api/v1/admin.py:482:38: error: "LightRAGClient" has no attribute
ğŸ” Code Quality	Run MyPy Type Checker (Strict Mode)	2025-11-18T18:12:12.7549394Z src/api/v1/admin.py:488:35: error: "LightRAGClient" has no attribute
ğŸ” Code Quality	Run MyPy Type Checker (Strict Mode)	2025-11-18T18:12:12.7982060Z src/api/v1/retrieval.py:445:22: error: Argument 1 to "Path" has incompatible
ğŸ” Code Quality	Run MyPy Type Checker (Strict Mode)	2025-11-18T18:12:12.7984424Z src/api/v1/retrieval.py:457:22: error: Argument "filename" to
ğŸ” Code Quality	Run MyPy Type Checker (Strict Mode)	2025-11-18T18:12:12.7986703Z src/api/v1/retrieval.py:476:25: error: Unsupported operand types for / ("Path"
ğŸ” Code Quality	Run MyPy Type Checker (Strict Mode)	2025-11-18T18:12:12.7989042Z src/api/v1/retrieval.py:543:1: error: Function is missing a return type
ğŸ” Code Quality	Run MyPy Type Checker (Strict Mode)	2025-11-18T18:12:12.7991105Z src/api/v1/retrieval.py:601:1: error: Function is missing a return type
ğŸ” Code Quality	Run MyPy Type Checker (Strict Mode)	2025-11-18T18:12:12.7992556Z src/api/v1/retrieval.py:643:1: error: Function is missing a return type
ğŸ” Code Quality	Run MyPy Type Checker (Strict Mode)	2025-11-18T18:12:12.7993715Z src/api/v1/retrieval.py:694:1: error: Function is missing a return type
ğŸ” Code Quality	Run MyPy Type Checker (Strict Mode)	2025-11-18T18:12:12.8255172Z src/agents/graph.py:128:28: error: Missing type parameters for generic type
ğŸ” Code Quality	Run MyPy Type Checker (Strict Mode)	2025-11-18T18:12:12.8257523Z src/agents/graph.py:150:5: error: Value of type variable "NodeInputT" of
ğŸ” Code Quality	Run MyPy Type Checker (Strict Mode)	2025-11-18T18:12:12.8259448Z src/agents/graph.py:153:5: error: Value of type variable "NodeInputT" of
ğŸ” Code Quality	Run MyPy Type Checker (Strict Mode)	2025-11-18T18:12:12.8261672Z src/agents/graph.py:156:5: error: Value of type variable "NodeInputT" of
ğŸ” Code Quality	Run MyPy Type Checker (Strict Mode)	2025-11-18T18:12:12.8263618Z src/agents/graph.py:159:5: error: Value of type variable "NodeInputT" of
ğŸ” Code Quality	Run MyPy Type Checker (Strict Mode)	2025-11-18T18:12:12.8265450Z src/agents/graph.py:162:5: error: Value of type variable "NodeInputT" of
ğŸ” Code Quality	Run MyPy Type Checker (Strict Mode)	2025-11-18T18:12:12.8267292Z src/agents/graph.py:279:5: error: Returning Any from function declared to
ğŸ” Code Quality	Run MyPy Type Checker (Strict Mode)	2025-11-18T18:12:12.8333468Z src/agents/coordinator.py:167:13: error: Returning Any from function declared
ğŸ” Code Quality	Run MyPy Type Checker (Strict Mode)	2025-11-18T18:12:12.9192050Z src/api/v1/chat.py:89:39: error: "type[datetime]" has no attribute "UTC" 
ğŸ” Code Quality	Run MyPy Type Checker (Strict Mode)	2025-11-18T18:12:12.9194291Z src/api/v1/chat.py:96:43: error: "type[datetime]" has no attribute "UTC" 
ğŸ” Code Quality	Run MyPy Type Checker (Strict Mode)	2025-11-18T18:12:12.9196359Z src/api/v1/chat.py:104:43: error: "type[datetime]" has no attribute "UTC" 
ğŸ” Code Quality	Run MyPy Type Checker (Strict Mode)	2025-11-18T18:12:12.9198069Z src/api/v1/chat.py:114:40: error: "type[datetime]" has no attribute "UTC" 
ğŸ” Code Quality	Run MyPy Type Checker (Strict Mode)	2025-11-18T18:12:12.9199561Z src/api/v1/chat.py:813:34: error: "CoordinatorAgent" has no attribute "llm" 
ğŸ” Code Quality	Run MyPy Type Checker (Strict Mode)	2025-11-18T18:12:12.9201189Z src/api/v1/chat.py:948:9: error: Returning Any from function declared to return
ğŸ” Code Quality	Run MyPy Type Checker (Strict Mode)	2025-11-18T18:12:12.9202579Z src/api/v1/chat.py:956:13: error: Returning Any from function declared to
ğŸ” Code Quality	Run MyPy Type Checker (Strict Mode)	2025-11-18T18:12:12.9204082Z src/api/v1/chat.py:959:13: error: Returning Any from function declared to
ğŸ” Code Quality	Run MyPy Type Checker (Strict Mode)	2025-11-18T18:12:12.9205412Z src/api/v1/chat.py:964:9: error: Returning Any from function declared to return
ğŸ” Code Quality	Run MyPy Type Checker (Strict Mode)	2025-11-18T18:12:12.9206704Z src/api/v1/chat.py:988:22: error: Value of type "Any | None" is not indexable 
ğŸ” Code Quality	Run MyPy Type Checker (Strict Mode)	2025-11-18T18:12:12.9208116Z src/api/v1/chat.py:1053:25: error: "type[datetime]" has no attribute "UTC" 
ğŸ” Code Quality	Run MyPy Type Checker (Strict Mode)	2025-11-18T18:12:12.9264889Z src/api/main.py:146:15: error: "close" of "QdrantClient" does not return a
ğŸ” Code Quality	Run MyPy Type Checker (Strict Mode)	2025-11-18T18:12:12.9267586Z src/api/main.py:203:46: error: Argument 2 to "add_exception_handler" of
ğŸ” Code Quality	Run MyPy Type Checker (Strict Mode)	2025-11-18T18:12:12.9271666Z src/api/main.py:204:51: error: Argument 2 to "add_exception_handler" of
ğŸ” Code Quality	Run MyPy Type Checker (Strict Mode)	2025-11-18T18:12:12.9274664Z src/api/main.py:205:51: error: Argument 2 to "add_exception_handler" of
ğŸ” Code Quality	Run MyPy Type Checker (Strict Mode)	2025-11-18T18:12:12.9277691Z src/api/main.py:217:1: error: Function is missing a return type annotation 
ğŸ” Code Quality	Run MyPy Type Checker (Strict Mode)	2025-11-18T18:12:12.9278817Z src/api/main.py:217:1: error: Function is missing a type annotation for one or
ğŸ­ Frontend E2E Tests	Start Backend Server	2025-11-18T18:12:25.7096632Z 	details = "failed to connect to all addresses; last error: UNKNOWN: ipv4:127.0.0.1:6334: Failed to connect to remote host: connect: Connection refused (111)"
ğŸ­ Frontend E2E Tests	Start Backend Server	2025-11-18T18:12:25.7099046Z 	debug_error_string = "UNKNOWN:Error received from peer  {grpc_status:14, grpc_message:"failed to connect to all addresses; last error: UNKNOWN: ipv4:127.0.0.1:6334: Failed to connect to remote host: connect: Connection refused (111)"}"
